Log file open, 08/29/18 19:22:02
LogWindows: Failed to load 'aqProf.dll' (GetLastError=126)
LogWindows: File 'aqProf.dll' does not exist
LogWindows: Failed to load 'VtuneApi.dll' (GetLastError=126)
LogWindows: File 'VtuneApi.dll' does not exist
LogWindows: Failed to load 'VtuneApi32e.dll' (GetLastError=126)
LogWindows: File 'VtuneApi32e.dll' does not exist
LogInit: Display: Running engine for game: Lin_Pan_AP_ass2
LogPlatformFile: Not using cached read wrapper
LogInit: Display: RandInit(602163167) SRandInit(602163167).
LogInit: Read version file with build ID '3944462'
LogInit: Overriding engine version to CL 4033788, compatible CL 3944462
LogInit: Registered custom module enumerator with build ID '3944462'
LogTaskGraph: Started task graph with 5 named threads and 23 total threads with 3 sets of task threads.
LogStats: Stats thread started at 0.283637
LogD3D11RHI: Aftermath initialized
LogICUInternationalization: Display: ICU TimeZone Detection - Raw Offset: -7:00, Platform Override: ''
LogModuleManager: Display: Found up-to-date module file ../../../Engine/Plugins/2D/Paper2D/Binaries/Win64/UE4Editor-Paper2D.dll (API version 3944462).
LogModuleManager: Display: Found up-to-date module file ../../../Engine/Plugins/2D/Paper2D/Binaries/Win64/UE4Editor-Paper2DEditor.dll (API version 3944462).
LogModuleManager: Display: Found up-to-date module file ../../../Engine/Plugins/2D/Paper2D/Binaries/Win64/UE4Editor-PaperSpriteSheetImporter.dll (API version 3944462).
LogModuleManager: Display: Found up-to-date module file ../../../Engine/Plugins/2D/Paper2D/Binaries/Win64/UE4Editor-PaperTiledImporter.dll (API version 3944462).
LogModuleManager: Display: Found up-to-date module file ../../../Engine/Plugins/2D/Paper2D/Binaries/Win64/UE4Editor-SmartSnapping.dll (API version 3944462).
LogModuleManager: Display: Found up-to-date module file ../../../Engine/Plugins/Blendables/LightPropagationVolume/Binaries/Win64/UE4Editor-LightPropagationVolumeRuntime.dll (API version 3944462).
LogModuleManager: Display: Found up-to-date module file ../../../Engine/Plugins/Blendables/LightPropagationVolume/Binaries/Win64/UE4Editor-LightPropagationVolumeEditor.dll (API version 3944462).
LogModuleManager: Display: Found up-to-date module file ../../../Engine/Plugins/Developer/CLionSourceCodeAccess/Binaries/Win64/UE4Editor-CLionSourceCodeAccess.dll (API version 3944462).
LogModuleManager: Display: Found up-to-date module file ../../../Engine/Plugins/Developer/GitSourceControl/Binaries/Win64/UE4Editor-GitSourceControl.dll (API version 3944462).
LogModuleManager: Display: Found up-to-date module file ../../../Engine/Plugins/Developer/PerforceSourceControl/Binaries/Win64/UE4Editor-PerforceSourceControl.dll (API version 3944462).
LogModuleManager: Display: Found up-to-date module file ../../../Engine/Plugins/Developer/SubversionSourceControl/Binaries/Win64/UE4Editor-SubversionSourceControl.dll (API version 3944462).
LogModuleManager: Display: Found up-to-date module file ../../../Engine/Plugins/Developer/UObjectPlugin/Binaries/Win64/UE4Editor-UObjectPlugin.dll (API version 3944462).
LogModuleManager: Display: Found up-to-date module file ../../../Engine/Plugins/Developer/VisualStudioCodeSourceCodeAccess/Binaries/Win64/UE4Editor-VisualStudioCodeSourceCodeAccess.dll (API version 3944462).
LogModuleManager: Display: Found up-to-date module file ../../../Engine/Plugins/Developer/VisualStudioSourceCodeAccess/Binaries/Win64/UE4Editor-VisualStudioSourceCodeAccess.dll (API version 3944462).
LogModuleManager: Display: Found up-to-date module file ../../../Engine/Plugins/Editor/AssetManagerEditor/Binaries/Win64/UE4Editor-AssetManagerEditor.dll (API version 3944462).
LogModuleManager: Display: Found up-to-date module file ../../../Engine/Plugins/Editor/CryptoKeys/Binaries/Win64/UE4Editor-CryptoKeys.dll (API version 3944462).
LogModuleManager: Display: Found up-to-date module file ../../../Engine/Plugins/Editor/CryptoKeys/Binaries/Win64/UE4Editor-CryptoKeysOpenSSL.dll (API version 3944462).
LogModuleManager: Display: Found up-to-date module file ../../../Engine/Plugins/Editor/DataValidation/Binaries/Win64/UE4Editor-DataValidation.dll (API version 3944462).
LogModuleManager: Display: Found up-to-date module file ../../../Engine/Plugins/Editor/FacialAnimation/Binaries/Win64/UE4Editor-FacialAnimation.dll (API version 3944462).
LogModuleManager: Display: Found up-to-date module file ../../../Engine/Plugins/Editor/FacialAnimation/Binaries/Win64/UE4Editor-FacialAnimationEditor.dll (API version 3944462).
LogModuleManager: Display: Found up-to-date module file ../../../Engine/Plugins/Editor/GameplayTagsEditor/Binaries/Win64/UE4Editor-GameplayTagsEditor.dll (API version 3944462).
LogModuleManager: Display: Found up-to-date module file ../../../Engine/Plugins/Editor/MobileLauncherProfileWizard/Binaries/Win64/UE4Editor-MobileLauncherProfileWizard.dll (API version 3944462).
LogModuleManager: Display: Found up-to-date module file ../../../Engine/Plugins/Editor/PluginBrowser/Binaries/Win64/UE4Editor-PluginBrowser.dll (API version 3944462).
LogModuleManager: Display: Found up-to-date module file ../../../Engine/Plugins/Editor/SpeedTreeImporter/Binaries/Win64/UE4Editor-SpeedTreeImporter.dll (API version 3944462).
LogModuleManager: Display: Found up-to-date module file ../../../Engine/Plugins/Enterprise/DatasmithContent/Binaries/Win64/UE4Editor-DatasmithContent.dll (API version 3944462).
LogModuleManager: Display: Found up-to-date module file ../../../Engine/Plugins/Experimental/AlembicImporter/Binaries/Win64/UE4Editor-AlembicImporter.dll (API version 3944462).
LogModuleManager: Display: Found up-to-date module file ../../../Engine/Plugins/Experimental/AlembicImporter/Binaries/Win64/UE4Editor-AlembicLibrary.dll (API version 3944462).
LogModuleManager: Display: Found up-to-date module file ../../../Engine/Plugins/Experimental/CharacterAI/Binaries/Win64/UE4Editor-CharacterAI.dll (API version 3944462).
LogModuleManager: Display: Found up-to-date module file ../../../Engine/Plugins/Experimental/HTML5Networking/Binaries/Win64/UE4Editor-HTML5Networking.dll (API version 3944462).
LogModuleManager: Display: Found up-to-date module file ../../../Engine/Plugins/Media/AndroidMedia/Binaries/Win64/UE4Editor-AndroidMediaEditor.dll (API version 3944462).
LogModuleManager: Display: Found up-to-date module file ../../../Engine/Plugins/Media/AndroidMedia/Binaries/Win64/UE4Editor-AndroidMediaFactory.dll (API version 3944462).
LogModuleManager: Display: Found up-to-date module file ../../../Engine/Plugins/Media/AvfMedia/Binaries/Win64/UE4Editor-AvfMediaEditor.dll (API version 3944462).
LogModuleManager: Display: Found up-to-date module file ../../../Engine/Plugins/Media/AvfMedia/Binaries/Win64/UE4Editor-AvfMediaFactory.dll (API version 3944462).
LogModuleManager: Display: Found up-to-date module file ../../../Engine/Plugins/Media/AvfMedia/Binaries/Win64/UE4Editor-AvfMediaFactory.dll (API version 3944462).
LogModuleManager: Display: Found up-to-date module file ../../../Engine/Plugins/Media/ImgMedia/Binaries/Win64/UE4Editor-ImgMedia.dll (API version 3944462).
LogModuleManager: Display: Found up-to-date module file ../../../Engine/Plugins/Media/ImgMedia/Binaries/Win64/UE4Editor-ImgMediaEditor.dll (API version 3944462).
LogModuleManager: Display: Found up-to-date module file ../../../Engine/Plugins/Media/ImgMedia/Binaries/Win64/UE4Editor-ImgMediaFactory.dll (API version 3944462).
LogModuleManager: Display: Found up-to-date module file ../../../Engine/Plugins/Media/ImgMedia/Binaries/Win64/UE4Editor-ImgMediaFactory.dll (API version 3944462).
LogModuleManager: Display: Found up-to-date module file ../../../Engine/Plugins/Media/ImgMedia/Binaries/Win64/UE4Editor-OpenExrWrapper.dll (API version 3944462).
LogModuleManager: Display: Found up-to-date module file ../../../Engine/Plugins/Media/LinearTimecode/Binaries/Win64/UE4Editor-LinearTimecode.dll (API version 3944462).
LogModuleManager: Display: Found up-to-date module file ../../../Engine/Plugins/Media/MediaCompositing/Binaries/Win64/UE4Editor-MediaCompositing.dll (API version 3944462).
LogModuleManager: Display: Found up-to-date module file ../../../Engine/Plugins/Media/MediaCompositing/Binaries/Win64/UE4Editor-MediaCompositingEditor.dll (API version 3944462).
LogModuleManager: Display: Found up-to-date module file ../../../Engine/Plugins/Media/MediaPlayerEditor/Binaries/Win64/UE4Editor-MediaPlayerEditor.dll (API version 3944462).
LogModuleManager: Display: Found up-to-date module file ../../../Engine/Plugins/Media/WmfMedia/Binaries/Win64/UE4Editor-WmfMedia.dll (API version 3944462).
LogModuleManager: Display: Found up-to-date module file ../../../Engine/Plugins/Media/WmfMedia/Binaries/Win64/UE4Editor-WmfMediaEditor.dll (API version 3944462).
LogModuleManager: Display: Found up-to-date module file ../../../Engine/Plugins/Media/WmfMedia/Binaries/Win64/UE4Editor-WmfMediaFactory.dll (API version 3944462).
LogModuleManager: Display: Found up-to-date module file ../../../Engine/Plugins/Media/WmfMedia/Binaries/Win64/UE4Editor-WmfMediaFactory.dll (API version 3944462).
LogModuleManager: Display: Found up-to-date module file ../../../Engine/Plugins/Messaging/TcpMessaging/Binaries/Win64/UE4Editor-TcpMessaging.dll (API version 3944462).
LogModuleManager: Display: Found up-to-date module file ../../../Engine/Plugins/Messaging/UdpMessaging/Binaries/Win64/UE4Editor-UdpMessaging.dll (API version 3944462).
LogModuleManager: Display: Found up-to-date module file ../../../Engine/Plugins/MovieScene/ActorSequence/Binaries/Win64/UE4Editor-ActorSequence.dll (API version 3944462).
LogModuleManager: Display: Found up-to-date module file ../../../Engine/Plugins/MovieScene/LevelSequenceEditor/Binaries/Win64/UE4Editor-LevelSequenceEditor.dll (API version 3944462).
LogModuleManager: Display: Found up-to-date module file ../../../Engine/Plugins/MovieScene/MatineeToLevelSequence/Binaries/Win64/UE4Editor-MatineeToLevelSequence.dll (API version 3944462).
LogModuleManager: Display: Found up-to-date module file ../../../Engine/Plugins/NetcodeUnitTest/NetcodeUnitTest/Binaries/Win64/UE4Editor-NetcodeUnitTest.dll (API version 3944462).
LogModuleManager: Display: Found up-to-date module file ../../../Engine/Plugins/NetcodeUnitTest/NUTUnrealEngine4/Binaries/Win64/UE4Editor-NUTUnrealEngine4.dll (API version 3944462).
LogModuleManager: Display: Found up-to-date module file ../../../Engine/Plugins/Online/OnlineSubsystem/Binaries/Win64/UE4Editor-OnlineSubsystem.dll (API version 3944462).
LogModuleManager: Display: Found up-to-date module file ../../../Engine/Plugins/Runtime/AndroidPermission/Binaries/Win64/UE4Editor-AndroidPermission.dll (API version 3944462).
LogModuleManager: Display: Found up-to-date module file ../../../Engine/Plugins/Online/OnlineSubsystemNull/Binaries/Win64/UE4Editor-OnlineSubsystemNull.dll (API version 3944462).
LogModuleManager: Display: Found up-to-date module file ../../../Engine/Plugins/Online/OnlineSubsystemUtils/Binaries/Win64/UE4Editor-OnlineSubsystemUtils.dll (API version 3944462).
LogModuleManager: Display: Found up-to-date module file ../../../Engine/Plugins/Online/OnlineSubsystemUtils/Binaries/Win64/UE4Editor-OnlineBlueprintSupport.dll (API version 3944462).
LogModuleManager: Display: Found up-to-date module file ../../../Engine/Plugins/Runtime/AndroidDeviceProfileSelector/Binaries/Win64/UE4Editor-AndroidDeviceProfileSelector.dll (API version 3944462).
LogModuleManager: Display: Found up-to-date module file ../../../Engine/Plugins/Runtime/AppleARKit/Binaries/Win64/UE4Editor-AppleARKit.dll (API version 3944462).
LogModuleManager: Display: Found up-to-date module file ../../../Engine/Plugins/Runtime/ProceduralMeshComponent/Binaries/Win64/UE4Editor-ProceduralMeshComponent.dll (API version 3944462).
LogModuleManager: Display: Found up-to-date module file ../../../Engine/Plugins/Runtime/ProceduralMeshComponent/Binaries/Win64/UE4Editor-ProceduralMeshComponentEditor.dll (API version 3944462).
LogModuleManager: Display: Found up-to-date module file ../../../Engine/Plugins/Animation/LiveLink/Binaries/Win64/UE4Editor-LiveLink.dll (API version 3944462).
LogModuleManager: Display: Found up-to-date module file ../../../Engine/Plugins/Animation/LiveLink/Binaries/Win64/UE4Editor-LiveLinkEditor.dll (API version 3944462).
LogModuleManager: Display: Found up-to-date module file ../../../Engine/Plugins/Runtime/ArchVisCharacter/Binaries/Win64/UE4Editor-ArchVisCharacter.dll (API version 3944462).
LogModuleManager: Display: Found up-to-date module file ../../../Engine/Plugins/Runtime/AudioCapture/Binaries/Win64/UE4Editor-AudioCapture.dll (API version 3944462).
LogModuleManager: Display: Found up-to-date module file ../../../Engine/Plugins/Runtime/AudioCapture/Binaries/Win64/UE4Editor-AudioCaptureEditor.dll (API version 3944462).
LogModuleManager: Display: Found up-to-date module file ../../../Engine/Plugins/Runtime/CableComponent/Binaries/Win64/UE4Editor-CableComponent.dll (API version 3944462).
LogModuleManager: Display: Found up-to-date module file ../../../Engine/Plugins/Runtime/CustomMeshComponent/Binaries/Win64/UE4Editor-CustomMeshComponent.dll (API version 3944462).
LogModuleManager: Display: Found up-to-date module file ../../../Engine/Plugins/Runtime/ExampleDeviceProfileSelector/Binaries/Win64/UE4Editor-ExampleDeviceProfileSelector.dll (API version 3944462).
LogModuleManager: Display: Found up-to-date module file ../../../Engine/Plugins/Runtime/ImmediatePhysics/Binaries/Win64/UE4Editor-ImmediatePhysics.dll (API version 3944462).
LogModuleManager: Display: Found up-to-date module file ../../../Engine/Plugins/Runtime/ImmediatePhysics/Binaries/Win64/UE4Editor-ImmediatePhysicsEditor.dll (API version 3944462).
LogModuleManager: Display: Found up-to-date module file ../../../Engine/Plugins/Runtime/LocationServicesBPLibrary/Binaries/Win64/UE4Editor-LocationServicesBPLibrary.dll (API version 3944462).
LogModuleManager: Display: Found up-to-date module file ../../../Engine/Plugins/Runtime/MobilePatchingUtils/Binaries/Win64/UE4Editor-MobilePatchingUtils.dll (API version 3944462).
LogModuleManager: Display: Found up-to-date module file ../../../Engine/Plugins/Runtime/Oculus/OculusVR/Binaries/Win64/UE4Editor-OculusHMD.dll (API version 3944462).
LogModuleManager: Display: Found up-to-date module file ../../../Engine/Plugins/Runtime/Oculus/OculusVR/Binaries/Win64/UE4Editor-OculusInput.dll (API version 3944462).
LogModuleManager: Display: Found up-to-date module file ../../../Engine/Plugins/Runtime/Oculus/OculusVR/Binaries/Win64/UE4Editor-OculusEditor.dll (API version 3944462).
LogModuleManager: Display: Found up-to-date module file ../../../Engine/Plugins/Runtime/PhysXVehicles/Binaries/Win64/UE4Editor-PhysXVehicles.dll (API version 3944462).
LogModuleManager: Display: Found up-to-date module file ../../../Engine/Plugins/Runtime/PhysXVehicles/Binaries/Win64/UE4Editor-PhysXVehiclesEditor.dll (API version 3944462).
LogModuleManager: Display: Found up-to-date module file ../../../Engine/Plugins/Runtime/RuntimePhysXCooking/Binaries/Win64/UE4Editor-RuntimePhysXCooking.dll (API version 3944462).
LogModuleManager: Display: Found up-to-date module file ../../../Engine/Plugins/Runtime/Steam/SteamVR/Binaries/Win64/UE4Editor-SteamVR.dll (API version 3944462).
LogModuleManager: Display: Found up-to-date module file ../../../Engine/Plugins/Runtime/Steam/SteamVR/Binaries/Win64/UE4Editor-SteamVRController.dll (API version 3944462).
LogModuleManager: Display: Found up-to-date module file ../../../Engine/Plugins/Runtime/WindowsMoviePlayer/Binaries/Win64/UE4Editor-WindowsMoviePlayer.dll (API version 3944462).
LogPluginManager: Mounting plugin Paper2D
LogPluginManager: Mounting plugin LiveLink
LogPluginManager: Mounting plugin LightPropagationVolume
LogPluginManager: Mounting plugin CLionSourceCodeAccess
LogPluginManager: Mounting plugin CodeLiteSourceCodeAccess
LogPluginManager: Mounting plugin GitSourceControl
LogPluginManager: Mounting plugin KDevelopSourceCodeAccess
LogPluginManager: Mounting plugin NullSourceCodeAccess
LogPluginManager: Mounting plugin PerforceSourceControl
LogPluginManager: Mounting plugin SubversionSourceControl
LogPluginManager: Mounting plugin UObjectPlugin
LogPluginManager: Mounting plugin VisualStudioCodeSourceCodeAccess
LogPluginManager: Mounting plugin VisualStudioSourceCodeAccess
LogPluginManager: Mounting plugin XCodeSourceCodeAccess
LogPluginManager: Mounting plugin AssetManagerEditor
LogPluginManager: Mounting plugin CryptoKeys
LogPluginManager: Mounting plugin DataValidation
LogPluginManager: Mounting plugin FacialAnimation
LogPluginManager: Mounting plugin GameplayTagsEditor
LogPluginManager: Mounting plugin MobileLauncherProfileWizard
LogPluginManager: Mounting plugin PluginBrowser
LogPluginManager: Mounting plugin SpeedTreeImporter
LogPluginManager: Mounting plugin DatasmithContent
LogPluginManager: Mounting plugin AlembicImporter
LogPluginManager: Mounting plugin CharacterAI
LogPluginManager: Mounting plugin HTML5Networking
LogPluginManager: Mounting plugin AndroidMedia
LogPluginManager: Mounting plugin AvfMedia
LogPluginManager: Mounting plugin ImgMedia
LogPluginManager: Mounting plugin LinearTimecode
LogPluginManager: Mounting plugin MediaCompositing
LogPluginManager: Mounting plugin MediaPlayerEditor
LogPluginManager: Mounting plugin WmfMedia
LogPluginManager: Mounting plugin TcpMessaging
LogPluginManager: Mounting plugin UdpMessaging
LogPluginManager: Mounting plugin ActorSequence
LogPluginManager: Mounting plugin LevelSequenceEditor
LogPluginManager: Mounting plugin MatineeToLevelSequence
LogPluginManager: Mounting plugin NetcodeUnitTest
LogPluginManager: Mounting plugin NUTUnrealEngine4
LogPluginManager: Mounting plugin OnlineSubsystemGooglePlay
LogPluginManager: Mounting plugin OnlineSubsystemIOS
LogPluginManager: Mounting plugin OnlineSubsystem
LogPluginManager: Mounting plugin OnlineSubsystemNull
LogPluginManager: Mounting plugin OnlineSubsystemUtils
LogPluginManager: Mounting plugin AndroidDeviceProfileSelector
LogPluginManager: Mounting plugin AndroidMoviePlayer
LogPluginManager: Mounting plugin AndroidPermission
LogPluginManager: Mounting plugin AppleARKit
LogPluginManager: Mounting plugin AppleMoviePlayer
LogPluginManager: Mounting plugin ArchVisCharacter
LogPluginManager: Mounting plugin AudioCapture
LogPluginManager: Mounting plugin CableComponent
LogPluginManager: Mounting plugin CustomMeshComponent
LogPluginManager: Mounting plugin ExampleDeviceProfileSelector
LogPluginManager: Mounting plugin GoogleCloudMessaging
LogPluginManager: Mounting plugin ImmediatePhysics
LogPluginManager: Mounting plugin IOSDeviceProfileSelector
LogPluginManager: Mounting plugin LinuxDeviceProfileSelector
LogPluginManager: Mounting plugin LocationServicesBPLibrary
LogPluginManager: Mounting plugin MobilePatchingUtils
LogPluginManager: Mounting plugin OculusVR
LogPluginManager: Plugin shader directory ../../../Engine/Plugins/Runtime/Oculus/OculusVR/Shaders found
LogPluginManager: Mapping shader source directory ../../../Engine/Plugins/Runtime/Oculus/OculusVR/Shaders to virtual directory /Plugin/OculusVR
LogPluginManager: Mounting plugin PhysXVehicles
LogPluginManager: Mounting plugin ProceduralMeshComponent
LogPluginManager: Mounting plugin RuntimePhysXCooking
LogPluginManager: Mounting plugin SteamVR
LogPluginManager: Mounting plugin WindowsMoviePlayer
LogStreaming: Display: Took  1.026s to configure plugins.
LogInit: Using libcurl 7.47.1
LogInit:  - built for x86_64-pc-win32
LogInit:  - supports SSL with OpenSSL/1.0.2g
LogInit:  - supports HTTP deflate (compression) using libz 1.2.8
LogInit:  - other features:
LogInit:      CURL_VERSION_SSL
LogInit:      CURL_VERSION_LIBZ
LogInit:      CURL_VERSION_IPV6
LogInit:      CURL_VERSION_ASYNCHDNS
LogInit:      CURL_VERSION_LARGEFILE
LogInit:      CURL_VERSION_IDN
LogInit:  CurlRequestOptions (configurable via config and command line):
LogInit:  - bVerifyPeer = false  - Libcurl will NOT verify peer certificate
LogInit:  - bUseHttpProxy = false  - Libcurl will NOT use HTTP proxy
LogInit:  - bDontReuseConnections = false  - Libcurl will reuse connections
LogInit:  - CertBundlePath = nullptr  - Libcurl will use whatever was configured at build time.
LogInit:  - MaxHostConnections = 16  - Libcurl will limit the number of connections to a host
LogInit:  - LocalHostAddr = Default
LogInit: WinSock: version 1.1 (2.2), MaxSocks=32767, MaxUdp=65467
LogInit: WinSock: I am eae-n-029 (155.97.29.39:0)
LogInit: Build: ++UE4+Release-4.19-CL-4033788
LogInit: Engine Version: 4.19.2-4033788+++UE4+Release-4.19
LogInit: Compatible Engine Version: 4.19.0-3944462+++UE4+Release-4.19
LogInit: Net CL: 3944462
LogDevObjectVersion: Number of dev versions registered: 18
LogDevObjectVersion:   Dev-Blueprints (B0D832E4-1F89-4F0D-ACCF-7EB736FD4AA2): 10
LogDevObjectVersion:   Dev-Build (E1C64328-A22C-4D53-A36C-8E866417BD8C): 0
LogDevObjectVersion:   Dev-Core (375EC13C-06E4-48FB-B500-84F0262A717E): 2
LogDevObjectVersion:   Dev-Editor (E4B068ED-F494-42E9-A231-DA0B2E46BB41): 23
LogDevObjectVersion:   Dev-Framework (CFFC743F-43B0-4480-9391-14DF171D2073): 33
LogDevObjectVersion:   Dev-Mobile (B02B49B5-BB20-44E9-A304-32B752E40360): 2
LogDevObjectVersion:   Dev-Networking (A4E4105C-59A1-49B5-A7C5-40C4547EDFEE): 0
LogDevObjectVersion:   Dev-Online (39C831C9-5AE6-47DC-9A44-9C173E1C8E7C): 0
LogDevObjectVersion:   Dev-Physics (78F01B33-EBEA-4F98-B9B4-84EACCB95AA2): 0
LogDevObjectVersion:   Dev-Platform (6631380F-2D4D-43E0-8009-CF276956A95A): 0
LogDevObjectVersion:   Dev-Rendering (12F88B9F-8875-4AFC-A67C-D90C383ABD29): 25
LogDevObjectVersion:   Dev-Sequencer (7B5AE74C-D270-4C10-A958-57980B212A5A): 6
LogDevObjectVersion:   Dev-VR (D7296918-1DD6-4BDD-9DE2-64A83CC13884): 1
LogDevObjectVersion:   Dev-LoadTimes (C2A15278-BFE7-4AFE-6C17-90FF531DF755): 1
LogDevObjectVersion:   Private-Geometry (6EACA3D4-40EC-4CC1-B786-8BED09428FC5): 2
LogDevObjectVersion:   Dev-AnimPhys (29E575DD-E0A3-4627-9D10-D276232CDCEA): 16
LogDevObjectVersion:   Dev-ReflectionCapture (6B266CEC-1EC7-4B8F-A30B-E4D90942FC07): 1
LogDevObjectVersion:   Dev-Automation (0DF73D61-A23F-47EA-B727-89E90C41499A): 1
LogInit: Compiled (64-bit): Apr 27 2018 02:06:57
LogInit: Compiled with Visual C++: 19.00.24215.01
LogInit: Build Configuration: Development
LogInit: Branch Name: ++UE4+Release-4.19
LogInit: Command Line: -EpicPortal
LogInit: Base Directory: C:/Program Files/Epic Games/UE_4.19/Engine/Binaries/Win64/
LogInit: Installed Engine Build: 1
LogStreaming: Display: Took  0.000s to delete old logs.
LogInit: Presizing for max 8388607 objects, including 0 objects not considered by GC, pre-allocating 0 bytes for permanent pool.
LogInit: Object subsystem initialized
[2018.08.30-01.22.03:628][  0]LogInit: Selected Device Profile: [Windows]
[2018.08.30-01.22.03:628][  0]LogInit: Applying CVar settings loaded from the selected device profile: [Windows]
[2018.08.30-01.22.03:641][  0]LogInit: Computer: eae-n-029
[2018.08.30-01.22.03:641][  0]LogInit: User: u1213321
[2018.08.30-01.22.03:641][  0]LogInit: CPU Page size=4096, Cores=4
[2018.08.30-01.22.03:641][  0]LogInit: High frequency timer resolution =3.023438 MHz
[2018.08.30-01.22.03:641][  0]LogMemory: Memory total: Physical=15.9GB (16GB approx)
[2018.08.30-01.22.03:641][  0]LogMemory: Platform Memory Stats for Windows
[2018.08.30-01.22.03:641][  0]LogMemory: Process Physical Memory: 274.51 MB used, 274.51 MB peak
[2018.08.30-01.22.03:641][  0]LogMemory: Process Virtual Memory: 264.73 MB used, 264.73 MB peak
[2018.08.30-01.22.03:641][  0]LogMemory: Physical Memory: 6909.32 MB used,  9393.77 MB free, 16303.09 MB total
[2018.08.30-01.22.03:641][  0]LogMemory: Virtual Memory: 4790.53 MB used,  9393.77 MB free, 134217728.00 MB total
[2018.08.30-01.22.03:658][  0]LogInit: Using OS detected language (en-US).
[2018.08.30-01.22.03:658][  0]LogInit: Using OS detected locale (en-US).
[2018.08.30-01.22.03:661][  0]LogTextLocalizationManager: No specific localization for 'en-US' exists, so the 'en' localization will be used.
[2018.08.30-01.22.04:051][  0]LogStreaming: Display: Took  0.393s to EndInitTextLocalization.
[2018.08.30-01.22.04:051][  0]LogInit: Setting process to per monitor DPI aware
[2018.08.30-01.22.04:093][  0]LogSlate: New Slate User Created.  User Index 0, Is Virtual User: 0
[2018.08.30-01.22.04:093][  0]LogSlate: Slate User Registered.  User Index 0, Is Virtual User: 0
[2018.08.30-01.22.04:267][  0]LogD3D11RHI: D3D11 adapters:
[2018.08.30-01.22.04:299][  0]LogD3D11RHI:    0. 'Radeon RX Vega M GH Graphics' (Feature Level 11_0)
[2018.08.30-01.22.04:299][  0]LogD3D11RHI:       4042/0/8151 MB DedicatedVideo/DedicatedSystem/SharedSystem, Outputs:1, VendorId:0x1002
[2018.08.30-01.22.04:324][  0]LogD3D11RHI:    1. 'Intel(R) HD Graphics 630' (Feature Level 11_0)
[2018.08.30-01.22.04:324][  0]LogD3D11RHI:       128/0/8151 MB DedicatedVideo/DedicatedSystem/SharedSystem, Outputs:0, VendorId:0x8086
[2018.08.30-01.22.04:325][  0]LogD3D11RHI:    2. 'Microsoft Basic Render Driver' (Feature Level 11_0)
[2018.08.30-01.22.04:325][  0]LogD3D11RHI:       0/0/8151 MB DedicatedVideo/DedicatedSystem/SharedSystem, Outputs:0, VendorId:0x1414
[2018.08.30-01.22.04:325][  0]LogD3D11RHI: Chosen D3D11 Adapter: 0
[2018.08.30-01.22.04:332][  0]LogD3D11RHI: Creating new Direct3DDevice
[2018.08.30-01.22.04:332][  0]LogD3D11RHI:     GPU DeviceId: 0x694c (for the marketing name, search the web for "GPU Device Id")
[2018.08.30-01.22.04:332][  0]LogWindows: EnumDisplayDevices:
[2018.08.30-01.22.04:332][  0]LogWindows:    0. 'Radeon RX Vega M GH Graphics' (P:1 D:1)
[2018.08.30-01.22.04:332][  0]LogWindows:    1. 'Radeon RX Vega M GH Graphics' (P:0 D:0)
[2018.08.30-01.22.04:332][  0]LogWindows:    2. 'Radeon RX Vega M GH Graphics' (P:0 D:0)
[2018.08.30-01.22.04:333][  0]LogWindows:    3. 'Radeon RX Vega M GH Graphics' (P:0 D:0)
[2018.08.30-01.22.04:333][  0]LogWindows:    4. 'Radeon RX Vega M GH Graphics' (P:0 D:0)
[2018.08.30-01.22.04:333][  0]LogWindows:    5. 'Radeon RX Vega M GH Graphics' (P:0 D:0)
[2018.08.30-01.22.04:333][  0]LogWindows:    6. 'Radeon RX Vega M GH Graphics' (P:0 D:0)
[2018.08.30-01.22.04:333][  0]LogWindows:    7. 'Radeon RX Vega M GH Graphics' (P:0 D:0)
[2018.08.30-01.22.04:333][  0]LogWindows:    8. 'Radeon RX Vega M GH Graphics' (P:0 D:0)
[2018.08.30-01.22.04:333][  0]LogWindows:    9. 'Radeon RX Vega M GH Graphics' (P:0 D:0)
[2018.08.30-01.22.04:334][  0]LogWindows:    10. 'Radeon RX Vega M GH Graphics' (P:0 D:0)
[2018.08.30-01.22.04:334][  0]LogWindows:    11. 'Radeon RX Vega M GH Graphics' (P:0 D:0)
[2018.08.30-01.22.04:334][  0]LogWindows:    12. 'Radeon RX Vega M GH Graphics' (P:0 D:0)
[2018.08.30-01.22.04:334][  0]LogWindows:    13. 'Radeon RX Vega M GH Graphics' (P:0 D:0)
[2018.08.30-01.22.04:334][  0]LogWindows:    14. 'Radeon RX Vega M GH Graphics' (P:0 D:0)
[2018.08.30-01.22.04:334][  0]LogWindows:    15. 'Radeon RX Vega M GH Graphics' (P:0 D:0)
[2018.08.30-01.22.04:334][  0]LogWindows:    16. 'Intel(R) HD Graphics 630' (P:0 D:0)
[2018.08.30-01.22.04:335][  0]LogWindows:    17. 'Intel(R) HD Graphics 630' (P:0 D:0)
[2018.08.30-01.22.04:335][  0]LogWindows: DebugString: GetVideoDriverDetailsInvalid PrimaryIsNotTheChoosenAdapter GetVideoDriverDetailsInvalid PrimaryIsNotTheChoosenAdapter GetVideoDriverDetailsInvalid PrimaryIsNotTheChoosenAdapter GetVideoDriverDetailsInvalid PrimaryIsNotTheChoosenAdapter GetVideoDriverDetailsInvalid PrimaryIsNotTheChoosenAdapter GetVideoDriverDetailsInvalid PrimaryIsNotTheChoosenAdapter GetVideoDriverDetailsInvalid PrimaryIsNotTheChoosenAdapter GetVideoDriverDetailsInvalid PrimaryIsNotTheChoosenAdapter GetVideoDriverDetailsInvalid PrimaryIsNotTheChoosenAdapter GetVideoDriverDetailsInvalid PrimaryIsNotTheChoosenAdapter GetVideoDriverDetailsInvalid PrimaryIsNotTheChoosenAdapter GetVideoDriverDetailsInvalid PrimaryIsNotTheChoosenAdapter GetVideoDriverDetailsInvalid PrimaryIsNotTheChoosenAdapter GetVideoDriverDetailsInvalid PrimaryIsNotTheChoosenAdapter GetVideoDriverDetailsInvalid PrimaryIsNotTheChoosenAdapter GetVideoDriverDetailsInvalid PrimaryIsNotTheChoosenAdapter GetVideoDriverDetailsInvalid PrimaryIsNotTheChoosenAdapter GetVideoDriverDetailsInvalid PrimaryIsNotTheChoosenAdapter FoundDriverCount:0 
[2018.08.30-01.22.04:335][  0]LogD3D11RHI:     Adapter Name: Radeon RX Vega M GH Graphics
[2018.08.30-01.22.04:335][  0]LogD3D11RHI:   Driver Version: Unknown (internal:Unknown, unified:Unknown)
[2018.08.30-01.22.04:335][  0]LogD3D11RHI:      Driver Date: Unknown
[2018.08.30-01.22.04:335][  0]LogRHI: Texture pool is 2829 MB (70% of 4042 MB)
[2018.08.30-01.22.04:477][  0]LogD3D11RHI: Async texture creation enabled
[2018.08.30-01.22.04:488][  0]LogD3D11RHI: GPU Timing Frequency: 25.000000 (Debug: 2 1)
[2018.08.30-01.22.04:489][  0]LogShaderCompilers: Guid format shader working directory is -19 characters bigger than the processId version (../../../../../../Users/u1213321/Documents/GitHub/AP/Lin_Pan_AP_ass2/Intermediate/Shaders/WorkingDirectory/9088/).
[2018.08.30-01.22.04:489][  0]LogShaderCompilers: Cleaned the shader compiler working directory 'C:/Users/u1213321/AppData/Local/Temp/UnrealShaderWorkingDir/5FC6FA0249D3977308364793CB9D078E/'.
[2018.08.30-01.22.04:671][  0]LogTemp: Display: Loaded TP AllDesktopTargetPlatform
[2018.08.30-01.22.04:683][  0]LogTemp: Display: Loaded TP MacClientTargetPlatform
[2018.08.30-01.22.04:696][  0]LogTemp: Display: Loaded TP MacNoEditorTargetPlatform
[2018.08.30-01.22.04:708][  0]LogTemp: Display: Loaded TP MacServerTargetPlatform
[2018.08.30-01.22.04:721][  0]LogTemp: Display: Loaded TP MacTargetPlatform
[2018.08.30-01.22.04:734][  0]LogTemp: Display: Loaded TP WindowsClientTargetPlatform
[2018.08.30-01.22.04:747][  0]LogTemp: Display: Loaded TP WindowsNoEditorTargetPlatform
[2018.08.30-01.22.04:759][  0]LogTemp: Display: Loaded TP WindowsServerTargetPlatform
[2018.08.30-01.22.04:766][  0]LogTemp: Display: Loaded TP WindowsTargetPlatform
[2018.08.30-01.22.04:776][  0]LogTemp: Display: Loaded TP Android_ASTCTargetPlatform
[2018.08.30-01.22.04:785][  0]LogTemp: Display: Loaded TP Android_ATCTargetPlatform
[2018.08.30-01.22.04:795][  0]LogTemp: Display: Loaded TP Android_DXTTargetPlatform
[2018.08.30-01.22.04:805][  0]LogTemp: Display: Loaded TP Android_ETC1aTargetPlatform
[2018.08.30-01.22.04:815][  0]LogTemp: Display: Loaded TP Android_ETC1TargetPlatform
[2018.08.30-01.22.04:825][  0]LogTemp: Display: Loaded TP Android_ETC2TargetPlatform
[2018.08.30-01.22.04:844][  0]LogTemp: Display: Loaded TP Android_MultiTargetPlatform
[2018.08.30-01.22.04:844][  0]LogTemp: Display: Loaded TP Android_PVRTCTargetPlatform
[2018.08.30-01.22.04:854][  0]LogTemp: Display: Loaded TP AndroidTargetPlatform
[2018.08.30-01.22.04:855][  0]LogTemp: Display: Loaded TP HTML5TargetPlatform
[2018.08.30-01.22.04:891][  0]LogTemp: Display: Loaded TP IOSTargetPlatform
[2018.08.30-01.22.04:901][  0]LogTemp: Display: Loaded TP TVOSTargetPlatform
[2018.08.30-01.22.04:911][  0]LogTemp: Display: Loaded TP LinuxClientTargetPlatform
[2018.08.30-01.22.04:921][  0]LogTemp: Display: Loaded TP LinuxNoEditorTargetPlatform
[2018.08.30-01.22.04:933][  0]LogTemp: Display: Loaded TP LinuxServerTargetPlatform
[2018.08.30-01.22.04:944][  0]LogTemp: Display: Loaded TP LinuxTargetPlatform
[2018.08.30-01.22.04:944][  0]LogTargetPlatformManager: Display: Building Assets For Windows
[2018.08.30-01.22.05:048][  0]LogXGEController: Cleaning working directory: C:/Users/u1213321/AppData/Local/Temp/UnrealXGEWorkingDir/
[2018.08.30-01.22.05:048][  0]LogXGEController: Cannot use XGE Controller as Incredibuild is not installed on this machine.
[2018.08.30-01.22.05:048][  0]LogShaderCompilers: Cannot use XGE Shader Compiler as Incredibuild is not installed on this machine.
[2018.08.30-01.22.05:048][  0]LogShaderCompilers: Display: Using Local Shader Compiler.
[2018.08.30-01.22.05:634][  0]LogDerivedDataCache: Display: Max Cache Size: 512 MB
[2018.08.30-01.22.05:699][  0]LogDerivedDataCache: Loaded boot cache 0.07s 74MB C:/Users/u1213321/AppData/Local/UnrealEngine/4.19/DerivedDataCache/Boot.ddc.
[2018.08.30-01.22.05:699][  0]LogDerivedDataCache: Display: Loaded Boot cache: C:/Users/u1213321/AppData/Local/UnrealEngine/4.19/DerivedDataCache/Boot.ddc
[2018.08.30-01.22.05:699][  0]LogDerivedDataCache: FDerivedDataBackendGraph:  Pak pak cache file ../../../../../../Users/u1213321/Documents/GitHub/AP/Lin_Pan_AP_ass2/DerivedDataCache/DDC.ddp not found, will not use a pak cache.
[2018.08.30-01.22.05:699][  0]LogDerivedDataCache: Unable to find inner node Pak for hierarchical cache Hierarchy.
[2018.08.30-01.22.05:699][  0]LogDerivedDataCache: FDerivedDataBackendGraph:  CompressedPak pak cache file ../../../../../../Users/u1213321/Documents/GitHub/AP/Lin_Pan_AP_ass2/DerivedDataCache/Compressed.ddp not found, will not use a pak cache.
[2018.08.30-01.22.05:699][  0]LogDerivedDataCache: Unable to find inner node CompressedPak for hierarchical cache Hierarchy.
[2018.08.30-01.22.05:712][  0]LogDerivedDataCache: Display: Pak cache opened for reading ../../../Engine/DerivedDataCache/Compressed.ddp.
[2018.08.30-01.22.05:725][  0]LogDerivedDataCache: Using Local data cache path C:/Users/u1213321/AppData/Local/UnrealEngine/Common/DerivedDataCache: Writable
[2018.08.30-01.22.05:725][  0]LogDerivedDataCache: Shared data cache path not found in *engine.ini, will not use an Shared cache.
[2018.08.30-01.22.05:725][  0]LogDerivedDataCache: Unable to find inner node Shared for hierarchical cache Hierarchy.
[2018.08.30-01.22.05:734][  0]LogMaterial: Verifying Global Shaders for PCD3D_SM5
[2018.08.30-01.22.05:734][  0]LogSlate: Using Freetype 2.6.0
[2018.08.30-01.22.05:735][  0]LogSlate: SlateFontCache - WITH_FREETYPE: 1, WITH_HARFBUZZ: 1
[2018.08.30-01.22.05:735][  0]LogSlate: SlateFontCache - WITH_FREETYPE: 1, WITH_HARFBUZZ: 1
[2018.08.30-01.22.05:845][  0]LogAssetRegistry: FAssetRegistry took 0.0259 seconds to start up
[2018.08.30-01.22.06:096][  0]LogInit: Selected Device Profile: [Windows]
[2018.08.30-01.22.06:224][  0]LogSimplygon: Simplygon DLL not present - disabling.
[2018.08.30-01.22.06:226][  0]LogMeshReduction: Using SimplygonSwarm for distributed automatic mesh merging
[2018.08.30-01.22.06:226][  0]LogMeshReduction: Using QuadricMeshReduction for automatic static mesh reduction
[2018.08.30-01.22.06:226][  0]LogMeshReduction: No automatic skeletal mesh reduction module available
[2018.08.30-01.22.06:226][  0]LogMeshReduction: No automatic mesh merging module available
[2018.08.30-01.22.06:226][  0]LogMeshMerging: No automatic mesh merging module available
[2018.08.30-01.22.06:257][  0]LogNetVersion: Lin_Pan_AP_ass2 , NetCL: 3944462, EngineNetVer: 2, GameNetVer: 0 (Checksum: 783528749)
[2018.08.30-01.22.06:660][  0]LogPackageLocalizationCache: Processed 9 localized package path(s) for 2 prioritized culture(s) in 0.066222 seconds
[2018.08.30-01.22.06:665][  0]LogUObjectArray: 36728 objects as part of root set at end of initial load.
[2018.08.30-01.22.06:665][  0]LogUObjectAllocator: 7314312 out of 0 bytes used by permanent object pool.
[2018.08.30-01.22.06:665][  0]LogUObjectArray: CloseDisregardForGC: 0/0 objects in disregard for GC pool
[2018.08.30-01.22.08:074][  0]LogTcpMessaging: Initializing TcpMessaging bridge
[2018.08.30-01.22.08:103][  0]LogUdpMessaging: Initializing bridge on interface 0.0.0.0:0 to multicast group 230.0.0.1:6666.
[2018.08.30-01.22.08:425][  0]SourceControl: Source control is disabled
[2018.08.30-01.22.08:425][  0]SourceControl: Source control is disabled
[2018.08.30-01.22.08:442][  0]SourceControl: Source control is disabled
[2018.08.30-01.22.08:459][  0]SourceControl: Source control is disabled
[2018.08.30-01.22.08:910][  0]LogAndroidPermission: UAndroidPermissionCallbackProxy::GetInstance
[2018.08.30-01.22.09:069][  0]LogOcInput: OculusInput pre-init called
[2018.08.30-01.22.09:170][  0]LogEngine: Initializing Engine...
[2018.08.30-01.22.09:171][  0]LogHMD: Failed to initialize OpenVR with code 110
[2018.08.30-01.22.09:172][  0]LogStats: UGameplayTagsManager::ConstructGameplayTagTree: Construct from data asset -  0.000 s
[2018.08.30-01.22.09:172][  0]LogStats: UGameplayTagsManager::ConstructGameplayTagTree: GameplayTagTreeChangedEvent.Broadcast -  0.000 s
[2018.08.30-01.22.09:370][  0]LogAIModule: Creating AISystem for world Untitled
[2018.08.30-01.22.09:397][  0]LogInit: XAudio2 using '5 - DELL UZ2315H (AMD High Definition Audio Device)' : 2 channels at 48 kHz using 16 bits per sample (channel mask 0x3)
[2018.08.30-01.22.09:421][  0]LogInit: FAudioDevice initialized.
[2018.08.30-01.22.09:506][  0]LogDerivedDataCache: Saved boot cache 0.09s 74MB C:/Users/u1213321/AppData/Local/UnrealEngine/4.19/DerivedDataCache/Boot.ddc.
[2018.08.30-01.22.09:522][  0]LogInit: Texture streaming: Enabled
[2018.08.30-01.22.09:538][  0]LogEngineSessionManager: EngineSessionManager initialized
[2018.08.30-01.22.09:539][  0]LogEngineSessionManager: EngineSessionManager sent abnormal shutdown report. Type=Crashed, SessionId={B7FCFF36-4A77-8EEE-49D5-CDBFBF9B2972}
[2018.08.30-01.22.09:551][  0]LogInit: Transaction tracking system initialized
[2018.08.30-01.22.09:572][  0]BlueprintLog: New page: Editor Load
[2018.08.30-01.22.09:639][  0]LocalizationService: Localization service is disabled
[2018.08.30-01.22.09:725][  0]LogConsoleResponse: Display: 
[2018.08.30-01.22.09:866][  0]LogCook: Display: Max memory allowance for cook 16384mb min free memory 0mb
[2018.08.30-01.22.09:866][  0]LogCook: Display: Mobile HDR setting 1
[2018.08.30-01.22.09:866][  0]LogGameplayTags: Display: UGameplayTagsManager::DoneAddingNativeTags. DelegateIsBound: 0
[2018.08.30-01.22.09:866][  0]LogStats: UGameplayTagsManager::ConstructGameplayTagTree: Construct from data asset -  0.000 s
[2018.08.30-01.22.09:866][  0]LogStats: UGameplayTagsManager::ConstructGameplayTagTree: GameplayTagTreeChangedEvent.Broadcast -  0.000 s
[2018.08.30-01.22.09:976][  0]LogFileCache: Scanning file cache for directory 'C:/Users/u1213321/Documents/GitHub/AP/Lin_Pan_AP_ass2/Content/' took 0.01s
[2018.08.30-01.22.10:225][  0]SourceControl: Source control is disabled
[2018.08.30-01.22.10:314][  0]LogWindowsTextInputMethodSystem: Display: IME system now deactivated.
[2018.08.30-01.22.10:316][  0]LogSlate: Took 0.000173 seconds to synchronously load lazily loaded font '../../../Engine/Content/Slate/Fonts/Roboto-Regular.ttf' (155K)
[2018.08.30-01.22.16:646][  0]LogSlate: Window 'Restore Packages' being destroyed
[2018.08.30-01.22.16:646][  0]LogWindowsTextInputMethodSystem: Display: IME system now deactivated.
[2018.08.30-01.22.16:650][  0]LogWindowsTextInputMethodSystem: Display: IME system now deactivated.
[2018.08.30-01.22.21:307][  0]LogSlate: Window 'Unable to Check Out From Source Control!' being destroyed
[2018.08.30-01.22.21:307][  0]LogWindowsTextInputMethodSystem: Display: IME system now deactivated.
[2018.08.30-01.22.21:311][  0]LogWindowsTextInputMethodSystem: Display: IME system now deactivated.
[2018.08.30-01.22.21:333][  0]Cmd: MAP LOAD FILE="../../../../../../Users/u1213321/Documents/GitHub/AP/Lin_Pan_AP_ass2/Content/ThirdPersonBP/Maps/ThirdPersonExampleMap.umap" TEMPLATE=0 SHOWPROGRESS=1 FEATURELEVEL=3
[2018.08.30-01.22.21:334][  0]LightingResults: New page: Lighting Build
[2018.08.30-01.22.21:337][  0]MapCheck: New page: Map Check
[2018.08.30-01.22.21:337][  0]LightingResults: New page: Lighting Build
[2018.08.30-01.22.21:390][  0]LogUObjectGlobals: Created PersistentFrame Addr=0x000001e0c50b2d80, Size=64, Default__ThirdPerson_AnimBP_C Function /Game/Mannequin/Animations/ThirdPerson_AnimBP.ThirdPerson_AnimBP_C:ExecuteUbergraph_ThirdPerson_AnimBP
[2018.08.30-01.22.21:399][  0]LogUObjectGlobals: Destroyed PersistentFrame Addr=0x000001e0c50b2d80, Size=64
[2018.08.30-01.22.21:399][  0]LogUObjectGlobals: Created PersistentFrame Addr=0x000001e0c50b2f80, Size=64, Default__ThirdPerson_AnimBP_C Function /Engine/Transient.REINST_ThirdPerson_AnimBP_C_0:ExecuteUbergraph_ThirdPerson_AnimBP
[2018.08.30-01.22.21:405][  0]LogUObjectGlobals: Created PersistentFrame Addr=0x000001e0beb1f790, Size=72, Default__ThirdPerson_AnimBP_C Function /Game/Mannequin/Animations/ThirdPerson_AnimBP.ThirdPerson_AnimBP_C:ExecuteUbergraph_ThirdPerson_AnimBP
[2018.08.30-01.22.21:440][  0]LogUObjectGlobals: Created PersistentFrame Addr=0x000001e0e0adbec0, Size=296, Default__ThirdPersonCharacter_C Function /Game/ThirdPersonBP/Blueprints/ThirdPersonCharacter.ThirdPersonCharacter_C:ExecuteUbergraph_ThirdPersonCharacter
[2018.08.30-01.22.21:445][  0]LogUObjectGlobals: Destroyed PersistentFrame Addr=0x000001e0e0adbec0, Size=296
[2018.08.30-01.22.21:445][  0]LogUObjectGlobals: Created PersistentFrame Addr=0x000001e0e0adbec0, Size=296, Default__ThirdPersonCharacter_C Function /Engine/Transient.REINST_ThirdPersonCharacter_C_4:ExecuteUbergraph_ThirdPersonCharacter
[2018.08.30-01.22.21:449][  0]LogUObjectGlobals: Created PersistentFrame Addr=0x000001e0e0ada700, Size=296, Default__ThirdPersonCharacter_C Function /Game/ThirdPersonBP/Blueprints/ThirdPersonCharacter.ThirdPersonCharacter_C:ExecuteUbergraph_ThirdPersonCharacter
[2018.08.30-01.22.21:581][  0]LogSkeletalMesh: Skeletal Mesh found in DDC [11.567295ms] /Game/Mannequin/Character/Mesh/SK_Mannequin.SK_Mannequin
[2018.08.30-01.22.21:693][  0]LogAIModule: Creating AISystem for world ThirdPersonExampleMap
[2018.08.30-01.22.21:706][  0]LogEditorServer: Finished looking for orphan Actors (0.000 secs)
[2018.08.30-01.22.21:718][  0]LogUObjectGlobals: Destroyed PersistentFrame Addr=0x000001e0c50b2f80, Size=64
[2018.08.30-01.22.21:718][  0]LogUObjectGlobals: Destroyed PersistentFrame Addr=0x000001e0e0adbec0, Size=296
[2018.08.30-01.22.21:719][  0]Cmd: MAP CHECKDEP NOCLEARLOG
[2018.08.30-01.22.21:773][  0]MapCheck: Map check complete: 0 Error(s), 0 Warning(s), took 53.001ms to complete.
[2018.08.30-01.22.21:773][  0]LogFileHelpers: Loading map 'ThirdPersonExampleMap' took 0.439
[2018.08.30-01.22.21:841][  0]LogStats: Warning: MetaData mismatch. Did you assign a stat to two groups? New //STATGROUP_Threads//SplashScreenThread///Thread_2244_0///####STATCAT_Advanced#### old //STATGROUP_Threads//SplashScreenThread///Thread_3238_0///####STATCAT_Advanced####
[2018.08.30-01.22.21:841][  0]LogCollectionManager: Loaded 0 collections in 0.001658 seconds
[2018.08.30-01.22.21:887][  0]LogFileCache: Scanning file cache for directory 'C:/Users/u1213321/Documents/GitHub/AP/Lin_Pan_AP_ass2/Saved/Collections/' took 0.01s
[2018.08.30-01.22.21:888][  0]LogFileCache: Scanning file cache for directory 'C:/Users/u1213321/Documents/GitHub/AP/Lin_Pan_AP_ass2/Content/Developers/u1213321/Collections/' took 0.01s
[2018.08.30-01.22.21:888][  0]LogFileCache: Scanning file cache for directory 'C:/Users/u1213321/Documents/GitHub/AP/Lin_Pan_AP_ass2/Content/Collections/' took 0.01s
[2018.08.30-01.22.21:888][  0]LogCollectionManager: Rebuilt the GUID cache for 0 collections in 0.000000 seconds
[2018.08.30-01.22.21:895][  0]LogContentBrowser: Native class hierarchy populated in 0.0075 seconds. Added 2452 classes and 558 folders.
[2018.08.30-01.22.21:901][  0]LogContentBrowser: Native class hierarchy updated for 'WidgetCarousel' in 0.0001 seconds. Added 0 classes and 0 folders.
[2018.08.30-01.22.21:942][  0]LogContentBrowser: Native class hierarchy updated for 'AddContentDialog' in 0.0002 seconds. Added 0 classes and 0 folders.
[2018.08.30-01.22.21:946][  0]LogContentBrowser: Native class hierarchy updated for 'SceneOutliner' in 0.0002 seconds. Added 1 classes and 2 folders.
[2018.08.30-01.22.21:960][  0]LogSlate: Took 0.000236 seconds to synchronously load lazily loaded font '../../../Engine/Content/Slate/Fonts/Roboto-Bold.ttf' (160K)
[2018.08.30-01.22.21:965][  0]LogSlate: Took 0.000164 seconds to synchronously load lazily loaded font '../../../Engine/Content/Editor/Slate/Fonts/FontAwesome.ttf' (139K)
[2018.08.30-01.22.22:054][  0]LogRenderer: Reallocating scene render targets to support 1208x576 Format 10 NumSamples 1 (Frame:1).
[2018.08.30-01.22.22:178][  0]LogSlate: FSceneViewport::OnFocusLost() reason 2
[2018.08.30-01.22.22:189][  0]LogSlate: Window 'Tutorials' being destroyed
[2018.08.30-01.22.22:218][  0]LogContentBrowser: Native class hierarchy updated for 'HierarchicalLODOutliner' in 0.0002 seconds. Added 0 classes and 0 folders.
[2018.08.30-01.22.22:218][  0]LogLoad: (Engine Initialization) Total time: 21.05 seconds
[2018.08.30-01.22.22:218][  0]LogLoad: (Engine Initialization) Total Blueprint compile time: 0.00 seconds
[2018.08.30-01.22.22:243][  0]LogAssetRegistry: Asset discovery search completed in 16.4218 seconds
[2018.08.30-01.22.22:245][  0]LogCollectionManager: Rebuilt the object cache for 0 collections in 0.000000 seconds (found 0 objects)
[2018.08.30-01.22.22:245][  0]LogCollectionManager: Fixed up redirectors for 0 collections in 0.000055 seconds (updated 0 objects)
[2018.08.30-01.22.22:253][  0]LogContentStreaming: Texture pool size now 1000 MB
[2018.08.30-01.22.22:278][  0]LogSlate: Took 0.000203 seconds to synchronously load lazily loaded font '../../../Engine/Content/Slate/Fonts/Roboto-Light.ttf' (167K)
[2018.08.30-01.22.27:922][670]LogSlate: FSceneViewport::OnFocusLost() reason 0
[2018.08.30-01.22.34:281][428]Cmd: CAMERA ALIGN ACTIVEVIEWPORTONLY
[2018.08.30-01.22.59:409][423]LogEditorViewport: Clicking Background
[2018.08.30-01.23.05:158][111]LogSlate: FSceneViewport::OnFocusLost() reason 0
[2018.08.30-01.23.16:554][475]LogEditorViewport: Clicking Background
[2018.08.30-01.23.24:223][392]LogEditorViewport: Clicking Background
[2018.08.30-01.23.29:568][ 31]LogSlate: FSceneViewport::OnFocusLost() reason 0
[2018.08.30-01.23.53:767][851]LogWindows: Windows GetLastError: The operation completed successfully. (0)
[2018.08.30-01.23.54:444][851]LogWindows: Error: === Critical error: ===
[2018.08.30-01.23.54:444][851]LogWindows: Error: 
[2018.08.30-01.23.54:444][851]LogWindows: Error: Assertion failed: BrushLevel->Actors[ClippedBrushIndex] == ClippedBrush [File:D:\Build\++UE4+Release-4.19+Compile\Sync\Engine\Source\Editor\GeometryMode\Private\GeometryModifiers.cpp] [Line: 2050] 
[2018.08.30-01.23.54:444][851]LogWindows: Error: 
[2018.08.30-01.23.54:444][851]LogWindows: Error: 
[2018.08.30-01.23.54:444][851]LogWindows: Error: 
[2018.08.30-01.23.54:444][851]LogWindows: Error: [Callstack] 0x00000000FBF4A388 KERNELBASE.dll!UnknownFunction []
[2018.08.30-01.23.54:444][851]LogWindows: Error: [Callstack] 0x00000000BF277884 UE4Editor-ApplicationCore.dll!UnknownFunction []
[2018.08.30-01.23.54:444][851]LogWindows: Error: [Callstack] 0x0000000076B26D9B UE4Editor-Core.dll!UnknownFunction []
[2018.08.30-01.23.54:444][851]LogWindows: Error: [Callstack] 0x0000000076A61949 UE4Editor-Core.dll!UnknownFunction []
[2018.08.30-01.23.54:444][851]LogWindows: Error: [Callstack] 0x000000005CBB6159 UE4Editor-GeometryMode.dll!UnknownFunction []
[2018.08.30-01.23.54:444][851]LogWindows: Error: [Callstack] 0x000000005CBB0242 UE4Editor-GeometryMode.dll!UnknownFunction []
[2018.08.30-01.23.54:444][851]LogWindows: Error: [Callstack] 0x000000005CBC9CAF UE4Editor-GeometryMode.dll!UnknownFunction []
[2018.08.30-01.23.54:444][851]LogWindows: Error: [Callstack] 0x000000005CBAA790 UE4Editor-GeometryMode.dll!UnknownFunction []
[2018.08.30-01.23.54:444][851]LogWindows: Error: [Callstack] 0x000000005CBD27F8 UE4Editor-GeometryMode.dll!UnknownFunction []
[2018.08.30-01.23.54:444][851]LogWindows: Error: [Callstack] 0x000000005CB92AC2 UE4Editor-GeometryMode.dll!UnknownFunction []
[2018.08.30-01.23.54:444][851]LogWindows: Error: [Callstack] 0x000000005CB93469 UE4Editor-GeometryMode.dll!UnknownFunction []
[2018.08.30-01.23.54:444][851]LogWindows: Error: [Callstack] 0x000000005CBBCD95 UE4Editor-GeometryMode.dll!UnknownFunction []
[2018.08.30-01.23.54:444][851]LogWindows: Error: [Callstack] 0x00000000732FB7F7 UE4Editor-Slate.dll!UnknownFunction []
[2018.08.30-01.23.54:444][851]LogWindows: Error: [Callstack] 0x00000000733219E8 UE4Editor-Slate.dll!UnknownFunction []
[2018.08.30-01.23.54:444][851]LogWindows: Error: [Callstack] 0x000000007314485C UE4Editor-Slate.dll!UnknownFunction []
[2018.08.30-01.23.54:444][851]LogWindows: Error: [Callstack] 0x0000000073117D75 UE4Editor-Slate.dll!UnknownFunction []
[2018.08.30-01.23.54:444][851]LogWindows: Error: [Callstack] 0x00000000731AF617 UE4Editor-Slate.dll!UnknownFunction []
[2018.08.30-01.23.54:444][851]LogWindows: Error: [Callstack] 0x0000000073197D0D UE4Editor-Slate.dll!UnknownFunction []
[2018.08.30-01.23.54:445][851]LogWindows: Error: [Callstack] 0x000000007318B3E2 UE4Editor-Slate.dll!UnknownFunction []
[2018.08.30-01.23.54:445][851]LogWindows: Error: [Callstack] 0x00000000BF26E69B UE4Editor-ApplicationCore.dll!UnknownFunction []
[2018.08.30-01.23.54:445][851]LogWindows: Error: [Callstack] 0x00000000BF261B78 UE4Editor-ApplicationCore.dll!UnknownFunction []
[2018.08.30-01.23.54:445][851]LogWindows: Error: [Callstack] 0x00000000BF27052C UE4Editor-ApplicationCore.dll!UnknownFunction []
[2018.08.30-01.23.54:445][851]LogWindows: Error: [Callstack] 0x00000000BF25D679 UE4Editor-ApplicationCore.dll!UnknownFunction []
[2018.08.30-01.23.54:445][851]LogWindows: Error: [Callstack] 0x00000000FD246CC1 USER32.dll!UnknownFunction []
[2018.08.30-01.23.54:445][851]LogWindows: Error: [Callstack] 0x00000000FD246693 USER32.dll!UnknownFunction []
[2018.08.30-01.23.54:445][851]LogWindows: Error: [Callstack] 0x00000000BF271666 UE4Editor-ApplicationCore.dll!UnknownFunction []
[2018.08.30-01.23.54:445][851]LogWindows: Error: [Callstack] 0x0000000090AE5475 UE4Editor.exe!UnknownFunction []
[2018.08.30-01.23.54:445][851]LogWindows: Error: [Callstack] 0x0000000090AF6BD0 UE4Editor.exe!UnknownFunction []
[2018.08.30-01.23.54:445][851]LogWindows: Error: [Callstack] 0x0000000090AF6C4A UE4Editor.exe!UnknownFunction []
[2018.08.30-01.23.54:445][851]LogWindows: Error: [Callstack] 0x0000000090B04177 UE4Editor.exe!UnknownFunction []
[2018.08.30-01.23.54:445][851]LogWindows: Error: [Callstack] 0x0000000090B05B87 UE4Editor.exe!UnknownFunction []
[2018.08.30-01.23.54:445][851]LogWindows: Error: [Callstack] 0x00000000FF3D3034 KERNEL32.DLL!UnknownFunction []
[2018.08.30-01.23.54:445][851]LogWindows: Error: [Callstack] 0x00000000FF971431 ntdll.dll!UnknownFunction []
[2018.08.30-01.23.54:445][851]LogWindows: Error: [Callstack] 0x00000000FF971431 ntdll.dll!UnknownFunction []
[2018.08.30-01.23.54:445][851]LogWindows: Error: 
[2018.08.30-01.23.54:458][851]LogExit: Executing StaticShutdownAfterError
[2018.08.30-01.23.54:460][851]LogWindows: FPlatformMisc::RequestExit(1)
[2018.08.30-01.23.54:460][851]Log file closed, 08/29/18 19:23:54
