Log file open, 09/26/18 19:07:19
LogWindows: Failed to load 'aqProf.dll' (GetLastError=126)
LogWindows: File 'aqProf.dll' does not exist
LogWindows: Failed to load 'VtuneApi.dll' (GetLastError=126)
LogWindows: File 'VtuneApi.dll' does not exist
LogWindows: Failed to load 'VtuneApi32e.dll' (GetLastError=126)
LogWindows: File 'VtuneApi32e.dll' does not exist
LogInit: Display: Running engine for game: Lin_Pan_oocass_2
LogPlatformFile: Not using cached read wrapper
LogTaskGraph: Started task graph with 5 named threads and 23 total threads with 3 sets of task threads.
LogStats: Stats thread started at 0.273794
LogD3D11RHI: Loaded GFSDK_Aftermath_Lib.x64.dll
LogICUInternationalization: Display: ICU TimeZone Detection - Raw Offset: -7:00, Platform Override: ''
LogPluginManager: Mounting plugin Paper2D
LogPluginManager: Mounting plugin AISupport
LogPluginManager: Mounting plugin LightPropagationVolume
LogPluginManager: Mounting plugin CLionSourceCodeAccess
LogPluginManager: Mounting plugin CodeLiteSourceCodeAccess
LogPluginManager: Mounting plugin GitSourceControl
LogPluginManager: Mounting plugin KDevelopSourceCodeAccess
LogPluginManager: Mounting plugin NullSourceCodeAccess
LogPluginManager: Mounting plugin PerforceSourceControl
LogPluginManager: Mounting plugin SubversionSourceControl
LogPluginManager: Mounting plugin UObjectPlugin
LogPluginManager: Mounting plugin VisualStudioCodeSourceCodeAccess
LogPluginManager: Mounting plugin VisualStudioSourceCodeAccess
LogPluginManager: Mounting plugin XCodeSourceCodeAccess
LogPluginManager: Mounting plugin AssetManagerEditor
LogPluginManager: Mounting plugin CryptoKeys
LogPluginManager: Mounting plugin DataValidation
LogPluginManager: Mounting plugin FacialAnimation
LogPluginManager: Mounting plugin GameplayTagsEditor
LogPluginManager: Mounting plugin MacGraphicsSwitching
LogPluginManager: Mounting plugin MeshEditor
LogPluginManager: Mounting plugin MobileLauncherProfileWizard
LogPluginManager: Mounting plugin PluginBrowser
LogPluginManager: Mounting plugin SpeedTreeImporter
LogPluginManager: Mounting plugin DatasmithContent
LogPluginManager: Mounting plugin AlembicImporter
LogPluginManager: Mounting plugin AppleImageUtils
LogPluginManager: Mounting plugin AppleVision
LogPluginManager: Mounting plugin BackChannel
LogPluginManager: Mounting plugin CharacterAI
LogPluginManager: Mounting plugin GeometryCache
LogPluginManager: Mounting plugin HTML5Networking
LogPluginManager: Mounting plugin ProxyLODPlugin
LogPluginManager: Mounting plugin MagicLeap
LogPluginManager: Mounting plugin MagicLeapEmulator
LogPluginManager: Mounting plugin MagicLeapMedia
LogPluginManager: Mounting plugin AndroidMedia
LogPluginManager: Mounting plugin AvfMedia
LogPluginManager: Mounting plugin ImgMedia
LogPluginManager: Mounting plugin LinearTimecode
LogPluginManager: Mounting plugin MediaCompositing
LogPluginManager: Mounting plugin MediaPlayerEditor
LogPluginManager: Mounting plugin WmfMedia
LogPluginManager: Mounting plugin TcpMessaging
LogPluginManager: Mounting plugin UdpMessaging
LogPluginManager: Mounting plugin ActorSequence
LogPluginManager: Mounting plugin LevelSequenceEditor
LogPluginManager: Mounting plugin MatineeToLevelSequence
LogPluginManager: Mounting plugin NetcodeUnitTest
LogPluginManager: Mounting plugin NUTUnrealEngine4
LogPluginManager: Mounting plugin OnlineSubsystemGooglePlay
LogPluginManager: Mounting plugin OnlineSubsystemIOS
LogPluginManager: Mounting plugin OnlineSubsystem
LogPluginManager: Mounting plugin OnlineSubsystemNull
LogPluginManager: Mounting plugin OnlineSubsystemUtils
LogPluginManager: Mounting plugin LauncherChunkInstaller
LogPluginManager: Mounting plugin AndroidDeviceProfileSelector
LogPluginManager: Mounting plugin AndroidMoviePlayer
LogPluginManager: Mounting plugin AndroidPermission
LogPluginManager: Mounting plugin AppleMoviePlayer
LogPluginManager: Mounting plugin ArchVisCharacter
LogPluginManager: Mounting plugin AudioCapture
LogPluginManager: Mounting plugin CableComponent
LogPluginManager: Mounting plugin CustomMeshComponent
LogPluginManager: Mounting plugin EditableMesh
LogPluginManager: Mounting plugin ExampleDeviceProfileSelector
LogPluginManager: Mounting plugin GoogleCloudMessaging
LogPluginManager: Mounting plugin ImmediatePhysics
LogPluginManager: Mounting plugin IOSDeviceProfileSelector
LogPluginManager: Mounting plugin LinuxDeviceProfileSelector
LogPluginManager: Mounting plugin LocationServicesBPLibrary
LogPluginManager: Mounting plugin MobilePatchingUtils
LogPluginManager: Mounting plugin OculusVR
LogPluginManager: Plugin shader directory ../../../Engine/Plugins/Runtime/Oculus/OculusVR/Shaders found
LogPluginManager: Mapping shader source directory ../../../Engine/Plugins/Runtime/Oculus/OculusVR/Shaders to virtual directory /Plugin/OculusVR
LogPluginManager: Mounting plugin PhysXVehicles
LogPluginManager: Mounting plugin ProceduralMeshComponent
LogPluginManager: Mounting plugin RuntimePhysXCooking
LogPluginManager: Mounting plugin SteamVR
LogPluginManager: Mounting plugin WindowsMoviePlayer
LogStreaming: Display: Took  0.090s to configure plugins.
LogInit: Using libcurl 7.55.1-DEV
LogInit:  - built for x86_64-pc-win32
LogInit:  - supports SSL with OpenSSL/1.0.2h
LogInit:  - supports HTTP deflate (compression) using libz 1.2.8
LogInit:  - other features:
LogInit:      CURL_VERSION_SSL
LogInit:      CURL_VERSION_LIBZ
LogInit:      CURL_VERSION_IPV6
LogInit:      CURL_VERSION_ASYNCHDNS
LogInit:      CURL_VERSION_LARGEFILE
LogInit:      CURL_VERSION_IDN
LogInit:  CurlRequestOptions (configurable via config and command line):
LogInit:  - bVerifyPeer = false  - Libcurl will NOT verify peer certificate
LogInit:  - bUseHttpProxy = false  - Libcurl will NOT use HTTP proxy
LogInit:  - bDontReuseConnections = false  - Libcurl will reuse connections
LogInit:  - CertBundlePath = nullptr  - Libcurl will use whatever was configured at build time.
LogInit:  - MaxHostConnections = 16  - Libcurl will limit the number of connections to a host
LogInit:  - LocalHostAddr = Default
LogInit:  - BufferSize = 65536
LogInit: WinSock: version 1.1 (2.2), MaxSocks=32767, MaxUdp=65467
LogInit: Build: ++UE4+Release-4.20-CL-4212847
LogInit: Engine Version: 4.20.0-4212847+++UE4+Release-4.20
LogInit: Compatible Engine Version: 4.20.0-4212847+++UE4+Release-4.20
LogInit: Net CL: 4212847
LogInit: OS: Windows 10 (), CPU: Intel(R) Core(TM) i7-8809G CPU @ 3.10GHz, GPU: Radeon RX Vega M GH Graphics
LogInit: Compiled (64-bit): Jul 14 2018 09:51:14
LogInit: Compiled with Visual C++: 19.13.26129.00
LogInit: Build Configuration: Development
LogInit: Branch Name: ++UE4+Release-4.20
LogInit: Command Line: 
LogInit: Base Directory: C:/Program Files/Epic Games/UE_4.20/Engine/Binaries/Win64/
LogInit: Installed Engine Build: 1
LogDevObjectVersion: Number of dev versions registered: 20
LogDevObjectVersion:   Dev-Blueprints (B0D832E4-1F89-4F0D-ACCF-7EB736FD4AA2): 10
LogDevObjectVersion:   Dev-Build (E1C64328-A22C-4D53-A36C-8E866417BD8C): 0
LogDevObjectVersion:   Dev-Core (375EC13C-06E4-48FB-B500-84F0262A717E): 2
LogDevObjectVersion:   Dev-Editor (E4B068ED-F494-42E9-A231-DA0B2E46BB41): 24
LogDevObjectVersion:   Dev-Framework (CFFC743F-43B0-4480-9391-14DF171D2073): 34
LogDevObjectVersion:   Dev-Mobile (B02B49B5-BB20-44E9-A304-32B752E40360): 2
LogDevObjectVersion:   Dev-Networking (A4E4105C-59A1-49B5-A7C5-40C4547EDFEE): 0
LogDevObjectVersion:   Dev-Online (39C831C9-5AE6-47DC-9A44-9C173E1C8E7C): 0
LogDevObjectVersion:   Dev-Physics (78F01B33-EBEA-4F98-B9B4-84EACCB95AA2): 0
LogDevObjectVersion:   Dev-Platform (6631380F-2D4D-43E0-8009-CF276956A95A): 0
LogDevObjectVersion:   Dev-Rendering (12F88B9F-8875-4AFC-A67C-D90C383ABD29): 26
LogDevObjectVersion:   Dev-Sequencer (7B5AE74C-D270-4C10-A958-57980B212A5A): 9
LogDevObjectVersion:   Dev-VR (D7296918-1DD6-4BDD-9DE2-64A83CC13884): 2
LogDevObjectVersion:   Dev-LoadTimes (C2A15278-BFE7-4AFE-6C17-90FF531DF755): 1
LogDevObjectVersion:   Private-Geometry (6EACA3D4-40EC-4CC1-B786-8BED09428FC5): 3
LogDevObjectVersion:   Dev-AnimPhys (29E575DD-E0A3-4627-9D10-D276232CDCEA): 17
LogDevObjectVersion:   Dev-ReflectionCapture (6B266CEC-1EC7-4B8F-A30B-E4D90942FC07): 1
LogDevObjectVersion:   Dev-Automation (0DF73D61-A23F-47EA-B727-89E90C41499A): 1
LogDevObjectVersion:   FortniteMain (601D1886-AC64-4F84-AA16-D3DE0DEAC7D6): 12
LogDevObjectVersion:   Dev-Enterprise (9DFFBCD6-494F-0158-E221-12823C92A888): 1
LogStreaming: Display: Took  0.000s to delete old logs.
LogInit: Presizing for max 8388607 objects, including 0 objects not considered by GC, pre-allocating 0 bytes for permanent pool.
LogInit: Object subsystem initialized
[2018.09.27-01.07.19:954][  0]LogInit: Selected Device Profile: [Windows]
[2018.09.27-01.07.19:954][  0]LogInit: Applying CVar settings loaded from the selected device profile: [Windows]
[2018.09.27-01.07.19:964][  0]LogHAL: Display: Platform has ~ 16 GB [17095028736 / 17179869184 / 16], which maps to Larger [LargestMinGB=32, LargerMinGB=12, DefaultMinGB=8, SmallerMinGB=6, SmallestMinGB=0)
[2018.09.27-01.07.19:964][  0]LogInit: Setting Device Profile CVar: [[r.Vulkan.UseRealUBs:1]]
[2018.09.27-01.07.19:964][  0]LogInit: Going up to parent DeviceProfile []
[2018.09.27-01.07.19:964][  0]LogInit: Computer: eae-n-029
[2018.09.27-01.07.19:964][  0]LogInit: User: u1213321
[2018.09.27-01.07.19:965][  0]LogInit: CPU Page size=4096, Cores=4
[2018.09.27-01.07.19:965][  0]LogInit: High frequency timer resolution =3.023435 MHz
[2018.09.27-01.07.19:965][  0]LogMemory: Memory total: Physical=15.9GB (16GB approx)
[2018.09.27-01.07.19:965][  0]LogMemory: Platform Memory Stats for Windows
[2018.09.27-01.07.19:965][  0]LogMemory: Process Physical Memory: 100.51 MB used, 100.51 MB peak
[2018.09.27-01.07.19:965][  0]LogMemory: Process Virtual Memory: 89.31 MB used, 89.31 MB peak
[2018.09.27-01.07.19:965][  0]LogMemory: Physical Memory: 7446.82 MB used,  8856.27 MB free, 16303.09 MB total
[2018.09.27-01.07.19:965][  0]LogMemory: Virtual Memory: 4638.87 MB used,  8856.27 MB free, 134217728.00 MB total
[2018.09.27-01.07.19:979][  0]LogInit: Using OS detected language (en-US).
[2018.09.27-01.07.19:979][  0]LogInit: Using OS detected locale (en-US).
[2018.09.27-01.07.19:980][  0]LogTextLocalizationManager: No specific localization for 'en-US' exists, so the 'en' localization will be used.
[2018.09.27-01.07.20:296][  0]LogStreaming: Display: Took  0.317s to InitEngineTextLocalization.
[2018.09.27-01.07.20:296][  0]LogInit: Setting process to per monitor DPI aware
[2018.09.27-01.07.20:341][  0]LogSlate: New Slate User Created.  User Index 0, Is Virtual User: 0
[2018.09.27-01.07.20:342][  0]LogSlate: Slate User Registered.  User Index 0, Is Virtual User: 0
[2018.09.27-01.07.20:533][  0]LogHMD: Failed to initialize OpenVR with code 110
[2018.09.27-01.07.20:533][  0]LogD3D11RHI: D3D11 adapters:
[2018.09.27-01.07.20:622][  0]LogD3D11RHI:    0. 'Radeon RX Vega M GH Graphics' (Feature Level 11_0)
[2018.09.27-01.07.20:622][  0]LogD3D11RHI:       4042/0/8151 MB DedicatedVideo/DedicatedSystem/SharedSystem, Outputs:1, VendorId:0x1002
[2018.09.27-01.07.20:644][  0]LogD3D11RHI:    1. 'Intel(R) HD Graphics 630' (Feature Level 11_0)
[2018.09.27-01.07.20:644][  0]LogD3D11RHI:       128/0/8151 MB DedicatedVideo/DedicatedSystem/SharedSystem, Outputs:0, VendorId:0x8086
[2018.09.27-01.07.20:646][  0]LogD3D11RHI:    2. 'Microsoft Basic Render Driver' (Feature Level 11_0)
[2018.09.27-01.07.20:646][  0]LogD3D11RHI:       0/0/8151 MB DedicatedVideo/DedicatedSystem/SharedSystem, Outputs:0, VendorId:0x1414
[2018.09.27-01.07.20:646][  0]LogD3D11RHI: Chosen D3D11 Adapter: 0
[2018.09.27-01.07.20:653][  0]LogD3D11RHI: Creating new Direct3DDevice
[2018.09.27-01.07.20:654][  0]LogD3D11RHI:     GPU DeviceId: 0x694c (for the marketing name, search the web for "GPU Device Id")
[2018.09.27-01.07.20:654][  0]LogWindows: EnumDisplayDevices:
[2018.09.27-01.07.20:654][  0]LogWindows:    0. 'Radeon RX Vega M GH Graphics' (P:1 D:1)
[2018.09.27-01.07.20:654][  0]LogWindows:    1. 'Radeon RX Vega M GH Graphics' (P:0 D:0)
[2018.09.27-01.07.20:654][  0]LogWindows:    2. 'Radeon RX Vega M GH Graphics' (P:0 D:0)
[2018.09.27-01.07.20:654][  0]LogWindows:    3. 'Radeon RX Vega M GH Graphics' (P:0 D:0)
[2018.09.27-01.07.20:655][  0]LogWindows:    4. 'Radeon RX Vega M GH Graphics' (P:0 D:0)
[2018.09.27-01.07.20:655][  0]LogWindows:    5. 'Radeon RX Vega M GH Graphics' (P:0 D:0)
[2018.09.27-01.07.20:655][  0]LogWindows:    6. 'Radeon RX Vega M GH Graphics' (P:0 D:0)
[2018.09.27-01.07.20:656][  0]LogWindows:    7. 'Radeon RX Vega M GH Graphics' (P:0 D:0)
[2018.09.27-01.07.20:656][  0]LogWindows:    8. 'Radeon RX Vega M GH Graphics' (P:0 D:0)
[2018.09.27-01.07.20:656][  0]LogWindows:    9. 'Radeon RX Vega M GH Graphics' (P:0 D:0)
[2018.09.27-01.07.20:656][  0]LogWindows:    10. 'Radeon RX Vega M GH Graphics' (P:0 D:0)
[2018.09.27-01.07.20:657][  0]LogWindows:    11. 'Radeon RX Vega M GH Graphics' (P:0 D:0)
[2018.09.27-01.07.20:657][  0]LogWindows:    12. 'Radeon RX Vega M GH Graphics' (P:0 D:0)
[2018.09.27-01.07.20:657][  0]LogWindows:    13. 'Radeon RX Vega M GH Graphics' (P:0 D:0)
[2018.09.27-01.07.20:657][  0]LogWindows:    14. 'Radeon RX Vega M GH Graphics' (P:0 D:0)
[2018.09.27-01.07.20:657][  0]LogWindows:    15. 'Radeon RX Vega M GH Graphics' (P:0 D:0)
[2018.09.27-01.07.20:658][  0]LogWindows:    16. 'Intel(R) HD Graphics 630' (P:0 D:0)
[2018.09.27-01.07.20:658][  0]LogWindows:    17. 'Intel(R) HD Graphics 630' (P:0 D:0)
[2018.09.27-01.07.20:658][  0]LogWindows: DebugString: PrimaryIsNotTheChoosenAdapter PrimaryIsNotTheChoosenAdapter FoundDriverCount:16 
[2018.09.27-01.07.20:658][  0]LogD3D11RHI:     Adapter Name: Radeon RX Vega M GH Graphics
[2018.09.27-01.07.20:658][  0]LogD3D11RHI:   Driver Version: Adrenalin 18.5.1 (internal:24.20.11016.4, unified:24.20.11016.4)
[2018.09.27-01.07.20:658][  0]LogD3D11RHI:      Driver Date: 5-16-2018
[2018.09.27-01.07.20:658][  0]LogRHI: Texture pool is 2829 MB (70% of 4042 MB)
[2018.09.27-01.07.20:836][  0]LogD3D11RHI: Async texture creation enabled
[2018.09.27-01.07.20:847][  0]LogD3D11RHI: GPU Timing Frequency: 25.000000 (Debug: 2 1)
[2018.09.27-01.07.20:848][  0]LogShaderCompilers: Guid format shader working directory is -21 characters bigger than the processId version (../../../../../../Users/u1213321/Documents/GitHub/AP/Lin_Pan_oocass_2/Intermediate/Shaders/WorkingDirectory/12500/).
[2018.09.27-01.07.20:848][  0]LogShaderCompilers: Cleaned the shader compiler working directory 'C:/Users/u1213321/AppData/Local/Temp/UnrealShaderWorkingDir/3D0CC7EB403888E4A367BA8DF5F940C3/'.
[2018.09.27-01.07.21:105][  0]LogTemp: Display: Loaded TP AllDesktopTargetPlatform
[2018.09.27-01.07.21:116][  0]LogTemp: Display: Loaded TP MacClientTargetPlatform
[2018.09.27-01.07.21:127][  0]LogTemp: Display: Loaded TP MacNoEditorTargetPlatform
[2018.09.27-01.07.21:139][  0]LogTemp: Display: Loaded TP MacServerTargetPlatform
[2018.09.27-01.07.21:150][  0]LogTemp: Display: Loaded TP MacTargetPlatform
[2018.09.27-01.07.21:161][  0]LogTemp: Display: Loaded TP WindowsClientTargetPlatform
[2018.09.27-01.07.21:173][  0]LogTemp: Display: Loaded TP WindowsNoEditorTargetPlatform
[2018.09.27-01.07.21:185][  0]LogTemp: Display: Loaded TP WindowsServerTargetPlatform
[2018.09.27-01.07.21:191][  0]LogTemp: Display: Loaded TP WindowsTargetPlatform
[2018.09.27-01.07.21:257][  0]LogTemp: Display: Loaded TP AndroidTargetPlatform
[2018.09.27-01.07.21:257][  0]LogTemp: Display: Loaded TP AndroidTargetPlatform
[2018.09.27-01.07.21:257][  0]LogTemp: Display: Loaded TP AndroidTargetPlatform
[2018.09.27-01.07.21:257][  0]LogTemp: Display: Loaded TP AndroidTargetPlatform
[2018.09.27-01.07.21:257][  0]LogTemp: Display: Loaded TP AndroidTargetPlatform
[2018.09.27-01.07.21:257][  0]LogTemp: Display: Loaded TP AndroidTargetPlatform
[2018.09.27-01.07.21:257][  0]LogTemp: Display: Loaded TP AndroidTargetPlatform
[2018.09.27-01.07.21:257][  0]LogTemp: Display: Loaded TP AndroidTargetPlatform
[2018.09.27-01.07.21:257][  0]LogTemp: Display: Loaded TP AndroidTargetPlatform
[2018.09.27-01.07.21:257][  0]LogTemp: Display: Loaded TP AndroidTargetPlatform
[2018.09.27-01.07.21:257][  0]LogTemp: Display: Loaded TP AndroidTargetPlatform
[2018.09.27-01.07.21:257][  0]LogTemp: Display: Loaded TP AndroidTargetPlatform
[2018.09.27-01.07.21:257][  0]LogTemp: Display: Loaded TP AndroidTargetPlatform
[2018.09.27-01.07.21:257][  0]LogTemp: Display: Loaded TP AndroidTargetPlatform
[2018.09.27-01.07.21:257][  0]LogTemp: Display: Loaded TP AndroidTargetPlatform
[2018.09.27-01.07.21:257][  0]LogTemp: Display: Loaded TP AndroidTargetPlatform
[2018.09.27-01.07.21:257][  0]LogTemp: Display: Loaded TP AndroidTargetPlatform
[2018.09.27-01.07.21:257][  0]LogTemp: Display: Loaded TP AndroidTargetPlatform
[2018.09.27-01.07.21:258][  0]LogTemp: Display: Loaded TP HTML5TargetPlatform
[2018.09.27-01.07.21:313][  0]LogTemp: Display: Loaded TP IOSTargetPlatform
[2018.09.27-01.07.21:313][  0]LogTemp: Display: Loaded TP IOSTargetPlatform
[2018.09.27-01.07.21:333][  0]LogTemp: Display: Loaded TP TVOSTargetPlatform
[2018.09.27-01.07.21:333][  0]LogTemp: Display: Loaded TP TVOSTargetPlatform
[2018.09.27-01.07.21:344][  0]LogTemp: Display: Loaded TP LinuxClientTargetPlatform
[2018.09.27-01.07.21:354][  0]LogTemp: Display: Loaded TP LinuxNoEditorTargetPlatform
[2018.09.27-01.07.21:364][  0]LogTemp: Display: Loaded TP LinuxServerTargetPlatform
[2018.09.27-01.07.21:375][  0]LogTemp: Display: Loaded TP LinuxTargetPlatform
[2018.09.27-01.07.21:382][  0]LogTemp: Display: Loaded TP LuminTargetPlatform
[2018.09.27-01.07.21:382][  0]LogTargetPlatformManager: Display: Building Assets For Windows
[2018.09.27-01.07.21:435][  0]LogXGEController: Cannot use XGE Controller as Incredibuild is not installed on this machine.
[2018.09.27-01.07.21:435][  0]LogShaderCompilers: Cannot use XGE Shader Compiler as Incredibuild is not installed on this machine.
[2018.09.27-01.07.21:435][  0]LogShaderCompilers: Display: Using Local Shader Compiler.
[2018.09.27-01.07.22:062][  0]LogDerivedDataCache: Display: Max Cache Size: 512 MB
[2018.09.27-01.07.22:125][  0]LogDerivedDataCache: Loaded boot cache 0.06s 87MB C:/Users/u1213321/AppData/Local/UnrealEngine/4.20/DerivedDataCache/Boot.ddc.
[2018.09.27-01.07.22:126][  0]LogDerivedDataCache: Display: Loaded Boot cache: C:/Users/u1213321/AppData/Local/UnrealEngine/4.20/DerivedDataCache/Boot.ddc
[2018.09.27-01.07.22:126][  0]LogDerivedDataCache: FDerivedDataBackendGraph:  Pak pak cache file ../../../../../../Users/u1213321/Documents/GitHub/AP/Lin_Pan_oocass_2/DerivedDataCache/DDC.ddp not found, will not use a pak cache.
[2018.09.27-01.07.22:126][  0]LogDerivedDataCache: Unable to find inner node Pak for hierarchical cache Hierarchy.
[2018.09.27-01.07.22:126][  0]LogDerivedDataCache: FDerivedDataBackendGraph:  CompressedPak pak cache file ../../../../../../Users/u1213321/Documents/GitHub/AP/Lin_Pan_oocass_2/DerivedDataCache/Compressed.ddp not found, will not use a pak cache.
[2018.09.27-01.07.22:126][  0]LogDerivedDataCache: Unable to find inner node CompressedPak for hierarchical cache Hierarchy.
[2018.09.27-01.07.22:136][  0]LogDerivedDataCache: Display: Pak cache opened for reading ../../../Engine/DerivedDataCache/Compressed.ddp.
[2018.09.27-01.07.22:149][  0]LogDerivedDataCache: Using Local data cache path C:/Users/u1213321/AppData/Local/UnrealEngine/Common/DerivedDataCache: Writable
[2018.09.27-01.07.22:149][  0]LogDerivedDataCache: Shared data cache path not found in *engine.ini, will not use an Shared cache.
[2018.09.27-01.07.22:149][  0]LogDerivedDataCache: Unable to find inner node Shared for hierarchical cache Hierarchy.
[2018.09.27-01.07.22:166][  0]LogMaterial: Verifying Global Shaders for PCD3D_SM5
[2018.09.27-01.07.22:167][  0]LogSlate: Using FreeType 2.6.0
[2018.09.27-01.07.22:167][  0]LogSlate: SlateFontServices - WITH_FREETYPE: 1, WITH_HARFBUZZ: 1
[2018.09.27-01.07.22:233][  0]LogAssetRegistry: FAssetRegistry took 0.0257 seconds to start up
[2018.09.27-01.07.22:506][  0]LogInit: Selected Device Profile: [Windows]
[2018.09.27-01.07.22:619][  0]LogSimplygon: Simplygon DLL not present - disabling.
[2018.09.27-01.07.22:623][  0]LogMeshReduction: Using SimplygonSwarm for distributed automatic mesh merging
[2018.09.27-01.07.22:623][  0]LogMeshReduction: Using ProxyLODMeshReduction for automatic mesh merging
[2018.09.27-01.07.22:623][  0]LogMeshReduction: Using QuadricMeshReduction for automatic static mesh reduction
[2018.09.27-01.07.22:623][  0]LogMeshReduction: No automatic skeletal mesh reduction module available
[2018.09.27-01.07.22:641][  0]LogNetVersion: Lin_Pan_oocass_2 1.0.0, NetCL: 4212847, EngineNetVer: 5, GameNetVer: 0 (Checksum: 880066647)
[2018.09.27-01.07.23:130][  0]LogPackageLocalizationCache: Processed 11 localized package path(s) for 2 prioritized culture(s) in 0.088405 seconds
[2018.09.27-01.07.23:136][  0]LogUObjectArray: 38425 objects as part of root set at end of initial load.
[2018.09.27-01.07.23:136][  0]LogUObjectAllocator: 6690872 out of 0 bytes used by permanent object pool.
[2018.09.27-01.07.23:136][  0]LogUObjectArray: CloseDisregardForGC: 0/0 objects in disregard for GC pool
[2018.09.27-01.07.23:897][  0]LogTcpMessaging: Initializing TcpMessaging bridge
[2018.09.27-01.07.23:922][  0]LogUdpMessaging: Initializing bridge on interface 0.0.0.0:0 to multicast group 230.0.0.1:6666.
[2018.09.27-01.07.24:056][  0]SourceControl: Source control is disabled
[2018.09.27-01.07.24:056][  0]SourceControl: Source control is disabled
[2018.09.27-01.07.24:058][  0]SourceControl: Source control is disabled
[2018.09.27-01.07.24:059][  0]SourceControl: Source control is disabled
[2018.09.27-01.07.24:212][  0]LogAndroidPermission: UAndroidPermissionCallbackProxy::GetInstance
[2018.09.27-01.07.24:283][  0]LogOcInput: OculusInput pre-init called
[2018.09.27-01.07.24:341][  0]LogEngine: Initializing Engine...
[2018.09.27-01.07.24:342][  0]LogHMD: Failed to initialize OpenVR with code 110
[2018.09.27-01.07.24:343][  0]LogStats: UGameplayTagsManager::ConstructGameplayTagTree: ImportINI prefixes -  0.000 s
[2018.09.27-01.07.24:343][  0]LogStats: UGameplayTagsManager::ConstructGameplayTagTree: Construct from data asset -  0.000 s
[2018.09.27-01.07.24:343][  0]LogStats: UGameplayTagsManager::ConstructGameplayTagTree: ImportINI -  0.000 s
[2018.09.27-01.07.24:343][  0]LogStats: UGameplayTagsManager::ConstructGameplayTagTree: GameplayTagTreeChangedEvent.Broadcast -  0.000 s
[2018.09.27-01.07.24:544][  0]LogInit: Initializing FReadOnlyCVARCache
[2018.09.27-01.07.24:557][  0]LogAIModule: Creating AISystem for world Untitled
[2018.09.27-01.07.24:588][  0]LogInit: XAudio2 using '5 - DELL UZ2315H (AMD High Definition Audio Device)' : 2 channels at 48 kHz using 16 bits per sample (channel mask 0x3)
[2018.09.27-01.07.24:615][  0]LogInit: FAudioDevice initialized.
[2018.09.27-01.07.24:615][  0]LogNetVersion: Set ProjectVersion to 1.0.0.0. Version Checksum will be recalculated on next use.
[2018.09.27-01.07.24:705][  0]LogDerivedDataCache: Saved boot cache 0.09s 87MB C:/Users/u1213321/AppData/Local/UnrealEngine/4.20/DerivedDataCache/Boot.ddc.
[2018.09.27-01.07.24:709][  0]LogInit: Texture streaming: Enabled
[2018.09.27-01.07.24:726][  0]LogEngineSessionManager: EngineSessionManager initialized
[2018.09.27-01.07.24:742][  0]LogInit: Transaction tracking system initialized
[2018.09.27-01.07.24:766][  0]BlueprintLog: New page: Editor Load
[2018.09.27-01.07.24:917][  0]LocalizationService: Localization service is disabled
[2018.09.27-01.07.25:168][  0]LogFileCache: Scanning file cache for directory 'C:/Users/u1213321/Documents/GitHub/AP/Lin_Pan_oocass_2/Content/' took 0.01s
[2018.09.27-01.07.25:168][  0]LogCook: Display: Max memory allowance for cook 16384mb min free memory 0mb
[2018.09.27-01.07.25:168][  0]LogCook: Display: Mobile HDR setting 1
[2018.09.27-01.07.25:168][  0]LogGameplayTags: Display: UGameplayTagsManager::DoneAddingNativeTags. DelegateIsBound: 0
[2018.09.27-01.07.25:168][  0]LogStats: UGameplayTagsManager::ConstructGameplayTagTree: ImportINI prefixes -  0.000 s
[2018.09.27-01.07.25:168][  0]LogStats: UGameplayTagsManager::ConstructGameplayTagTree: Construct from data asset -  0.000 s
[2018.09.27-01.07.25:168][  0]LogStats: UGameplayTagsManager::ConstructGameplayTagTree: ImportINI -  0.000 s
[2018.09.27-01.07.25:168][  0]LogStats: UGameplayTagsManager::ConstructGameplayTagTree: GameplayTagTreeChangedEvent.Broadcast -  0.000 s
[2018.09.27-01.07.25:306][  0]SourceControl: Source control is disabled
[2018.09.27-01.07.25:306][  0]Cmd: MAP LOAD FILE="../../../Engine/Content/Maps/Templates/Template_Default.umap" TEMPLATE=1 SHOWPROGRESS=1 FEATURELEVEL=3
[2018.09.27-01.07.25:306][  0]LightingResults: New page: Lighting Build
[2018.09.27-01.07.25:310][  0]MapCheck: New page: Map Check
[2018.09.27-01.07.25:310][  0]LightingResults: New page: Lighting Build
[2018.09.27-01.07.25:490][  0]LogAIModule: Creating AISystem for world Untitled_1
[2018.09.27-01.07.25:496][  0]LogEditorServer: Finished looking for orphan Actors (0.000 secs)
[2018.09.27-01.07.25:517][  0]Cmd: MAP CHECKDEP NOCLEARLOG
[2018.09.27-01.07.25:576][  0]MapCheck: Map check complete: 0 Error(s), 0 Warning(s), took 59.007ms to complete.
[2018.09.27-01.07.25:576][  0]LogFileHelpers: Loading map 'Template_Default' took 0.270
[2018.09.27-01.07.25:704][  0]LogSlate: Updating window title bar state: overlay mode, drag disabled, window buttons hidden, title bar hidden
[2018.09.27-01.07.25:712][  0]LogSlate: Updating window title bar state: overlay mode, drag disabled, window buttons hidden, title bar hidden
[2018.09.27-01.07.25:718][  0]LogSlate: Updating window title bar state: overlay mode, drag disabled, window buttons hidden, title bar hidden
[2018.09.27-01.07.25:724][  0]LogSlate: Updating window title bar state: overlay mode, drag disabled, window buttons hidden, title bar hidden
[2018.09.27-01.07.25:734][  0]LogCollectionManager: Loaded 0 collections in 0.001680 seconds
[2018.09.27-01.07.25:778][  0]LogFileCache: Scanning file cache for directory 'C:/Users/u1213321/Documents/GitHub/AP/Lin_Pan_oocass_2/Saved/Collections/' took 0.01s
[2018.09.27-01.07.25:778][  0]LogFileCache: Scanning file cache for directory 'C:/Users/u1213321/Documents/GitHub/AP/Lin_Pan_oocass_2/Content/Developers/u1213321/Collections/' took 0.01s
[2018.09.27-01.07.25:779][  0]LogFileCache: Scanning file cache for directory 'C:/Users/u1213321/Documents/GitHub/AP/Lin_Pan_oocass_2/Content/Collections/' took 0.01s
[2018.09.27-01.07.25:779][  0]LogCollectionManager: Rebuilt the GUID cache for 0 collections in 0.000000 seconds
[2018.09.27-01.07.25:787][  0]LogContentBrowser: Native class hierarchy populated in 0.0079 seconds. Added 2572 classes and 603 folders.
[2018.09.27-01.07.25:793][  0]LogContentBrowser: Native class hierarchy updated for 'WidgetCarousel' in 0.0002 seconds. Added 0 classes and 0 folders.
[2018.09.27-01.07.26:218][  0]LogContentBrowser: Native class hierarchy updated for 'AddContentDialog' in 0.0002 seconds. Added 0 classes and 0 folders.
[2018.09.27-01.07.26:238][  0]LogContentBrowser: Native class hierarchy updated for 'SceneOutliner' in 0.0002 seconds. Added 1 classes and 2 folders.
[2018.09.27-01.07.26:251][  0]LogSlate: Took 0.000157 seconds to synchronously load lazily loaded font '../../../Engine/Content/Slate/Fonts/Roboto-Regular.ttf' (155K)
[2018.09.27-01.07.26:253][  0]LogSlate: Took 0.000215 seconds to synchronously load lazily loaded font '../../../Engine/Content/Slate/Fonts/Roboto-Bold.ttf' (160K)
[2018.09.27-01.07.26:265][  0]LogSlate: Took 0.006406 seconds to synchronously load lazily loaded font '../../../Engine/Content/Editor/Slate/Fonts/FontAwesome.ttf' (139K)
[2018.09.27-01.07.26:369][  0]LogRenderer: Reallocating scene render targets to support 1208x576 Format 10 NumSamples 1 (Frame:1).
[2018.09.27-01.07.26:653][  0]LogContentBrowser: Native class hierarchy updated for 'HierarchicalLODOutliner' in 0.0002 seconds. Added 0 classes and 0 folders.
[2018.09.27-01.07.26:653][  0]LogLoad: (Engine Initialization) Total time: 8.37 seconds
[2018.09.27-01.07.26:653][  0]LogLoad: (Engine Initialization) Total Blueprint compile time: 0.00 seconds
[2018.09.27-01.07.26:663][  0]LogWindowsTextInputMethodSystem: Display: IME system now deactivated.
[2018.09.27-01.07.26:682][  0]LogContentStreaming: Texture pool size now 3000 MB
[2018.09.27-01.07.29:044][269]LogSlate: FSceneViewport::OnFocusLost() reason 2
[2018.09.27-01.07.30:510][445]LogAssetRegistry: Asset discovery search completed in 8.3004 seconds
[2018.09.27-01.07.30:511][445]LogCollectionManager: Rebuilt the object cache for 0 collections in 0.000000 seconds (found 0 objects)
[2018.09.27-01.07.30:511][445]LogCollectionManager: Fixed up redirectors for 0 collections in 0.000036 seconds (updated 0 objects)
[2018.09.27-01.07.39:428][965]LogSlate: FSceneViewport::OnFocusLost() reason 0
[2018.09.27-01.08.08:498][389]LogSlate: FSceneViewport::OnFocusLost() reason 0
[2018.09.27-01.08.08:634][402]LogRenderer: Reallocating scene render targets to support 1208x924 Format 10 NumSamples 1 (Frame:868).
[2018.09.27-01.08.30:238][501]LogSlate: Took 0.000143 seconds to synchronously load lazily loaded font '../../../Engine/Content/Slate/Fonts/Roboto-Light.ttf' (167K)
[2018.09.27-01.08.30:248][501]LogFactory: FactoryCreateFile: StaticMesh with FbxFactory (0 0 ../../../../../../Users/u1213321/Desktop/woodblock_1.fbx)
[2018.09.27-01.08.30:285][501]LogFbx: Loading FBX Scene from ../../../../../../Users/u1213321/Desktop/woodblock_1.fbx
[2018.09.27-01.08.30:295][501]LogFbx: FBX Scene Loaded Succesfully
[2018.09.27-01.08.33:071][501]LogSlate: Window 'FBX Import Options' being destroyed
[2018.09.27-01.08.33:223][501]LogLinker: Can't find file '/Game/woodtexture'
[2018.09.27-01.08.33:223][501]LogLinker: Can't find file '/Game/woodtexture'
[2018.09.27-01.08.33:278][501]LogTexture: Display: Building textures: woodtexture (AutoDXT, 2048X2048)
[2018.09.27-01.08.33:948][501]LogMaterial: Display: Missing cached shader map for material phong4, compiling. 
[2018.09.27-01.08.33:986][501]LogFbx: Warning: Triangulating static mesh pCube1
[2018.09.27-01.08.33:991][501]LogStaticMesh: Building static mesh woodblock_1...
[2018.09.27-01.08.33:997][501]LogShaderCompilers: Display: Shaders left to compile 22
[2018.09.27-01.08.33:997][501]LogShaderCompilers: Display: Shaders left to compile 12
[2018.09.27-01.08.33:997][501]LogShaderCompilers: Display: Shaders left to compile 2
[2018.09.27-01.08.33:997][501]LogStaticMesh: Built static mesh [0.01s] /Game/woodblock_1.woodblock_1
[2018.09.27-01.08.34:020][501]FBXImport: Warning: No smoothing group information was found in this FBX scene.  Please make sure to enable the 'Export Smoothing Groups' option in the FBX Exporter plug-in before exporting the file.  Even for tools that don't support smoothing groups, the FBX Exporter will generate appropriate smoothing data at export-time so that correct vertex normals can be inferred while importing. 
[2018.09.27-01.08.34:053][501]LogSlate: Took 0.000216 seconds to synchronously load lazily loaded font '../../../Engine/Content/Slate/Fonts/Roboto-Light.ttf' (167K)
[2018.09.27-01.08.40:143][161]LogSlate: Window 'Message Log' being destroyed
[2018.09.27-01.08.40:147][161]LogSlate: Window 'Message Log' being destroyed
[2018.09.27-01.08.55:346][663]LogActorFactory: Actor Factory created woodblock_1
[2018.09.27-01.08.56:140][755]LogActorFactory: Actor Factory created woodblock_1
[2018.09.27-01.09.18:135][355]LogSlate: FSceneViewport::OnFocusLost() reason 0
[2018.09.27-01.09.28:576][509]LogEditorViewport: Clicking on Actor (LMB): StaticMeshActor (woodblock_1)
[2018.09.27-01.09.29:333][598]Cmd: DELETE
[2018.09.27-01.09.29:333][598]Cmd: ACTOR DELETE
[2018.09.27-01.09.29:336][598]LogEditorActor: Deleted Actor: StaticMeshActor
[2018.09.27-01.09.29:353][598]LogEditorActor: Deleted 1 Actors (0.020 secs)
[2018.09.27-01.09.31:261][821]LogSlate: FSceneViewport::OnFocusLost() reason 0
[2018.09.27-01.09.52:578][933]LogActorFactory: Actor Factory created woodblock_1
[2018.09.27-01.09.53:150][  1]LogActorFactory: Actor Factory created woodblock_1
[2018.09.27-01.09.57:211][395]LogSlate: FSceneViewport::OnFocusLost() reason 0
[2018.09.27-01.10.04:782][ 50]LogEditorViewport: Clicking on Actor (LMB): StaticMeshActor (Floor)
[2018.09.27-01.10.06:008][192]LogEditorViewport: Clicking on Actor (LMB): StaticMeshActor (woodblock_1)
[2018.09.27-01.10.07:863][408]LogEditorViewport: Clicking on Actor (LMB): StaticMeshActor (Floor)
[2018.09.27-01.10.09:555][605]LogEditorViewport: Clicking on Actor (LMB): StaticMeshActor (woodblock_1)
[2018.09.27-01.10.14:982][246]LogEditorViewport: Clicking on Actor (LMB): StaticMeshActor (Floor)
[2018.09.27-01.10.16:942][475]LogEditorViewport: Clicking on Actor (LMB): StaticMeshActor (woodblock_1)
[2018.09.27-01.10.19:312][725]LogSlate: FSceneViewport::OnFocusLost() reason 0
[2018.09.27-01.10.20:372][848]LogMaterial: Display: Missing cached shader map for material woodtexture_Mat, compiling. 
[2018.09.27-01.10.20:388][848]LogShaderCompilers: Display: Shaders left to compile 22
[2018.09.27-01.10.20:388][848]LogShaderCompilers: Display: Shaders left to compile 12
[2018.09.27-01.10.20:388][848]LogShaderCompilers: Display: Shaders left to compile 2
[2018.09.27-01.10.23:435][106]LogSlate: FSceneViewport::OnFocusLost() reason 0
[2018.09.27-01.10.26:190][425]LogEditorViewport: Clicking on Actor (LMB): StaticMeshActor (woodblock_1)
[2018.09.27-01.10.27:051][525]LogSlate: FSceneViewport::OnFocusLost() reason 0
[2018.09.27-01.10.32:550][183]LogSlate: FSceneViewport::OnFocusLost() reason 0
[2018.09.27-01.10.36:282][628]LogEditorViewport: Clicking on Actor (LMB): StaticMeshActor (Floor)
[2018.09.27-01.10.38:103][841]LogEditorViewport: Clicking on Actor (LMB): StaticMeshActor (woodblock_1)
[2018.09.27-01.10.44:433][573]LogSlate: FSceneViewport::OnFocusLost() reason 0
[2018.09.27-01.11.06:793][945]LogEditorViewport: Clicking on Actor (LMB): StaticMeshActor (Floor)
[2018.09.27-01.11.09:901][312]LogEditorViewport: Clicking on Actor (LMB): StaticMeshActor (woodblock_1)
[2018.09.27-01.11.27:794][ 36]LogSlate: FSceneViewport::OnFocusLost() reason 2
[2018.09.27-01.11.28:704][125]LogEditorViewport: Clicking on Actor (LMB): StaticMeshActor (Floor)
[2018.09.27-01.11.29:541][220]LogEditorViewport: Clicking on Actor (LMB): StaticMeshActor (Floor)
[2018.09.27-01.11.30:162][292]LogEditorViewport: Clicking on Actor (LMB): StaticMeshActor (Floor)
[2018.09.27-01.11.30:955][385]LogEditorViewport: Clicking on Actor (context menu): StaticMeshActor (Floor)
[2018.09.27-01.11.30:978][385]LogSlate: FSceneViewport::OnFocusLost() reason 2
[2018.09.27-01.11.31:574][450]LogEditorViewport: Clicking on Actor (LMB): StaticMeshActor (Floor)
[2018.09.27-01.11.31:995][498]LogEditorViewport: Clicking on Actor (LMB): StaticMeshActor (Floor)
[2018.09.27-01.11.35:964][946]LogSlate: FSceneViewport::OnFocusLost() reason 0
[2018.09.27-01.11.40:421][478]Cmd: TRANSACTION UNDO
[2018.09.27-01.11.40:421][478]LogEditorTransaction: Undo Move Actors
[2018.09.27-01.11.41:175][566]LogEditorViewport: Clicking on Actor (LMB): StaticMeshActor (Floor)
[2018.09.27-01.11.58:531][613]LogEditorViewport: Clicking on Actor (LMB): StaticMeshActor (woodblock_1)
[2018.09.27-01.12.04:337][271]LogSlate: FSceneViewport::OnFocusLost() reason 0
[2018.09.27-01.12.29:259][213]LogAssetEditorManager: Opening Asset editor for Material /Game/phong4.phong4
[2018.09.27-01.12.29:264][213]LogMaterial: Display: Missing cached shader map for material phong4, compiling. 
[2018.09.27-01.12.29:587][213]LogMaterial: Display: Missing cached shader map for material phong4, compiling. 
[2018.09.27-01.12.29:603][213]LogShaderCompilers: Display: Shaders left to compile 21
[2018.09.27-01.12.29:603][213]LogShaderCompilers: Display: Shaders left to compile 20
[2018.09.27-01.12.29:603][213]LogShaderCompilers: Display: Shaders left to compile 19
[2018.09.27-01.12.29:603][213]LogShaderCompilers: Display: Shaders left to compile 18
[2018.09.27-01.12.29:629][213]LogMaterial: Display: Missing cached shader map for material FMatExpressionPreview MaterialExpressionTextureSample_0, compiling. 
[2018.09.27-01.12.29:659][213]LogSlate: Took 0.007238 seconds to synchronously load lazily loaded font '../../../Engine/Content/Slate/Fonts/Roboto-BoldCondensed.ttf' (158K)
[2018.09.27-01.12.30:154][237]LogShaderCompilers: Display: Shaders left to compile 19
[2018.09.27-01.12.30:214][241]LogShaderCompilers: Display: Shaders left to compile 18
[2018.09.27-01.12.30:215][241]LogShaderCompilers: Display: Shaders left to compile 17
[2018.09.27-01.12.30:224][242]LogShaderCompilers: Display: Shaders left to compile 16
[2018.09.27-01.12.30:327][248]LogShaderCompilers: Display: Shaders left to compile 15
[2018.09.27-01.12.30:393][252]LogShaderCompilers: Display: Shaders left to compile 14
[2018.09.27-01.12.30:415][253]LogShaderCompilers: Display: Shaders left to compile 13
[2018.09.27-01.12.30:429][254]LogShaderCompilers: Display: Shaders left to compile 12
[2018.09.27-01.12.30:511][259]LogShaderCompilers: Display: Shaders left to compile 11
[2018.09.27-01.12.30:721][272]LogShaderCompilers: Display: Shaders left to compile 10
[2018.09.27-01.12.30:843][282]LogShaderCompilers: Display: Shaders left to compile 9
[2018.09.27-01.12.30:878][285]LogShaderCompilers: Display: Shaders left to compile 8
[2018.09.27-01.12.30:932][289]LogShaderCompilers: Display: Shaders left to compile 7
[2018.09.27-01.12.31:087][300]LogShaderCompilers: Display: Shaders left to compile 6
[2018.09.27-01.12.31:150][304]LogShaderCompilers: Display: Shaders left to compile 5
[2018.09.27-01.12.31:325][317]LogShaderCompilers: Display: Shaders left to compile 4
[2018.09.27-01.12.31:354][319]LogShaderCompilers: Display: Shaders left to compile 3
[2018.09.27-01.12.31:409][323]LogShaderCompilers: Display: Shaders left to compile 2
[2018.09.27-01.12.31:525][332]LogShaderCompilers: Display: Shaders left to compile 1
[2018.09.27-01.12.31:740][346]MaterialEditorStats: Base pass shader: 102 instructions
[2018.09.27-01.12.31:740][346]MaterialEditorStats: Base pass shader with Volumetric Lightmap: 175 instructions
[2018.09.27-01.12.31:740][346]MaterialEditorStats: Base pass vertex shader: 36 instructions
[2018.09.27-01.12.31:740][346]MaterialEditorStats: Texture samplers: 4/16
[2018.09.27-01.12.31:740][346]MaterialEditorStats: Texture Lookups (Est.): VS(0), PS(1)
[2018.09.27-01.12.31:740][346]MaterialEditorStats: User interpolators: 2/4 Scalars (1/4 Vectors) (TexCoords: 2, Custom: 0)
[2018.09.27-01.12.41:240][340]LogSlate: FSceneViewport::OnFocusLost() reason 0
[2018.09.27-01.12.41:325][350]LogSlate: Window 'phong4*' being destroyed
[2018.09.27-01.12.41:330][350]LogSlate: Window 'phong4*' being destroyed
[2018.09.27-01.12.42:848][507]LogSlate: FSceneViewport::OnFocusLost() reason 0
[2018.09.27-01.12.44:574][709]LogEditorViewport: Clicking on Actor (LMB): StaticMeshActor (Floor)
[2018.09.27-01.12.45:358][798]LogEditorViewport: Clicking on Actor (LMB): StaticMeshActor (woodblock_1)
[2018.09.27-01.12.46:331][910]LogEditorViewport: Clicking on Actor (LMB): StaticMeshActor (Floor)
[2018.09.27-01.12.47:357][ 28]LogSlate: FSceneViewport::OnFocusLost() reason 0
[2018.09.27-01.12.48:394][152]LogEditorViewport: Clicking on Actor (LMB): StaticMeshActor (woodblock_1)
[2018.09.27-01.12.51:216][484]LogEditorViewport: Clicking on Actor (LMB): BP_Sky_Sphere_C (Sky Sphere)
[2018.09.27-01.12.55:719][ 19]LogEditorViewport: Clicking on Actor (LMB): StaticMeshActor (woodblock_1)
[2018.09.27-01.12.56:132][ 62]LogSlate: Took 0.005141 seconds to synchronously load lazily loaded font '../../../Engine/Content/Slate/Fonts/Roboto-Italic.ttf' (157K)
[2018.09.27-01.12.59:812][424]LogSlate: FSceneViewport::OnFocusLost() reason 0
[2018.09.27-01.13.10:113][369]LogEditorViewport: Clicking on Actor (LMB): BP_Sky_Sphere_C (Sky Sphere)
[2018.09.27-01.13.13:626][786]LogSlate: FSceneViewport::OnFocusLost() reason 0
[2018.09.27-01.13.15:172][971]LogEditorViewport: Clicking Background
[2018.09.27-01.13.20:555][615]LogEditorViewport: Clicking on Actor (LMB): StaticMeshActor (woodblock_1)
[2018.09.27-01.13.24:557][ 89]LogEditorViewport: Clicking on Actor (LMB): PlayerStart (Player Start)
[2018.09.27-01.13.26:011][260]LogSlate: FSceneViewport::OnFocusLost() reason 0
[2018.09.27-01.13.26:907][367]LogEditorViewport: Clicking Background
[2018.09.27-01.13.27:459][432]LogEditorViewport: Clicking on Actor (LMB): StaticMeshActor (woodblock_1)
[2018.09.27-01.13.28:662][571]LogEditorViewport: Clicking Background
[2018.09.27-01.13.34:636][285]LogEditorViewport: Clicking on Actor (LMB): StaticMeshActor (woodblock_1)
[2018.09.27-01.13.39:741][882]LogSlate: FSceneViewport::OnFocusLost() reason 0
[2018.09.27-01.13.44:477][341]LogEditorViewport: Clicking Background
[2018.09.27-01.13.45:304][439]LogEditorViewport: Clicking on Actor (LMB): StaticMeshActor (woodblock_1)
[2018.09.27-01.13.46:846][596]LogSlate: FSceneViewport::OnFocusLost() reason 0
[2018.09.27-01.13.47:924][711]LogEditorViewport: Clicking Background
[2018.09.27-01.13.48:574][788]LogEditorViewport: Clicking Background
[2018.09.27-01.14.50:689][159]LogEditorViewport: Clicking Background
[2018.09.27-01.14.51:175][217]LogEditorViewport: Clicking Background
[2018.09.27-01.14.53:361][479]LogSlate: FSceneViewport::OnFocusLost() reason 0
[2018.09.27-01.14.58:907][138]LogSlate: FSceneViewport::OnFocusLost() reason 0
[2018.09.27-01.15.11:762][654]LogSlate: FSceneViewport::OnFocusLost() reason 0
[2018.09.27-01.15.12:386][728]LogEditorViewport: Clicking Background
[2018.09.27-01.15.20:917][746]LogEditorViewport: Clicking on Actor (LMB): StaticMeshActor (woodblock_1)
[2018.09.27-01.15.21:249][780]Cmd: CAMERA ALIGN ACTIVEVIEWPORTONLY
[2018.09.27-01.15.29:075][708]Cmd: DELETE
[2018.09.27-01.15.29:075][708]Cmd: ACTOR DELETE
[2018.09.27-01.15.29:076][708]LogEditorActor: Deleted Actor: StaticMeshActor
[2018.09.27-01.15.29:098][708]LogEditorActor: Deleted 1 Actors (0.023 secs)
[2018.09.27-01.15.56:270][681]LogSlate: FSceneViewport::OnFocusLost() reason 0
[2018.09.27-01.15.58:667][968]LogSlate: FSceneViewport::OnFocusLost() reason 0
[2018.09.27-01.16.02:836][466]LogSlate: FSceneViewport::OnFocusLost() reason 0
[2018.09.27-01.16.12:286][595]LogSlate: FSceneViewport::OnFocusLost() reason 2
[2018.09.27-01.16.12:868][665]LogEditorViewport: Clicking Background
[2018.09.27-01.16.13:929][792]LogEditorViewport: Clicking Background
[2018.09.27-01.16.14:231][828]LogEditorViewport: Clicking on Actor (LMB): StaticMeshActor (woodblock_1)
[2018.09.27-01.16.14:972][912]LogEditorViewport: Clicking Background
[2018.09.27-01.16.27:970][470]LogSlate: FSceneViewport::OnFocusLost() reason 0
[2018.09.27-01.16.28:218][482]LogSlate: Window 'Tutorials' being destroyed
[2018.09.27-01.16.31:524][873]LogEditorViewport: Clicking Background
[2018.09.27-01.16.32:227][957]LogSlate: FSceneViewport::OnFocusLost() reason 0
[2018.09.27-01.16.35:066][297]LogEditorViewport: Clicking Background
[2018.09.27-01.16.36:483][467]LogEditorViewport: Clicking Background
[2018.09.27-01.16.38:087][650]LogSlate: FSceneViewport::OnFocusLost() reason 0
[2018.09.27-01.16.39:217][784]LogSlate: Window 'Tutorials' being destroyed
[2018.09.27-01.16.39:221][784]LogSlate: Window 'Tutorials' being destroyed
[2018.09.27-01.16.39:619][832]LogEditorViewport: Clicking Background
[2018.09.27-01.16.41:531][ 61]LogSlate: FSceneViewport::OnFocusLost() reason 0
[2018.09.27-01.16.45:215][503]LogEditorViewport: Clicking Background
[2018.09.27-01.16.45:530][540]LogSlate: FSceneViewport::OnFocusLost() reason 0
[2018.09.27-01.16.46:646][674]LogUObjectGlobals: Warning: Failed to find object 'Object None.ActorDetails'
[2018.09.27-01.16.53:416][478]LogSlate: Window 'Tutorials' being destroyed
[2018.09.27-01.16.53:420][478]LogSlate: Window 'Tutorials' being destroyed
[2018.09.27-01.16.57:182][929]LogEditorViewport: Clicking on Actor (LMB): StaticMeshActor (woodblock_1)
[2018.09.27-01.16.58:554][ 88]LogEditorViewport: Clicking Background
[2018.09.27-01.17.26:506][439]LogSlate: FSceneViewport::OnFocusLost() reason 2
[2018.09.27-01.17.26:564][439]LogSavePackage: Moving '../../../../../../Users/u1213321/Documents/GitHub/AP/Lin_Pan_oocass_2/Saved/Untitled_1_Auto15EF478214CDA74584B4D09952C8E5E88.tmp' to '../../../../../../Users/u1213321/Documents/GitHub/AP/Lin_Pan_oocass_2/Saved/Autosaves/Temp/Untitled_1_Auto1.umap'
[2018.09.27-01.17.26:569][439]LogFileHelpers: Editor autosave (incl. sublevels) for '/Temp/Untitled_1' took 0.048
[2018.09.27-01.17.26:569][439]LogFileHelpers: Editor autosave (incl. sublevels) for all levels took 0.048
[2018.09.27-01.17.26:572][439]OBJ SavePackage: Generating thumbnails for [1] asset(s) in package [/Game/woodblock_1] ([1] browsable assets)...
[2018.09.27-01.17.26:587][439]OBJ SavePackage:     Rendered thumbnail for [StaticMesh /Game/woodblock_1.woodblock_1]
[2018.09.27-01.17.26:587][439]OBJ SavePackage: Finished generating thumbnails for package [/Game/woodblock_1]
[2018.09.27-01.17.26:587][439]Cmd: OBJ SAVEPACKAGE PACKAGE="/Game/woodblock_1" FILE="../../../../../../Users/u1213321/Documents/GitHub/AP/Lin_Pan_oocass_2/Saved/Autosaves/Game/woodblock_1_Auto1.uasset" SILENT=false AUTOSAVING=true
[2018.09.27-01.17.26:601][439]LogSavePackage: Moving '../../../../../../Users/u1213321/Documents/GitHub/AP/Lin_Pan_oocass_2/Saved/woodblock_1_Auto120705C2646800AC878B5A8AFC656249D.tmp' to '../../../../../../Users/u1213321/Documents/GitHub/AP/Lin_Pan_oocass_2/Saved/Autosaves/Game/woodblock_1_Auto1.uasset'
[2018.09.27-01.17.26:603][439]OBJ SavePackage: Generating thumbnails for [1] asset(s) in package [/Game/phong4] ([1] browsable assets)...
[2018.09.27-01.17.26:623][439]OBJ SavePackage:     Rendered thumbnail for [Material /Game/phong4.phong4]
[2018.09.27-01.17.26:623][439]OBJ SavePackage: Finished generating thumbnails for package [/Game/phong4]
[2018.09.27-01.17.26:623][439]Cmd: OBJ SAVEPACKAGE PACKAGE="/Game/phong4" FILE="../../../../../../Users/u1213321/Documents/GitHub/AP/Lin_Pan_oocass_2/Saved/Autosaves/Game/phong4_Auto1.uasset" SILENT=false AUTOSAVING=true
[2018.09.27-01.17.26:639][439]LogSavePackage: Moving '../../../../../../Users/u1213321/Documents/GitHub/AP/Lin_Pan_oocass_2/Saved/phong4_Auto1986A14FB4D47A4CFB218A594A3D1F1A3.tmp' to '../../../../../../Users/u1213321/Documents/GitHub/AP/Lin_Pan_oocass_2/Saved/Autosaves/Game/phong4_Auto1.uasset'
[2018.09.27-01.17.26:640][439]OBJ SavePackage: Generating thumbnails for [1] asset(s) in package [/Game/woodtexture] ([1] browsable assets)...
[2018.09.27-01.17.26:648][439]OBJ SavePackage:     Rendered thumbnail for [Texture2D /Game/woodtexture.woodtexture]
[2018.09.27-01.17.26:648][439]OBJ SavePackage: Finished generating thumbnails for package [/Game/woodtexture]
[2018.09.27-01.17.26:648][439]Cmd: OBJ SAVEPACKAGE PACKAGE="/Game/woodtexture" FILE="../../../../../../Users/u1213321/Documents/GitHub/AP/Lin_Pan_oocass_2/Saved/Autosaves/Game/woodtexture_Auto1.uasset" SILENT=false AUTOSAVING=true
[2018.09.27-01.17.26:666][439]LogSavePackage: Moving '../../../../../../Users/u1213321/Documents/GitHub/AP/Lin_Pan_oocass_2/Saved/woodtexture_Auto13EE9076144AA17A61885E883F13E9037.tmp' to '../../../../../../Users/u1213321/Documents/GitHub/AP/Lin_Pan_oocass_2/Saved/Autosaves/Game/woodtexture_Auto1.uasset'
[2018.09.27-01.17.26:668][439]OBJ SavePackage: Generating thumbnails for [1] asset(s) in package [/Game/woodtexture_Mat] ([1] browsable assets)...
[2018.09.27-01.17.26:687][439]OBJ SavePackage:     Rendered thumbnail for [Material /Game/woodtexture_Mat.woodtexture_Mat]
[2018.09.27-01.17.26:687][439]OBJ SavePackage: Finished generating thumbnails for package [/Game/woodtexture_Mat]
[2018.09.27-01.17.26:702][439]LogSavePackage: Moving '../../../../../../Users/u1213321/Documents/GitHub/AP/Lin_Pan_oocass_2/Saved/woodtexture_Mat_Auto10D681CE0445F9DFC063EB2A893BC6CC7.tmp' to '../../../../../../Users/u1213321/Documents/GitHub/AP/Lin_Pan_oocass_2/Saved/Autosaves/Game/woodtexture_Mat_Auto1.uasset'
[2018.09.27-01.17.26:703][439]LogFileHelpers: Auto-saving content packages took 0.133
