Log file open, 10/17/18 18:09:46
LogWindows: Failed to load 'aqProf.dll' (GetLastError=126)
LogWindows: File 'aqProf.dll' does not exist
LogWindows: Failed to load 'VtuneApi.dll' (GetLastError=126)
LogWindows: File 'VtuneApi.dll' does not exist
LogWindows: Failed to load 'VtuneApi32e.dll' (GetLastError=126)
LogWindows: File 'VtuneApi32e.dll' does not exist
LogInit: Display: Running engine for game: Lin_Pan_oocass_2
LogPlatformFile: Not using cached read wrapper
LogTaskGraph: Started task graph with 5 named threads and 23 total threads with 3 sets of task threads.
LogStats: Stats thread started at 0.315972
LogD3D11RHI: Loaded GFSDK_Aftermath_Lib.x64.dll
LogICUInternationalization: Display: ICU TimeZone Detection - Raw Offset: -7:00, Platform Override: ''
LogPluginManager: Mounting plugin Paper2D
LogPluginManager: Mounting plugin AISupport
LogPluginManager: Mounting plugin LightPropagationVolume
LogPluginManager: Mounting plugin CLionSourceCodeAccess
LogPluginManager: Mounting plugin CodeLiteSourceCodeAccess
LogPluginManager: Mounting plugin GitSourceControl
LogPluginManager: Mounting plugin KDevelopSourceCodeAccess
LogPluginManager: Mounting plugin NullSourceCodeAccess
LogPluginManager: Mounting plugin PerforceSourceControl
LogPluginManager: Mounting plugin SubversionSourceControl
LogPluginManager: Mounting plugin UObjectPlugin
LogPluginManager: Mounting plugin VisualStudioCodeSourceCodeAccess
LogPluginManager: Mounting plugin VisualStudioSourceCodeAccess
LogPluginManager: Mounting plugin XCodeSourceCodeAccess
LogPluginManager: Mounting plugin AssetManagerEditor
LogPluginManager: Mounting plugin CryptoKeys
LogPluginManager: Mounting plugin DataValidation
LogPluginManager: Mounting plugin FacialAnimation
LogPluginManager: Mounting plugin GameplayTagsEditor
LogPluginManager: Mounting plugin MacGraphicsSwitching
LogPluginManager: Mounting plugin MeshEditor
LogPluginManager: Mounting plugin MobileLauncherProfileWizard
LogPluginManager: Mounting plugin PluginBrowser
LogPluginManager: Mounting plugin SpeedTreeImporter
LogPluginManager: Mounting plugin DatasmithContent
LogPluginManager: Mounting plugin AlembicImporter
LogPluginManager: Mounting plugin AppleImageUtils
LogPluginManager: Mounting plugin AppleVision
LogPluginManager: Mounting plugin BackChannel
LogPluginManager: Mounting plugin CharacterAI
LogPluginManager: Mounting plugin GeometryCache
LogPluginManager: Mounting plugin HTML5Networking
LogPluginManager: Mounting plugin ProxyLODPlugin
LogPluginManager: Mounting plugin MagicLeap
LogPluginManager: Mounting plugin MagicLeapEmulator
LogPluginManager: Mounting plugin MagicLeapMedia
LogPluginManager: Mounting plugin AndroidMedia
LogPluginManager: Mounting plugin AvfMedia
LogPluginManager: Mounting plugin ImgMedia
LogPluginManager: Mounting plugin LinearTimecode
LogPluginManager: Mounting plugin MediaCompositing
LogPluginManager: Mounting plugin MediaPlayerEditor
LogPluginManager: Mounting plugin WmfMedia
LogPluginManager: Mounting plugin TcpMessaging
LogPluginManager: Mounting plugin UdpMessaging
LogPluginManager: Mounting plugin ActorSequence
LogPluginManager: Mounting plugin LevelSequenceEditor
LogPluginManager: Mounting plugin MatineeToLevelSequence
LogPluginManager: Mounting plugin NetcodeUnitTest
LogPluginManager: Mounting plugin NUTUnrealEngine4
LogPluginManager: Mounting plugin OnlineSubsystemGooglePlay
LogPluginManager: Mounting plugin OnlineSubsystemIOS
LogPluginManager: Mounting plugin OnlineSubsystem
LogPluginManager: Mounting plugin OnlineSubsystemNull
LogPluginManager: Mounting plugin OnlineSubsystemUtils
LogPluginManager: Mounting plugin LauncherChunkInstaller
LogPluginManager: Mounting plugin AndroidDeviceProfileSelector
LogPluginManager: Mounting plugin AndroidMoviePlayer
LogPluginManager: Mounting plugin AndroidPermission
LogPluginManager: Mounting plugin AppleMoviePlayer
LogPluginManager: Mounting plugin ArchVisCharacter
LogPluginManager: Mounting plugin AudioCapture
LogPluginManager: Mounting plugin CableComponent
LogPluginManager: Mounting plugin CustomMeshComponent
LogPluginManager: Mounting plugin EditableMesh
LogPluginManager: Mounting plugin ExampleDeviceProfileSelector
LogPluginManager: Mounting plugin GoogleCloudMessaging
LogPluginManager: Mounting plugin ImmediatePhysics
LogPluginManager: Mounting plugin IOSDeviceProfileSelector
LogPluginManager: Mounting plugin LinuxDeviceProfileSelector
LogPluginManager: Mounting plugin LocationServicesBPLibrary
LogPluginManager: Mounting plugin MobilePatchingUtils
LogPluginManager: Mounting plugin OculusVR
LogPluginManager: Plugin shader directory ../../../Engine/Plugins/Runtime/Oculus/OculusVR/Shaders found
LogPluginManager: Mapping shader source directory ../../../Engine/Plugins/Runtime/Oculus/OculusVR/Shaders to virtual directory /Plugin/OculusVR
LogPluginManager: Mounting plugin PhysXVehicles
LogPluginManager: Mounting plugin ProceduralMeshComponent
LogPluginManager: Mounting plugin RuntimePhysXCooking
LogPluginManager: Mounting plugin SteamVR
LogPluginManager: Mounting plugin WindowsMoviePlayer
LogStreaming: Display: Took  0.129s to configure plugins.
LogInit: Using libcurl 7.55.1-DEV
LogInit:  - built for x86_64-pc-win32
LogInit:  - supports SSL with OpenSSL/1.0.2h
LogInit:  - supports HTTP deflate (compression) using libz 1.2.8
LogInit:  - other features:
LogInit:      CURL_VERSION_SSL
LogInit:      CURL_VERSION_LIBZ
LogInit:      CURL_VERSION_IPV6
LogInit:      CURL_VERSION_ASYNCHDNS
LogInit:      CURL_VERSION_LARGEFILE
LogInit:      CURL_VERSION_IDN
LogInit:  CurlRequestOptions (configurable via config and command line):
LogInit:  - bVerifyPeer = false  - Libcurl will NOT verify peer certificate
LogInit:  - bUseHttpProxy = false  - Libcurl will NOT use HTTP proxy
LogInit:  - bDontReuseConnections = false  - Libcurl will reuse connections
LogInit:  - CertBundlePath = nullptr  - Libcurl will use whatever was configured at build time.
LogInit:  - MaxHostConnections = 16  - Libcurl will limit the number of connections to a host
LogInit:  - LocalHostAddr = Default
LogInit:  - BufferSize = 65536
LogInit: WinSock: version 1.1 (2.2), MaxSocks=32767, MaxUdp=65467
LogInit: Build: ++UE4+Release-4.20-CL-4212847
LogInit: Engine Version: 4.20.0-4212847+++UE4+Release-4.20
LogInit: Compatible Engine Version: 4.20.0-4212847+++UE4+Release-4.20
LogInit: Net CL: 4212847
LogInit: OS: Windows 10 (), CPU: Intel(R) Core(TM) i7-8809G CPU @ 3.10GHz, GPU: Radeon RX Vega M GH Graphics
LogInit: Compiled (64-bit): Jul 14 2018 09:51:14
LogInit: Compiled with Visual C++: 19.13.26129.00
LogInit: Build Configuration: Development
LogInit: Branch Name: ++UE4+Release-4.20
LogInit: Command Line: 
LogInit: Base Directory: C:/Program Files/Epic Games/UE_4.20/Engine/Binaries/Win64/
LogInit: Installed Engine Build: 1
LogDevObjectVersion: Number of dev versions registered: 20
LogDevObjectVersion:   Dev-Blueprints (B0D832E4-1F89-4F0D-ACCF-7EB736FD4AA2): 10
LogDevObjectVersion:   Dev-Build (E1C64328-A22C-4D53-A36C-8E866417BD8C): 0
LogDevObjectVersion:   Dev-Core (375EC13C-06E4-48FB-B500-84F0262A717E): 2
LogDevObjectVersion:   Dev-Editor (E4B068ED-F494-42E9-A231-DA0B2E46BB41): 24
LogDevObjectVersion:   Dev-Framework (CFFC743F-43B0-4480-9391-14DF171D2073): 34
LogDevObjectVersion:   Dev-Mobile (B02B49B5-BB20-44E9-A304-32B752E40360): 2
LogDevObjectVersion:   Dev-Networking (A4E4105C-59A1-49B5-A7C5-40C4547EDFEE): 0
LogDevObjectVersion:   Dev-Online (39C831C9-5AE6-47DC-9A44-9C173E1C8E7C): 0
LogDevObjectVersion:   Dev-Physics (78F01B33-EBEA-4F98-B9B4-84EACCB95AA2): 0
LogDevObjectVersion:   Dev-Platform (6631380F-2D4D-43E0-8009-CF276956A95A): 0
LogDevObjectVersion:   Dev-Rendering (12F88B9F-8875-4AFC-A67C-D90C383ABD29): 26
LogDevObjectVersion:   Dev-Sequencer (7B5AE74C-D270-4C10-A958-57980B212A5A): 9
LogDevObjectVersion:   Dev-VR (D7296918-1DD6-4BDD-9DE2-64A83CC13884): 2
LogDevObjectVersion:   Dev-LoadTimes (C2A15278-BFE7-4AFE-6C17-90FF531DF755): 1
LogDevObjectVersion:   Private-Geometry (6EACA3D4-40EC-4CC1-B786-8BED09428FC5): 3
LogDevObjectVersion:   Dev-AnimPhys (29E575DD-E0A3-4627-9D10-D276232CDCEA): 17
LogDevObjectVersion:   Dev-ReflectionCapture (6B266CEC-1EC7-4B8F-A30B-E4D90942FC07): 1
LogDevObjectVersion:   Dev-Automation (0DF73D61-A23F-47EA-B727-89E90C41499A): 1
LogDevObjectVersion:   FortniteMain (601D1886-AC64-4F84-AA16-D3DE0DEAC7D6): 12
LogDevObjectVersion:   Dev-Enterprise (9DFFBCD6-494F-0158-E221-12823C92A888): 1
LogStreaming: Display: Took  0.000s to delete old logs.
LogInit: Presizing for max 8388607 objects, including 0 objects not considered by GC, pre-allocating 0 bytes for permanent pool.
LogInit: Object subsystem initialized
[2018.10.18-00.09.46:988][  0]LogInit: Selected Device Profile: [Windows]
[2018.10.18-00.09.46:988][  0]LogInit: Applying CVar settings loaded from the selected device profile: [Windows]
[2018.10.18-00.09.47:014][  0]LogHAL: Display: Platform has ~ 16 GB [17095028736 / 17179869184 / 16], which maps to Larger [LargestMinGB=32, LargerMinGB=12, DefaultMinGB=8, SmallerMinGB=6, SmallestMinGB=0)
[2018.10.18-00.09.47:014][  0]LogInit: Setting Device Profile CVar: [[r.Vulkan.UseRealUBs:1]]
[2018.10.18-00.09.47:014][  0]LogInit: Going up to parent DeviceProfile []
[2018.10.18-00.09.47:015][  0]LogInit: Computer: eae-n-029
[2018.10.18-00.09.47:015][  0]LogInit: User: u1213321
[2018.10.18-00.09.47:015][  0]LogInit: CPU Page size=4096, Cores=4
[2018.10.18-00.09.47:015][  0]LogInit: High frequency timer resolution =3.023441 MHz
[2018.10.18-00.09.47:015][  0]LogMemory: Memory total: Physical=15.9GB (16GB approx)
[2018.10.18-00.09.47:015][  0]LogMemory: Platform Memory Stats for Windows
[2018.10.18-00.09.47:015][  0]LogMemory: Process Physical Memory: 99.49 MB used, 99.49 MB peak
[2018.10.18-00.09.47:015][  0]LogMemory: Process Virtual Memory: 82.85 MB used, 82.85 MB peak
[2018.10.18-00.09.47:015][  0]LogMemory: Physical Memory: 5388.73 MB used,  10914.36 MB free, 16303.09 MB total
[2018.10.18-00.09.47:015][  0]LogMemory: Virtual Memory: 4632.43 MB used,  10914.36 MB free, 134217728.00 MB total
[2018.10.18-00.09.47:034][  0]LogInit: Using OS detected language (en-US).
[2018.10.18-00.09.47:034][  0]LogInit: Using OS detected locale (en-US).
[2018.10.18-00.09.47:035][  0]LogTextLocalizationManager: No specific localization for 'en-US' exists, so the 'en' localization will be used.
[2018.10.18-00.09.47:442][  0]LogStreaming: Display: Took  0.409s to InitEngineTextLocalization.
[2018.10.18-00.09.47:442][  0]LogInit: Setting process to per monitor DPI aware
[2018.10.18-00.09.47:470][  0]LogSlate: New Slate User Created.  User Index 0, Is Virtual User: 0
[2018.10.18-00.09.47:470][  0]LogSlate: Slate User Registered.  User Index 0, Is Virtual User: 0
[2018.10.18-00.09.47:699][  0]LogHMD: Failed to initialize OpenVR with code 110
[2018.10.18-00.09.47:699][  0]LogD3D11RHI: D3D11 adapters:
[2018.10.18-00.09.47:736][  0]LogD3D11RHI:    0. 'Radeon RX Vega M GH Graphics' (Feature Level 11_0)
[2018.10.18-00.09.47:736][  0]LogD3D11RHI:       4042/0/8151 MB DedicatedVideo/DedicatedSystem/SharedSystem, Outputs:1, VendorId:0x1002
[2018.10.18-00.09.47:746][  0]LogD3D11RHI:    1. 'Intel(R) HD Graphics 630' (Feature Level 11_0)
[2018.10.18-00.09.47:746][  0]LogD3D11RHI:       128/0/8151 MB DedicatedVideo/DedicatedSystem/SharedSystem, Outputs:0, VendorId:0x8086
[2018.10.18-00.09.47:748][  0]LogD3D11RHI:    2. 'Microsoft Basic Render Driver' (Feature Level 11_0)
[2018.10.18-00.09.47:748][  0]LogD3D11RHI:       0/0/8151 MB DedicatedVideo/DedicatedSystem/SharedSystem, Outputs:0, VendorId:0x1414
[2018.10.18-00.09.47:748][  0]LogD3D11RHI: Chosen D3D11 Adapter: 0
[2018.10.18-00.09.47:759][  0]LogD3D11RHI: Creating new Direct3DDevice
[2018.10.18-00.09.47:759][  0]LogD3D11RHI:     GPU DeviceId: 0x694c (for the marketing name, search the web for "GPU Device Id")
[2018.10.18-00.09.47:759][  0]LogWindows: EnumDisplayDevices:
[2018.10.18-00.09.47:759][  0]LogWindows:    0. 'Radeon RX Vega M GH Graphics' (P:1 D:1)
[2018.10.18-00.09.47:760][  0]LogWindows:    1. 'Radeon RX Vega M GH Graphics' (P:0 D:0)
[2018.10.18-00.09.47:760][  0]LogWindows:    2. 'Radeon RX Vega M GH Graphics' (P:0 D:0)
[2018.10.18-00.09.47:760][  0]LogWindows:    3. 'Radeon RX Vega M GH Graphics' (P:0 D:0)
[2018.10.18-00.09.47:761][  0]LogWindows:    4. 'Radeon RX Vega M GH Graphics' (P:0 D:0)
[2018.10.18-00.09.47:761][  0]LogWindows:    5. 'Radeon RX Vega M GH Graphics' (P:0 D:0)
[2018.10.18-00.09.47:761][  0]LogWindows:    6. 'Radeon RX Vega M GH Graphics' (P:0 D:0)
[2018.10.18-00.09.47:762][  0]LogWindows:    7. 'Radeon RX Vega M GH Graphics' (P:0 D:0)
[2018.10.18-00.09.47:762][  0]LogWindows:    8. 'Radeon RX Vega M GH Graphics' (P:0 D:0)
[2018.10.18-00.09.47:762][  0]LogWindows:    9. 'Radeon RX Vega M GH Graphics' (P:0 D:0)
[2018.10.18-00.09.47:763][  0]LogWindows:    10. 'Radeon RX Vega M GH Graphics' (P:0 D:0)
[2018.10.18-00.09.47:763][  0]LogWindows:    11. 'Radeon RX Vega M GH Graphics' (P:0 D:0)
[2018.10.18-00.09.47:763][  0]LogWindows:    12. 'Radeon RX Vega M GH Graphics' (P:0 D:0)
[2018.10.18-00.09.47:764][  0]LogWindows:    13. 'Radeon RX Vega M GH Graphics' (P:0 D:0)
[2018.10.18-00.09.47:764][  0]LogWindows:    14. 'Radeon RX Vega M GH Graphics' (P:0 D:0)
[2018.10.18-00.09.47:764][  0]LogWindows:    15. 'Radeon RX Vega M GH Graphics' (P:0 D:0)
[2018.10.18-00.09.47:765][  0]LogWindows:    16. 'Intel(R) HD Graphics 630' (P:0 D:0)
[2018.10.18-00.09.47:765][  0]LogWindows:    17. 'Intel(R) HD Graphics 630' (P:0 D:0)
[2018.10.18-00.09.47:765][  0]LogWindows: DebugString: PrimaryIsNotTheChoosenAdapter PrimaryIsNotTheChoosenAdapter FoundDriverCount:16 
[2018.10.18-00.09.47:766][  0]LogD3D11RHI:     Adapter Name: Radeon RX Vega M GH Graphics
[2018.10.18-00.09.47:766][  0]LogD3D11RHI:   Driver Version: Adrenalin 18.5.1 (internal:24.20.11016.4, unified:24.20.11016.4)
[2018.10.18-00.09.47:766][  0]LogD3D11RHI:      Driver Date: 5-16-2018
[2018.10.18-00.09.47:766][  0]LogRHI: Texture pool is 2829 MB (70% of 4042 MB)
[2018.10.18-00.09.47:968][  0]LogD3D11RHI: Async texture creation enabled
[2018.10.18-00.09.47:979][  0]LogD3D11RHI: GPU Timing Frequency: 25.000000 (Debug: 2 1)
[2018.10.18-00.09.47:980][  0]LogShaderCompilers: Guid format shader working directory is -20 characters bigger than the processId version (../../../../../../Users/u1213321/Documents/GitHub/AP/Lin_Pan_oocass_2/Intermediate/Shaders/WorkingDirectory/8620/).
[2018.10.18-00.09.47:980][  0]LogShaderCompilers: Cleaned the shader compiler working directory 'C:/Users/u1213321/AppData/Local/Temp/UnrealShaderWorkingDir/13E5CD2B482EE8B96348B6A4E0C9646A/'.
[2018.10.18-00.09.48:281][  0]LogTemp: Display: Loaded TP AllDesktopTargetPlatform
[2018.10.18-00.09.48:300][  0]LogTemp: Display: Loaded TP MacClientTargetPlatform
[2018.10.18-00.09.48:320][  0]LogTemp: Display: Loaded TP MacNoEditorTargetPlatform
[2018.10.18-00.09.48:339][  0]LogTemp: Display: Loaded TP MacServerTargetPlatform
[2018.10.18-00.09.48:358][  0]LogTemp: Display: Loaded TP MacTargetPlatform
[2018.10.18-00.09.48:379][  0]LogTemp: Display: Loaded TP WindowsClientTargetPlatform
[2018.10.18-00.09.48:398][  0]LogTemp: Display: Loaded TP WindowsNoEditorTargetPlatform
[2018.10.18-00.09.48:417][  0]LogTemp: Display: Loaded TP WindowsServerTargetPlatform
[2018.10.18-00.09.48:426][  0]LogTemp: Display: Loaded TP WindowsTargetPlatform
[2018.10.18-00.09.48:539][  0]LogTemp: Display: Loaded TP AndroidTargetPlatform
[2018.10.18-00.09.48:539][  0]LogTemp: Display: Loaded TP AndroidTargetPlatform
[2018.10.18-00.09.48:539][  0]LogTemp: Display: Loaded TP AndroidTargetPlatform
[2018.10.18-00.09.48:539][  0]LogTemp: Display: Loaded TP AndroidTargetPlatform
[2018.10.18-00.09.48:539][  0]LogTemp: Display: Loaded TP AndroidTargetPlatform
[2018.10.18-00.09.48:539][  0]LogTemp: Display: Loaded TP AndroidTargetPlatform
[2018.10.18-00.09.48:539][  0]LogTemp: Display: Loaded TP AndroidTargetPlatform
[2018.10.18-00.09.48:539][  0]LogTemp: Display: Loaded TP AndroidTargetPlatform
[2018.10.18-00.09.48:539][  0]LogTemp: Display: Loaded TP AndroidTargetPlatform
[2018.10.18-00.09.48:539][  0]LogTemp: Display: Loaded TP AndroidTargetPlatform
[2018.10.18-00.09.48:539][  0]LogTemp: Display: Loaded TP AndroidTargetPlatform
[2018.10.18-00.09.48:539][  0]LogTemp: Display: Loaded TP AndroidTargetPlatform
[2018.10.18-00.09.48:539][  0]LogTemp: Display: Loaded TP AndroidTargetPlatform
[2018.10.18-00.09.48:539][  0]LogTemp: Display: Loaded TP AndroidTargetPlatform
[2018.10.18-00.09.48:539][  0]LogTemp: Display: Loaded TP AndroidTargetPlatform
[2018.10.18-00.09.48:539][  0]LogTemp: Display: Loaded TP AndroidTargetPlatform
[2018.10.18-00.09.48:539][  0]LogTemp: Display: Loaded TP AndroidTargetPlatform
[2018.10.18-00.09.48:539][  0]LogTemp: Display: Loaded TP AndroidTargetPlatform
[2018.10.18-00.09.48:541][  0]LogTemp: Display: Loaded TP HTML5TargetPlatform
[2018.10.18-00.09.48:614][  0]LogTemp: Display: Loaded TP IOSTargetPlatform
[2018.10.18-00.09.48:614][  0]LogTemp: Display: Loaded TP IOSTargetPlatform
[2018.10.18-00.09.48:647][  0]LogTemp: Display: Loaded TP TVOSTargetPlatform
[2018.10.18-00.09.48:647][  0]LogTemp: Display: Loaded TP TVOSTargetPlatform
[2018.10.18-00.09.48:664][  0]LogTemp: Display: Loaded TP LinuxClientTargetPlatform
[2018.10.18-00.09.48:681][  0]LogTemp: Display: Loaded TP LinuxNoEditorTargetPlatform
[2018.10.18-00.09.48:699][  0]LogTemp: Display: Loaded TP LinuxServerTargetPlatform
[2018.10.18-00.09.48:717][  0]LogTemp: Display: Loaded TP LinuxTargetPlatform
[2018.10.18-00.09.48:730][  0]LogTemp: Display: Loaded TP LuminTargetPlatform
[2018.10.18-00.09.48:731][  0]LogTargetPlatformManager: Display: Building Assets For Windows
[2018.10.18-00.09.48:813][  0]LogXGEController: Cannot use XGE Controller as Incredibuild is not installed on this machine.
[2018.10.18-00.09.48:813][  0]LogShaderCompilers: Cannot use XGE Shader Compiler as Incredibuild is not installed on this machine.
[2018.10.18-00.09.48:813][  0]LogShaderCompilers: Display: Using Local Shader Compiler.
[2018.10.18-00.09.49:798][  0]LogDerivedDataCache: Display: Max Cache Size: 512 MB
[2018.10.18-00.09.49:894][  0]LogDerivedDataCache: Loaded boot cache 0.10s 71MB C:/Users/u1213321/AppData/Local/UnrealEngine/4.20/DerivedDataCache/Boot.ddc.
[2018.10.18-00.09.49:896][  0]LogDerivedDataCache: Display: Loaded Boot cache: C:/Users/u1213321/AppData/Local/UnrealEngine/4.20/DerivedDataCache/Boot.ddc
[2018.10.18-00.09.49:897][  0]LogDerivedDataCache: FDerivedDataBackendGraph:  Pak pak cache file ../../../../../../Users/u1213321/Documents/GitHub/AP/Lin_Pan_oocass_2/DerivedDataCache/DDC.ddp not found, will not use a pak cache.
[2018.10.18-00.09.49:897][  0]LogDerivedDataCache: Unable to find inner node Pak for hierarchical cache Hierarchy.
[2018.10.18-00.09.49:897][  0]LogDerivedDataCache: FDerivedDataBackendGraph:  CompressedPak pak cache file ../../../../../../Users/u1213321/Documents/GitHub/AP/Lin_Pan_oocass_2/DerivedDataCache/Compressed.ddp not found, will not use a pak cache.
[2018.10.18-00.09.49:897][  0]LogDerivedDataCache: Unable to find inner node CompressedPak for hierarchical cache Hierarchy.
[2018.10.18-00.09.49:914][  0]LogDerivedDataCache: Display: Pak cache opened for reading ../../../Engine/DerivedDataCache/Compressed.ddp.
[2018.10.18-00.09.49:926][  0]LogDerivedDataCache: Using Local data cache path C:/Users/u1213321/AppData/Local/UnrealEngine/Common/DerivedDataCache: Writable
[2018.10.18-00.09.49:926][  0]LogDerivedDataCache: Shared data cache path not found in *engine.ini, will not use an Shared cache.
[2018.10.18-00.09.49:926][  0]LogDerivedDataCache: Unable to find inner node Shared for hierarchical cache Hierarchy.
[2018.10.18-00.09.49:952][  0]LogMaterial: Verifying Global Shaders for PCD3D_SM5
[2018.10.18-00.09.49:953][  0]LogSlate: Using FreeType 2.6.0
[2018.10.18-00.09.49:954][  0]LogSlate: SlateFontServices - WITH_FREETYPE: 1, WITH_HARFBUZZ: 1
[2018.10.18-00.09.50:040][  0]LogAssetRegistry: FAssetRegistry took 0.0283 seconds to start up
[2018.10.18-00.09.50:471][  0]LogInit: Selected Device Profile: [Windows]
[2018.10.18-00.09.50:718][  0]LogSimplygon: Simplygon DLL not present - disabling.
[2018.10.18-00.09.50:724][  0]LogMeshReduction: Using SimplygonSwarm for distributed automatic mesh merging
[2018.10.18-00.09.50:724][  0]LogMeshReduction: Using ProxyLODMeshReduction for automatic mesh merging
[2018.10.18-00.09.50:724][  0]LogMeshReduction: Using QuadricMeshReduction for automatic static mesh reduction
[2018.10.18-00.09.50:724][  0]LogMeshReduction: No automatic skeletal mesh reduction module available
[2018.10.18-00.09.50:762][  0]LogNetVersion: Lin_Pan_oocass_2 1.0.0, NetCL: 4212847, EngineNetVer: 5, GameNetVer: 0 (Checksum: 880066647)
[2018.10.18-00.09.51:897][  0]LogPackageLocalizationCache: Processed 11 localized package path(s) for 2 prioritized culture(s) in 0.149872 seconds
[2018.10.18-00.09.51:905][  0]LogUObjectArray: 38425 objects as part of root set at end of initial load.
[2018.10.18-00.09.51:905][  0]LogUObjectAllocator: 6690872 out of 0 bytes used by permanent object pool.
[2018.10.18-00.09.51:905][  0]LogUObjectArray: CloseDisregardForGC: 0/0 objects in disregard for GC pool
[2018.10.18-00.09.53:071][  0]LogTcpMessaging: Initializing TcpMessaging bridge
[2018.10.18-00.09.53:084][  0]LogUdpMessaging: Initializing bridge on interface 0.0.0.0:0 to multicast group 230.0.0.1:6666.
[2018.10.18-00.09.53:285][  0]SourceControl: Source control is disabled
[2018.10.18-00.09.53:285][  0]SourceControl: Source control is disabled
[2018.10.18-00.09.53:287][  0]SourceControl: Source control is disabled
[2018.10.18-00.09.53:288][  0]SourceControl: Source control is disabled
[2018.10.18-00.09.53:474][  0]LogAndroidPermission: UAndroidPermissionCallbackProxy::GetInstance
[2018.10.18-00.09.53:572][  0]LogOcInput: OculusInput pre-init called
[2018.10.18-00.09.53:659][  0]LogEngine: Initializing Engine...
[2018.10.18-00.09.53:660][  0]LogHMD: Failed to initialize OpenVR with code 110
[2018.10.18-00.09.53:661][  0]LogStats: UGameplayTagsManager::ConstructGameplayTagTree: ImportINI prefixes -  0.000 s
[2018.10.18-00.09.53:661][  0]LogStats: UGameplayTagsManager::ConstructGameplayTagTree: Construct from data asset -  0.000 s
[2018.10.18-00.09.53:661][  0]LogStats: UGameplayTagsManager::ConstructGameplayTagTree: ImportINI -  0.000 s
[2018.10.18-00.09.53:662][  0]LogStats: UGameplayTagsManager::ConstructGameplayTagTree: GameplayTagTreeChangedEvent.Broadcast -  0.000 s
[2018.10.18-00.09.54:023][  0]LogInit: Initializing FReadOnlyCVARCache
[2018.10.18-00.09.54:040][  0]LogAIModule: Creating AISystem for world Untitled
[2018.10.18-00.09.54:061][  0]LogInit: XAudio2 using '5 - DELL UZ2315H (AMD High Definition Audio Device)' : 2 channels at 48 kHz using 16 bits per sample (channel mask 0x3)
[2018.10.18-00.09.54:096][  0]LogInit: FAudioDevice initialized.
[2018.10.18-00.09.54:096][  0]LogNetVersion: Set ProjectVersion to 1.0.0.0. Version Checksum will be recalculated on next use.
[2018.10.18-00.09.54:173][  0]LogDerivedDataCache: Saved boot cache 0.08s 71MB C:/Users/u1213321/AppData/Local/UnrealEngine/4.20/DerivedDataCache/Boot.ddc.
[2018.10.18-00.09.54:189][  0]LogInit: Texture streaming: Enabled
[2018.10.18-00.09.54:212][  0]LogEngineSessionManager: EngineSessionManager initialized
[2018.10.18-00.09.54:235][  0]LogInit: Transaction tracking system initialized
[2018.10.18-00.09.54:268][  0]BlueprintLog: New page: Editor Load
[2018.10.18-00.09.54:378][  0]LocalizationService: Localization service is disabled
[2018.10.18-00.09.54:836][  0]LogCook: Display: Max memory allowance for cook 16384mb min free memory 0mb
[2018.10.18-00.09.54:836][  0]LogCook: Display: Mobile HDR setting 1
[2018.10.18-00.09.54:836][  0]LogGameplayTags: Display: UGameplayTagsManager::DoneAddingNativeTags. DelegateIsBound: 0
[2018.10.18-00.09.54:836][  0]LogStats: UGameplayTagsManager::ConstructGameplayTagTree: ImportINI prefixes -  0.000 s
[2018.10.18-00.09.54:836][  0]LogStats: UGameplayTagsManager::ConstructGameplayTagTree: Construct from data asset -  0.000 s
[2018.10.18-00.09.54:836][  0]LogFileCache: Scanning file cache for directory 'C:/Users/u1213321/Documents/GitHub/AP/Lin_Pan_oocass_2/Content/' took 0.02s
[2018.10.18-00.09.54:836][  0]LogStats: UGameplayTagsManager::ConstructGameplayTagTree: ImportINI -  0.000 s
[2018.10.18-00.09.54:836][  0]LogStats: UGameplayTagsManager::ConstructGameplayTagTree: GameplayTagTreeChangedEvent.Broadcast -  0.000 s
[2018.10.18-00.09.55:013][  0]SourceControl: Source control is disabled
[2018.10.18-00.09.55:095][  0]LogWindowsTextInputMethodSystem: Display: IME system now deactivated.
[2018.10.18-00.09.55:097][  0]LogSlate: Took 0.000190 seconds to synchronously load lazily loaded font '../../../Engine/Content/Slate/Fonts/Roboto-Regular.ttf' (155K)
[2018.10.18-00.10.10:947][  0]LogSlate: Window 'Restore Packages' being destroyed
[2018.10.18-00.10.10:947][  0]LogWindowsTextInputMethodSystem: Display: IME system now deactivated.
[2018.10.18-00.10.11:114][  0]LogWindowsTextInputMethodSystem: Display: IME system now deactivated.
[2018.10.18-00.10.11:115][  0]Cmd: MAP LOAD FILE="../../../Engine/Content/Maps/Templates/Template_Default.umap" TEMPLATE=1 SHOWPROGRESS=1 FEATURELEVEL=3
[2018.10.18-00.10.11:115][  0]LightingResults: New page: Lighting Build
[2018.10.18-00.10.11:120][  0]MapCheck: New page: Map Check
[2018.10.18-00.10.11:120][  0]LightingResults: New page: Lighting Build
[2018.10.18-00.10.11:374][  0]LogAIModule: Creating AISystem for world Untitled_1
[2018.10.18-00.10.11:380][  0]LogEditorServer: Finished looking for orphan Actors (0.000 secs)
[2018.10.18-00.10.11:404][  0]Cmd: MAP CHECKDEP NOCLEARLOG
[2018.10.18-00.10.11:484][  0]MapCheck: Map check complete: 0 Error(s), 0 Warning(s), took 79.97ms to complete.
[2018.10.18-00.10.11:484][  0]LogFileHelpers: Loading map 'Template_Default' took 0.370
[2018.10.18-00.10.11:540][  0]LogSlate: Updating window title bar state: overlay mode, drag disabled, window buttons hidden, title bar hidden
[2018.10.18-00.10.11:548][  0]LogSlate: Updating window title bar state: overlay mode, drag disabled, window buttons hidden, title bar hidden
[2018.10.18-00.10.11:557][  0]LogSlate: Updating window title bar state: overlay mode, drag disabled, window buttons hidden, title bar hidden
[2018.10.18-00.10.11:566][  0]LogSlate: Updating window title bar state: overlay mode, drag disabled, window buttons hidden, title bar hidden
[2018.10.18-00.10.11:575][  0]LogCollectionManager: Loaded 0 collections in 0.002739 seconds
[2018.10.18-00.10.11:621][  0]LogFileCache: Scanning file cache for directory 'C:/Users/u1213321/Documents/GitHub/AP/Lin_Pan_oocass_2/Saved/Collections/' took 0.01s
[2018.10.18-00.10.11:621][  0]LogFileCache: Scanning file cache for directory 'C:/Users/u1213321/Documents/GitHub/AP/Lin_Pan_oocass_2/Content/Developers/u1213321/Collections/' took 0.01s
[2018.10.18-00.10.11:621][  0]LogFileCache: Scanning file cache for directory 'C:/Users/u1213321/Documents/GitHub/AP/Lin_Pan_oocass_2/Content/Collections/' took 0.01s
[2018.10.18-00.10.11:621][  0]LogCollectionManager: Rebuilt the GUID cache for 0 collections in 0.000000 seconds
[2018.10.18-00.10.11:633][  0]LogContentBrowser: Native class hierarchy populated in 0.0122 seconds. Added 2572 classes and 603 folders.
[2018.10.18-00.10.11:643][  0]LogContentBrowser: Native class hierarchy updated for 'WidgetCarousel' in 0.0003 seconds. Added 0 classes and 0 folders.
[2018.10.18-00.10.11:702][  0]LogContentBrowser: Native class hierarchy updated for 'AddContentDialog' in 0.0003 seconds. Added 0 classes and 0 folders.
[2018.10.18-00.10.11:709][  0]LogContentBrowser: Native class hierarchy updated for 'SceneOutliner' in 0.0003 seconds. Added 1 classes and 2 folders.
[2018.10.18-00.10.11:727][  0]LogSlate: Took 0.000202 seconds to synchronously load lazily loaded font '../../../Engine/Content/Slate/Fonts/Roboto-Bold.ttf' (160K)
[2018.10.18-00.10.11:734][  0]LogSlate: Took 0.000251 seconds to synchronously load lazily loaded font '../../../Engine/Content/Editor/Slate/Fonts/FontAwesome.ttf' (139K)
[2018.10.18-00.10.11:805][  0]LogRenderer: Reallocating scene render targets to support 1208x576 Format 10 NumSamples 1 (Frame:1).
[2018.10.18-00.10.11:946][  0]LogContentBrowser: Native class hierarchy updated for 'HierarchicalLODOutliner' in 0.0003 seconds. Added 0 classes and 0 folders.
[2018.10.18-00.10.11:946][  0]LogLoad: (Engine Initialization) Total time: 27.19 seconds
[2018.10.18-00.10.11:946][  0]LogLoad: (Engine Initialization) Total Blueprint compile time: 0.00 seconds
[2018.10.18-00.10.11:979][  0]LogContentStreaming: Texture pool size now 3000 MB
[2018.10.18-00.10.12:009][  1]LogAssetRegistry: Asset discovery search completed in 21.9919 seconds
[2018.10.18-00.10.12:011][  1]LogCollectionManager: Rebuilt the object cache for 0 collections in 0.000000 seconds (found 0 objects)
[2018.10.18-00.10.12:011][  1]LogCollectionManager: Fixed up redirectors for 0 collections in 0.000077 seconds (updated 0 objects)
[2018.10.18-00.10.16:228][266]LogSlate: Took 0.000162 seconds to synchronously load lazily loaded font '../../../Engine/Content/Slate/Fonts/Roboto-Light.ttf' (167K)
