Log file open, 09/04/18 22:42:13
LogWindows: Failed to load 'aqProf.dll' (GetLastError=126)
LogWindows: File 'aqProf.dll' does not exist
LogWindows: Failed to load 'VSPerf140.dll' (GetLastError=126)
LogWindows: File 'VSPerf140.dll' does not exist
LogWindows: Failed to load 'VtuneApi.dll' (GetLastError=126)
LogWindows: File 'VtuneApi.dll' does not exist
LogWindows: Failed to load 'VtuneApi32e.dll' (GetLastError=126)
LogWindows: File 'VtuneApi32e.dll' does not exist
LogInit: Display: Running engine for game: Lin_Pan_AP_ass2
LogPlatformFile: Not using cached read wrapper
LogTaskGraph: Started task graph with 5 named threads and 23 total threads with 3 sets of task threads.
LogStats: Stats thread started at 0.303401
LogD3D11RHI: Loaded GFSDK_Aftermath_Lib.x64.dll
LogICUInternationalization: Display: ICU TimeZone Detection - Raw Offset: -7:00, Platform Override: ''
LogPluginManager: Mounting plugin Paper2D
LogPluginManager: Mounting plugin AISupport
LogPluginManager: Mounting plugin LightPropagationVolume
LogPluginManager: Mounting plugin CLionSourceCodeAccess
LogPluginManager: Mounting plugin CodeLiteSourceCodeAccess
LogPluginManager: Mounting plugin GitSourceControl
LogPluginManager: Mounting plugin KDevelopSourceCodeAccess
LogPluginManager: Mounting plugin NullSourceCodeAccess
LogPluginManager: Mounting plugin PerforceSourceControl
LogPluginManager: Mounting plugin SubversionSourceControl
LogPluginManager: Mounting plugin UObjectPlugin
LogPluginManager: Mounting plugin VisualStudioCodeSourceCodeAccess
LogPluginManager: Mounting plugin VisualStudioSourceCodeAccess
LogPluginManager: Mounting plugin XCodeSourceCodeAccess
LogPluginManager: Mounting plugin AssetManagerEditor
LogPluginManager: Mounting plugin CryptoKeys
LogPluginManager: Mounting plugin DataValidation
LogPluginManager: Mounting plugin FacialAnimation
LogPluginManager: Mounting plugin GameplayTagsEditor
LogPluginManager: Mounting plugin MacGraphicsSwitching
LogPluginManager: Mounting plugin MeshEditor
LogPluginManager: Mounting plugin MobileLauncherProfileWizard
LogPluginManager: Mounting plugin PluginBrowser
LogPluginManager: Mounting plugin SpeedTreeImporter
LogPluginManager: Mounting plugin DatasmithContent
LogPluginManager: Mounting plugin AlembicImporter
LogPluginManager: Mounting plugin AppleImageUtils
LogPluginManager: Mounting plugin AppleVision
LogPluginManager: Mounting plugin BackChannel
LogPluginManager: Mounting plugin CharacterAI
LogPluginManager: Mounting plugin GeometryCache
LogPluginManager: Mounting plugin HTML5Networking
LogPluginManager: Mounting plugin ProxyLODPlugin
LogPluginManager: Mounting plugin MagicLeap
LogPluginManager: Mounting plugin MagicLeapEmulator
LogPluginManager: Mounting plugin MagicLeapMedia
LogPluginManager: Mounting plugin AndroidMedia
LogPluginManager: Mounting plugin AvfMedia
LogPluginManager: Mounting plugin ImgMedia
LogPluginManager: Mounting plugin LinearTimecode
LogPluginManager: Mounting plugin MediaCompositing
LogPluginManager: Mounting plugin MediaPlayerEditor
LogPluginManager: Mounting plugin WmfMedia
LogPluginManager: Mounting plugin TcpMessaging
LogPluginManager: Mounting plugin UdpMessaging
LogPluginManager: Mounting plugin ActorSequence
LogPluginManager: Mounting plugin LevelSequenceEditor
LogPluginManager: Mounting plugin MatineeToLevelSequence
LogPluginManager: Mounting plugin NetcodeUnitTest
LogPluginManager: Mounting plugin NUTUnrealEngine4
LogPluginManager: Mounting plugin OnlineSubsystemGooglePlay
LogPluginManager: Mounting plugin OnlineSubsystemIOS
LogPluginManager: Mounting plugin OnlineSubsystem
LogPluginManager: Mounting plugin OnlineSubsystemNull
LogPluginManager: Mounting plugin OnlineSubsystemUtils
LogPluginManager: Mounting plugin LauncherChunkInstaller
LogPluginManager: Mounting plugin AndroidDeviceProfileSelector
LogPluginManager: Mounting plugin AndroidMoviePlayer
LogPluginManager: Mounting plugin AndroidPermission
LogPluginManager: Mounting plugin AppleMoviePlayer
LogPluginManager: Mounting plugin ArchVisCharacter
LogPluginManager: Mounting plugin AudioCapture
LogPluginManager: Mounting plugin CableComponent
LogPluginManager: Mounting plugin CustomMeshComponent
LogPluginManager: Mounting plugin EditableMesh
LogPluginManager: Mounting plugin ExampleDeviceProfileSelector
LogPluginManager: Mounting plugin GoogleCloudMessaging
LogPluginManager: Mounting plugin ImmediatePhysics
LogPluginManager: Mounting plugin IOSDeviceProfileSelector
LogPluginManager: Mounting plugin LinuxDeviceProfileSelector
LogPluginManager: Mounting plugin LocationServicesBPLibrary
LogPluginManager: Mounting plugin MobilePatchingUtils
LogPluginManager: Mounting plugin OculusVR
LogPluginManager: Plugin shader directory ../../../Engine/Plugins/Runtime/Oculus/OculusVR/Shaders found
LogPluginManager: Mapping shader source directory ../../../Engine/Plugins/Runtime/Oculus/OculusVR/Shaders to virtual directory /Plugin/OculusVR
LogPluginManager: Mounting plugin PhysXVehicles
LogPluginManager: Mounting plugin ProceduralMeshComponent
LogPluginManager: Mounting plugin RuntimePhysXCooking
LogPluginManager: Mounting plugin SteamVR
LogPluginManager: Mounting plugin WindowsMoviePlayer
LogStreaming: Display: Took  0.112s to configure plugins.
LogInit: Using libcurl 7.55.1-DEV
LogInit:  - built for x86_64-pc-win32
LogInit:  - supports SSL with OpenSSL/1.0.2h
LogInit:  - supports HTTP deflate (compression) using libz 1.2.8
LogInit:  - other features:
LogInit:      CURL_VERSION_SSL
LogInit:      CURL_VERSION_LIBZ
LogInit:      CURL_VERSION_IPV6
LogInit:      CURL_VERSION_ASYNCHDNS
LogInit:      CURL_VERSION_LARGEFILE
LogInit:      CURL_VERSION_IDN
LogInit:  CurlRequestOptions (configurable via config and command line):
LogInit:  - bVerifyPeer = false  - Libcurl will NOT verify peer certificate
LogInit:  - bUseHttpProxy = false  - Libcurl will NOT use HTTP proxy
LogInit:  - bDontReuseConnections = false  - Libcurl will reuse connections
LogInit:  - CertBundlePath = nullptr  - Libcurl will use whatever was configured at build time.
LogInit:  - MaxHostConnections = 16  - Libcurl will limit the number of connections to a host
LogInit:  - LocalHostAddr = Default
LogInit:  - BufferSize = 65536
LogInit: WinSock: version 1.1 (2.2), MaxSocks=32767, MaxUdp=65467
LogInit: Build: ++UE4+Release-4.20-CL-4302132
LogInit: Engine Version: 4.20.2-4302132+++UE4+Release-4.20
LogInit: Compatible Engine Version: 4.20.0-4212847+++UE4+Release-4.20
LogInit: Net CL: 4212847
LogInit: OS: Windows 10 (), CPU: AMD FX(tm)-8350 Eight-Core Processor           , GPU: AMD Radeon (TM) R9 390 Series
LogInit: Compiled (64-bit): Aug 21 2018 02:06:06
LogInit: Compiled with Visual C++: 19.13.26129.00
LogInit: Build Configuration: Development
LogInit: Branch Name: ++UE4+Release-4.20
LogInit: Command Line:  
LogInit: Base Directory: D:/Program Files (x86)/UE_4.20/Engine/Binaries/Win64/
LogInit: Installed Engine Build: 1
LogDevObjectVersion: Number of dev versions registered: 20
LogDevObjectVersion:   Dev-Blueprints (B0D832E4-1F89-4F0D-ACCF-7EB736FD4AA2): 10
LogDevObjectVersion:   Dev-Build (E1C64328-A22C-4D53-A36C-8E866417BD8C): 0
LogDevObjectVersion:   Dev-Core (375EC13C-06E4-48FB-B500-84F0262A717E): 2
LogDevObjectVersion:   Dev-Editor (E4B068ED-F494-42E9-A231-DA0B2E46BB41): 24
LogDevObjectVersion:   Dev-Framework (CFFC743F-43B0-4480-9391-14DF171D2073): 34
LogDevObjectVersion:   Dev-Mobile (B02B49B5-BB20-44E9-A304-32B752E40360): 2
LogDevObjectVersion:   Dev-Networking (A4E4105C-59A1-49B5-A7C5-40C4547EDFEE): 0
LogDevObjectVersion:   Dev-Online (39C831C9-5AE6-47DC-9A44-9C173E1C8E7C): 0
LogDevObjectVersion:   Dev-Physics (78F01B33-EBEA-4F98-B9B4-84EACCB95AA2): 0
LogDevObjectVersion:   Dev-Platform (6631380F-2D4D-43E0-8009-CF276956A95A): 0
LogDevObjectVersion:   Dev-Rendering (12F88B9F-8875-4AFC-A67C-D90C383ABD29): 26
LogDevObjectVersion:   Dev-Sequencer (7B5AE74C-D270-4C10-A958-57980B212A5A): 9
LogDevObjectVersion:   Dev-VR (D7296918-1DD6-4BDD-9DE2-64A83CC13884): 2
LogDevObjectVersion:   Dev-LoadTimes (C2A15278-BFE7-4AFE-6C17-90FF531DF755): 1
LogDevObjectVersion:   Private-Geometry (6EACA3D4-40EC-4CC1-B786-8BED09428FC5): 3
LogDevObjectVersion:   Dev-AnimPhys (29E575DD-E0A3-4627-9D10-D276232CDCEA): 17
LogDevObjectVersion:   Dev-ReflectionCapture (6B266CEC-1EC7-4B8F-A30B-E4D90942FC07): 1
LogDevObjectVersion:   Dev-Automation (0DF73D61-A23F-47EA-B727-89E90C41499A): 1
LogDevObjectVersion:   FortniteMain (601D1886-AC64-4F84-AA16-D3DE0DEAC7D6): 12
LogDevObjectVersion:   Dev-Enterprise (9DFFBCD6-494F-0158-E221-12823C92A888): 1
LogStreaming: Display: Took  0.001s to delete old logs.
LogInit: Presizing for max 8388607 objects, including 0 objects not considered by GC, pre-allocating 0 bytes for permanent pool.
LogInit: Object subsystem initialized
[2018.09.05-04.42.13:823][  0]LogInit: Selected Device Profile: [Windows]
[2018.09.05-04.42.13:823][  0]LogInit: Applying CVar settings loaded from the selected device profile: [Windows]
[2018.09.05-04.42.13:840][  0]LogHAL: Display: Platform has ~ 16 GB [17071759360 / 17179869184 / 16], which maps to Larger [LargestMinGB=32, LargerMinGB=12, DefaultMinGB=8, SmallerMinGB=6, SmallestMinGB=0)
[2018.09.05-04.42.13:840][  0]LogInit: Setting Device Profile CVar: [[r.Vulkan.UseRealUBs:1]]
[2018.09.05-04.42.13:840][  0]LogInit: Going up to parent DeviceProfile []
[2018.09.05-04.42.13:840][  0]LogInit: Computer: DESKTOP-VIIBOLF
[2018.09.05-04.42.13:840][  0]LogInit: User: lpan1
[2018.09.05-04.42.13:840][  0]LogInit: CPU Page size=4096, Cores=4
[2018.09.05-04.42.13:840][  0]LogInit: High frequency timer resolution =3.919407 MHz
[2018.09.05-04.42.13:841][  0]LogMemory: Memory total: Physical=15.9GB (16GB approx)
[2018.09.05-04.42.13:841][  0]LogMemory: Platform Memory Stats for Windows
[2018.09.05-04.42.13:841][  0]LogMemory: Process Physical Memory: 99.31 MB used, 99.31 MB peak
[2018.09.05-04.42.13:841][  0]LogMemory: Process Virtual Memory: 82.96 MB used, 82.96 MB peak
[2018.09.05-04.42.13:841][  0]LogMemory: Physical Memory: 5694.43 MB used,  10586.47 MB free, 16280.90 MB total
[2018.09.05-04.42.13:841][  0]LogMemory: Virtual Memory: 4637.11 MB used,  10586.47 MB free, 134217728.00 MB total
[2018.09.05-04.42.13:856][  0]LogInit: Using OS detected language (en-US).
[2018.09.05-04.42.13:856][  0]LogInit: Using OS detected locale (en-US).
[2018.09.05-04.42.13:857][  0]LogTextLocalizationManager: No specific localization for 'en-US' exists, so the 'en' localization will be used.
[2018.09.05-04.42.14:336][  0]LogStreaming: Display: Took  0.480s to InitEngineTextLocalization.
[2018.09.05-04.42.14:336][  0]LogInit: Setting process to per monitor DPI aware
[2018.09.05-04.42.14:387][  0]LogSlate: New Slate User Created.  User Index 0, Is Virtual User: 0
[2018.09.05-04.42.14:387][  0]LogSlate: Slate User Registered.  User Index 0, Is Virtual User: 0
[2018.09.05-04.42.14:641][  0]LogHMD: Failed to initialize OpenVR with code 110
[2018.09.05-04.42.14:641][  0]LogD3D11RHI: D3D11 adapters:
[2018.09.05-04.42.14:669][  0]LogD3D11RHI:    0. 'AMD Radeon (TM) R9 390 Series' (Feature Level 11_0)
[2018.09.05-04.42.14:669][  0]LogD3D11RHI:       8168/0/8140 MB DedicatedVideo/DedicatedSystem/SharedSystem, Outputs:2, VendorId:0x1002
[2018.09.05-04.42.14:671][  0]LogD3D11RHI:    1. 'Microsoft Basic Render Driver' (Feature Level 11_0)
[2018.09.05-04.42.14:671][  0]LogD3D11RHI:       0/0/8140 MB DedicatedVideo/DedicatedSystem/SharedSystem, Outputs:0, VendorId:0x1414
[2018.09.05-04.42.14:671][  0]LogD3D11RHI: Chosen D3D11 Adapter: 0
[2018.09.05-04.42.14:679][  0]LogD3D11RHI: Creating new Direct3DDevice
[2018.09.05-04.42.14:679][  0]LogD3D11RHI:     GPU DeviceId: 0x67b1 (for the marketing name, search the web for "GPU Device Id")
[2018.09.05-04.42.14:679][  0]LogWindows: EnumDisplayDevices:
[2018.09.05-04.42.14:680][  0]LogWindows:    0. 'AMD Radeon (TM) R9 390 Series' (P:1 D:1)
[2018.09.05-04.42.14:680][  0]LogWindows:    1. 'AMD Radeon (TM) R9 390 Series' (P:0 D:1)
[2018.09.05-04.42.14:680][  0]LogWindows:    2. 'AMD Radeon (TM) R9 390 Series' (P:0 D:0)
[2018.09.05-04.42.14:681][  0]LogWindows:    3. 'AMD Radeon (TM) R9 390 Series' (P:0 D:0)
[2018.09.05-04.42.14:681][  0]LogWindows:    4. 'AMD Radeon (TM) R9 390 Series' (P:0 D:0)
[2018.09.05-04.42.14:682][  0]LogWindows:    5. 'AMD Radeon (TM) R9 390 Series' (P:0 D:0)
[2018.09.05-04.42.14:682][  0]LogWindows:    6. 'AMD Radeon (TM) R9 390 Series' (P:0 D:0)
[2018.09.05-04.42.14:683][  0]LogWindows:    7. 'AMD Radeon (TM) R9 390 Series' (P:0 D:0)
[2018.09.05-04.42.14:683][  0]LogWindows:    8. 'AMD Radeon (TM) R9 390 Series' (P:0 D:0)
[2018.09.05-04.42.14:684][  0]LogWindows:    9. 'AMD Radeon (TM) R9 390 Series' (P:0 D:0)
[2018.09.05-04.42.14:684][  0]LogWindows:    10. 'AMD Radeon (TM) R9 390 Series' (P:0 D:0)
[2018.09.05-04.42.14:684][  0]LogWindows:    11. 'AMD Radeon (TM) R9 390 Series' (P:0 D:0)
[2018.09.05-04.42.14:685][  0]LogWindows:    12. 'AMD Radeon (TM) R9 390 Series' (P:0 D:0)
[2018.09.05-04.42.14:685][  0]LogWindows:    13. 'AMD Radeon (TM) R9 390 Series' (P:0 D:0)
[2018.09.05-04.42.14:686][  0]LogWindows:    14. 'AMD Radeon (TM) R9 390 Series' (P:0 D:0)
[2018.09.05-04.42.14:686][  0]LogWindows:    15. 'AMD Radeon (TM) R9 390 Series' (P:0 D:0)
[2018.09.05-04.42.14:686][  0]LogWindows: DebugString: FoundDriverCount:16 
[2018.09.05-04.42.14:686][  0]LogD3D11RHI:     Adapter Name: AMD Radeon (TM) R9 390 Series
[2018.09.05-04.42.14:686][  0]LogD3D11RHI:   Driver Version: Adrenalin 18.6.1 (internal:24.20.11021.1000, unified:24.20.11021.1000)
[2018.09.05-04.42.14:686][  0]LogD3D11RHI:      Driver Date: 6-7-2018
[2018.09.05-04.42.14:686][  0]LogRHI: Texture pool is 5717 MB (70% of 8168 MB)
[2018.09.05-04.42.14:867][  0]LogD3D11RHI: Async texture creation enabled
[2018.09.05-04.42.14:880][  0]LogD3D11RHI: GPU Timing Frequency: 27.000000 (Debug: 2 1)
[2018.09.05-04.42.14:882][  0]LogShaderCompilers: Guid format shader working directory is -6 characters bigger than the processId version (C:/Users/lpan1/OneDrive/文档/GitHub/AP/Lin_Pan_AP_ass2/Intermediate/Shaders/WorkingDirectory/5068/).
[2018.09.05-04.42.14:882][  0]LogShaderCompilers: Cleaned the shader compiler working directory 'C:/Users/lpan1/AppData/Local/Temp/UnrealShaderWorkingDir/BC53DF1A4A25C284839616B995AD34E4/'.
[2018.09.05-04.42.15:216][  0]LogTemp: Display: Loaded TP AllDesktopTargetPlatform
[2018.09.05-04.42.15:235][  0]LogTemp: Display: Loaded TP MacClientTargetPlatform
[2018.09.05-04.42.15:254][  0]LogTemp: Display: Loaded TP MacNoEditorTargetPlatform
[2018.09.05-04.42.15:272][  0]LogTemp: Display: Loaded TP MacServerTargetPlatform
[2018.09.05-04.42.15:291][  0]LogTemp: Display: Loaded TP MacTargetPlatform
[2018.09.05-04.42.15:310][  0]LogTemp: Display: Loaded TP WindowsClientTargetPlatform
[2018.09.05-04.42.15:328][  0]LogTemp: Display: Loaded TP WindowsNoEditorTargetPlatform
[2018.09.05-04.42.15:349][  0]LogTemp: Display: Loaded TP WindowsServerTargetPlatform
[2018.09.05-04.42.15:357][  0]LogTemp: Display: Loaded TP WindowsTargetPlatform
[2018.09.05-04.42.15:476][  0]LogTemp: Display: Loaded TP AndroidTargetPlatform
[2018.09.05-04.42.15:476][  0]LogTemp: Display: Loaded TP AndroidTargetPlatform
[2018.09.05-04.42.15:476][  0]LogTemp: Display: Loaded TP AndroidTargetPlatform
[2018.09.05-04.42.15:476][  0]LogTemp: Display: Loaded TP AndroidTargetPlatform
[2018.09.05-04.42.15:476][  0]LogTemp: Display: Loaded TP AndroidTargetPlatform
[2018.09.05-04.42.15:476][  0]LogTemp: Display: Loaded TP AndroidTargetPlatform
[2018.09.05-04.42.15:476][  0]LogTemp: Display: Loaded TP AndroidTargetPlatform
[2018.09.05-04.42.15:476][  0]LogTemp: Display: Loaded TP AndroidTargetPlatform
[2018.09.05-04.42.15:476][  0]LogTemp: Display: Loaded TP AndroidTargetPlatform
[2018.09.05-04.42.15:476][  0]LogTemp: Display: Loaded TP AndroidTargetPlatform
[2018.09.05-04.42.15:476][  0]LogTemp: Display: Loaded TP AndroidTargetPlatform
[2018.09.05-04.42.15:477][  0]LogTemp: Display: Loaded TP AndroidTargetPlatform
[2018.09.05-04.42.15:477][  0]LogTemp: Display: Loaded TP AndroidTargetPlatform
[2018.09.05-04.42.15:477][  0]LogTemp: Display: Loaded TP AndroidTargetPlatform
[2018.09.05-04.42.15:477][  0]LogTemp: Display: Loaded TP AndroidTargetPlatform
[2018.09.05-04.42.15:477][  0]LogTemp: Display: Loaded TP AndroidTargetPlatform
[2018.09.05-04.42.15:477][  0]LogTemp: Display: Loaded TP AndroidTargetPlatform
[2018.09.05-04.42.15:477][  0]LogTemp: Display: Loaded TP AndroidTargetPlatform
[2018.09.05-04.42.15:478][  0]LogTemp: Display: Loaded TP HTML5TargetPlatform
[2018.09.05-04.42.15:550][  0]LogTemp: Display: Loaded TP IOSTargetPlatform
[2018.09.05-04.42.15:550][  0]LogTemp: Display: Loaded TP IOSTargetPlatform
[2018.09.05-04.42.15:591][  0]LogTemp: Display: Loaded TP TVOSTargetPlatform
[2018.09.05-04.42.15:591][  0]LogTemp: Display: Loaded TP TVOSTargetPlatform
[2018.09.05-04.42.15:612][  0]LogTemp: Display: Loaded TP LinuxClientTargetPlatform
[2018.09.05-04.42.15:629][  0]LogTemp: Display: Loaded TP LinuxNoEditorTargetPlatform
[2018.09.05-04.42.15:650][  0]LogTemp: Display: Loaded TP LinuxServerTargetPlatform
[2018.09.05-04.42.15:672][  0]LogTemp: Display: Loaded TP LinuxTargetPlatform
[2018.09.05-04.42.15:686][  0]LogTemp: Display: Loaded TP LuminTargetPlatform
[2018.09.05-04.42.15:686][  0]LogTargetPlatformManager: Display: Building Assets For Windows
[2018.09.05-04.42.15:746][  0]LogXGEController: Cannot use XGE Controller as Incredibuild is not installed on this machine.
[2018.09.05-04.42.15:746][  0]LogShaderCompilers: Cannot use XGE Shader Compiler as Incredibuild is not installed on this machine.
[2018.09.05-04.42.15:747][  0]LogShaderCompilers: Display: Using Local Shader Compiler.
[2018.09.05-04.42.16:850][  0]LogDerivedDataCache: Display: Max Cache Size: 512 MB
[2018.09.05-04.42.16:964][  0]LogDerivedDataCache: Loaded boot cache 0.11s 87MB C:/Users/lpan1/AppData/Local/UnrealEngine/4.20/DerivedDataCache/Boot.ddc.
[2018.09.05-04.42.16:964][  0]LogDerivedDataCache: Display: Loaded Boot cache: C:/Users/lpan1/AppData/Local/UnrealEngine/4.20/DerivedDataCache/Boot.ddc
[2018.09.05-04.42.16:964][  0]LogDerivedDataCache: FDerivedDataBackendGraph:  Pak pak cache file C:/Users/lpan1/OneDrive/文档/GitHub/AP/Lin_Pan_AP_ass2/DerivedDataCache/DDC.ddp not found, will not use a pak cache.
[2018.09.05-04.42.16:965][  0]LogDerivedDataCache: Unable to find inner node Pak for hierarchical cache Hierarchy.
[2018.09.05-04.42.16:965][  0]LogDerivedDataCache: FDerivedDataBackendGraph:  CompressedPak pak cache file C:/Users/lpan1/OneDrive/文档/GitHub/AP/Lin_Pan_AP_ass2/DerivedDataCache/Compressed.ddp not found, will not use a pak cache.
[2018.09.05-04.42.16:965][  0]LogDerivedDataCache: Unable to find inner node CompressedPak for hierarchical cache Hierarchy.
[2018.09.05-04.42.16:981][  0]LogDerivedDataCache: Display: Pak cache opened for reading ../../../Engine/DerivedDataCache/Compressed.ddp.
[2018.09.05-04.42.16:993][  0]LogDerivedDataCache: Using Local data cache path C:/Users/lpan1/AppData/Local/UnrealEngine/Common/DerivedDataCache: Writable
[2018.09.05-04.42.16:993][  0]LogDerivedDataCache: Shared data cache path not found in *engine.ini, will not use an Shared cache.
[2018.09.05-04.42.16:993][  0]LogDerivedDataCache: Unable to find inner node Shared for hierarchical cache Hierarchy.
[2018.09.05-04.42.17:022][  0]LogMaterial: Verifying Global Shaders for PCD3D_SM5
[2018.09.05-04.42.17:024][  0]LogSlate: Using FreeType 2.6.0
[2018.09.05-04.42.17:024][  0]LogSlate: SlateFontServices - WITH_FREETYPE: 1, WITH_HARFBUZZ: 1
[2018.09.05-04.42.17:112][  0]LogAssetRegistry: FAssetRegistry took 0.0292 seconds to start up
[2018.09.05-04.42.17:625][  0]LogInit: Selected Device Profile: [Windows]
[2018.09.05-04.42.17:787][  0]LogSimplygon: Simplygon DLL not present - disabling.
[2018.09.05-04.42.17:790][  0]LogMeshReduction: Using SimplygonSwarm for distributed automatic mesh merging
[2018.09.05-04.42.17:790][  0]LogMeshReduction: Using ProxyLODMeshReduction for automatic mesh merging
[2018.09.05-04.42.17:790][  0]LogMeshReduction: Using QuadricMeshReduction for automatic static mesh reduction
[2018.09.05-04.42.17:790][  0]LogMeshReduction: No automatic skeletal mesh reduction module available
[2018.09.05-04.42.17:835][  0]LogNetVersion: Lin_Pan_AP_ass2 1.0.0, NetCL: 4212847, EngineNetVer: 5, GameNetVer: 0 (Checksum: 1950698523)
[2018.09.05-04.42.18:474][  0]LogPackageLocalizationCache: Processed 11 localized package path(s) for 2 prioritized culture(s) in 0.135668 seconds
[2018.09.05-04.42.18:483][  0]LogUObjectArray: 38425 objects as part of root set at end of initial load.
[2018.09.05-04.42.18:483][  0]LogUObjectAllocator: 6690864 out of 0 bytes used by permanent object pool.
[2018.09.05-04.42.18:483][  0]LogUObjectArray: CloseDisregardForGC: 0/0 objects in disregard for GC pool
[2018.09.05-04.42.19:474][  0]LogTcpMessaging: Initializing TcpMessaging bridge
[2018.09.05-04.42.19:489][  0]LogUdpMessaging: Initializing bridge on interface 0.0.0.0:0 to multicast group 230.0.0.1:6666.
[2018.09.05-04.42.19:647][  0]SourceControl: Source control is disabled
[2018.09.05-04.42.19:647][  0]SourceControl: Source control is disabled
[2018.09.05-04.42.19:649][  0]SourceControl: Source control is disabled
[2018.09.05-04.42.19:650][  0]SourceControl: Source control is disabled
[2018.09.05-04.42.19:826][  0]LogAndroidPermission: UAndroidPermissionCallbackProxy::GetInstance
[2018.09.05-04.42.20:007][  0]LogOcInput: OculusInput pre-init called
[2018.09.05-04.42.20:081][  0]LogEngine: Initializing Engine...
[2018.09.05-04.42.20:082][  0]LogHMD: Failed to initialize OpenVR with code 110
[2018.09.05-04.42.20:084][  0]LogStats: UGameplayTagsManager::ConstructGameplayTagTree: ImportINI prefixes -  0.000 s
[2018.09.05-04.42.20:084][  0]LogStats: UGameplayTagsManager::ConstructGameplayTagTree: Construct from data asset -  0.000 s
[2018.09.05-04.42.20:084][  0]LogStats: UGameplayTagsManager::ConstructGameplayTagTree: ImportINI -  0.000 s
[2018.09.05-04.42.20:084][  0]LogStats: UGameplayTagsManager::ConstructGameplayTagTree: GameplayTagTreeChangedEvent.Broadcast -  0.000 s
[2018.09.05-04.42.20:350][  0]LogInit: Initializing FReadOnlyCVARCache
[2018.09.05-04.42.20:365][  0]LogAIModule: Creating AISystem for world Untitled
[2018.09.05-04.42.20:419][  0]LogInit: XAudio2 using 'Speakers (Realtek High Definition Audio)' : 2 channels at 48 kHz using 32 bits per sample (channel mask 0x3)
[2018.09.05-04.42.20:444][  0]LogInit: FAudioDevice initialized.
[2018.09.05-04.42.20:444][  0]LogNetVersion: Set ProjectVersion to 1.0.0.0. Version Checksum will be recalculated on next use.
[2018.09.05-04.42.20:564][  0]LogDerivedDataCache: Saved boot cache 0.12s 71MB C:/Users/lpan1/AppData/Local/UnrealEngine/4.20/DerivedDataCache/Boot.ddc.
[2018.09.05-04.42.20:568][  0]LogInit: Texture streaming: Enabled
[2018.09.05-04.42.20:585][  0]LogEngineSessionManager: EngineSessionManager initialized
[2018.09.05-04.42.20:605][  0]LogInit: Transaction tracking system initialized
[2018.09.05-04.42.20:630][  0]BlueprintLog: New page: Editor Load
[2018.09.05-04.42.20:702][  0]LocalizationService: Localization service is disabled
[2018.09.05-04.42.20:985][  0]LogCook: Display: Max memory allowance for cook 16384mb min free memory 0mb
[2018.09.05-04.42.20:985][  0]LogCook: Display: Mobile HDR setting 1
[2018.09.05-04.42.20:985][  0]LogGameplayTags: Display: UGameplayTagsManager::DoneAddingNativeTags. DelegateIsBound: 0
[2018.09.05-04.42.20:985][  0]LogStats: UGameplayTagsManager::ConstructGameplayTagTree: ImportINI prefixes -  0.000 s
[2018.09.05-04.42.20:985][  0]LogStats: UGameplayTagsManager::ConstructGameplayTagTree: Construct from data asset -  0.000 s
[2018.09.05-04.42.20:985][  0]LogStats: UGameplayTagsManager::ConstructGameplayTagTree: ImportINI -  0.000 s
[2018.09.05-04.42.20:985][  0]LogStats: UGameplayTagsManager::ConstructGameplayTagTree: GameplayTagTreeChangedEvent.Broadcast -  0.000 s
[2018.09.05-04.42.21:143][  0]LogFileCache: Scanning file cache for directory 'C:/Users/lpan1/OneDrive/文档/GitHub/AP/Lin_Pan_AP_ass2/Content/' took 0.02s
[2018.09.05-04.42.21:143][  0]SourceControl: Source control is disabled
[2018.09.05-04.42.21:143][  0]Cmd: MAP LOAD FILE="C:/Users/lpan1/OneDrive/文档/GitHub/AP/Lin_Pan_AP_ass2/Content/ThirdPersonBP/Maps/ThirdPersonExampleMap.umap" TEMPLATE=0 SHOWPROGRESS=1 FEATURELEVEL=3
[2018.09.05-04.42.21:148][  0]LightingResults: New page: Lighting Build
[2018.09.05-04.42.21:150][  0]MapCheck: New page: Map Check
[2018.09.05-04.42.21:150][  0]LightingResults: New page: Lighting Build
[2018.09.05-04.42.22:168][  0]LogMaterial: Display: Missing cached shader map for material M_whiteBox_AP, compiling. 
[2018.09.05-04.42.22:413][  0]LogShaderCompilers: Display: Shaders left to compile 22
[2018.09.05-04.42.22:413][  0]LogShaderCompilers: Display: Shaders left to compile 12
[2018.09.05-04.42.22:413][  0]LogShaderCompilers: Display: Shaders left to compile 2
[2018.09.05-04.42.22:423][  0]LogAIModule: Creating AISystem for world ThirdPersonExampleMap
[2018.09.05-04.42.22:440][  0]LogEditorServer: Finished looking for orphan Actors (0.000 secs)
[2018.09.05-04.42.22:546][  0]Cmd: MAP CHECKDEP NOCLEARLOG
[2018.09.05-04.42.22:636][  0]MapCheck: Map check complete: 0 Error(s), 0 Warning(s), took 89.483ms to complete.
[2018.09.05-04.42.22:636][  0]LogFileHelpers: Loading map 'ThirdPersonExampleMap' took 1.493
[2018.09.05-04.42.22:908][  0]LogSlate: Updating window title bar state: overlay mode, drag disabled, window buttons hidden, title bar hidden
[2018.09.05-04.42.22:918][  0]LogSlate: Updating window title bar state: overlay mode, drag disabled, window buttons hidden, title bar hidden
[2018.09.05-04.42.22:928][  0]LogSlate: Updating window title bar state: overlay mode, drag disabled, window buttons hidden, title bar hidden
[2018.09.05-04.42.22:939][  0]LogSlate: Updating window title bar state: overlay mode, drag disabled, window buttons hidden, title bar hidden
[2018.09.05-04.42.22:950][  0]LogCollectionManager: Loaded 0 collections in 0.001320 seconds
[2018.09.05-04.42.23:020][  0]LogFileCache: Scanning file cache for directory 'C:/Users/lpan1/OneDrive/文档/GitHub/AP/Lin_Pan_AP_ass2/Saved/Collections/' took 0.01s
[2018.09.05-04.42.23:020][  0]LogFileCache: Scanning file cache for directory 'C:/Users/lpan1/OneDrive/文档/GitHub/AP/Lin_Pan_AP_ass2/Content/Developers/lpan1/Collections/' took 0.01s
[2018.09.05-04.42.23:020][  0]LogFileCache: Scanning file cache for directory 'C:/Users/lpan1/OneDrive/文档/GitHub/AP/Lin_Pan_AP_ass2/Content/Collections/' took 0.01s
[2018.09.05-04.42.23:020][  0]LogCollectionManager: Rebuilt the GUID cache for 0 collections in 0.000001 seconds
[2018.09.05-04.42.23:040][  0]LogContentBrowser: Native class hierarchy populated in 0.0198 seconds. Added 2572 classes and 603 folders.
[2018.09.05-04.42.23:048][  0]LogContentBrowser: Native class hierarchy updated for 'WidgetCarousel' in 0.0003 seconds. Added 0 classes and 0 folders.
[2018.09.05-04.42.25:478][  0]LogContentBrowser: Native class hierarchy updated for 'AddContentDialog' in 0.0004 seconds. Added 0 classes and 0 folders.
[2018.09.05-04.42.25:524][  0]LogContentBrowser: Native class hierarchy updated for 'SceneOutliner' in 0.0004 seconds. Added 1 classes and 2 folders.
[2018.09.05-04.42.25:549][  0]LogSlate: Took 0.000278 seconds to synchronously load lazily loaded font '../../../Engine/Content/Slate/Fonts/Roboto-Regular.ttf' (155K)
[2018.09.05-04.42.25:552][  0]LogSlate: Took 0.000271 seconds to synchronously load lazily loaded font '../../../Engine/Content/Slate/Fonts/Roboto-Bold.ttf' (160K)
[2018.09.05-04.42.25:578][  0]LogSlate: Took 0.019252 seconds to synchronously load lazily loaded font '../../../Engine/Content/Editor/Slate/Fonts/FontAwesome.ttf' (139K)
[2018.09.05-04.42.25:873][  0]LogRenderer: Reallocating scene render targets to support 1208x576 Format 10 NumSamples 1 (Frame:1).
[2018.09.05-04.42.26:104][  0]LogContentBrowser: Native class hierarchy updated for 'HierarchicalLODOutliner' in 0.0004 seconds. Added 0 classes and 0 folders.
[2018.09.05-04.42.26:104][  0]LogLoad: (Engine Initialization) Total time: 14.04 seconds
[2018.09.05-04.42.26:104][  0]LogLoad: (Engine Initialization) Total Blueprint compile time: 0.00 seconds
[2018.09.05-04.42.26:117][  0]LogWindowsTextInputMethodSystem: Display: IME system now deactivated.
[2018.09.05-04.42.26:142][  0]LogContentStreaming: Texture pool size now 1000 MB
[2018.09.05-04.42.26:219][  0]LogSlate: Took 0.018499 seconds to synchronously load lazily loaded font '../../../Engine/Content/Slate/Fonts/Roboto-Light.ttf' (167K)
[2018.09.05-04.42.31:329][587]LogSlate: FSceneViewport::OnFocusLost() reason 0
[2018.09.05-04.42.32:819][756]LogAssetRegistry: Asset discovery search completed in 15.7296 seconds
[2018.09.05-04.42.32:821][756]LogCollectionManager: Rebuilt the object cache for 0 collections in 0.000001 seconds (found 0 objects)
[2018.09.05-04.42.32:822][756]LogCollectionManager: Fixed up redirectors for 0 collections in 0.000055 seconds (updated 0 objects)
[2018.09.05-04.43.13:919][629]LogSlate: FSceneViewport::OnFocusLost() reason 2
[2018.09.05-04.43.14:723][723]LogEditorViewport: Clicking on Actor (LMB): BP_Sky_Sphere_C (SkySphereBlueprint)
[2018.09.05-04.43.18:543][165]LogSlate: Took 0.033436 seconds to synchronously load lazily loaded font '../../../Engine/Content/Slate/Fonts/Roboto-Italic.ttf' (157K)
[2018.09.05-04.45.33:572][552]Cmd: EDIT COPY
[2018.09.05-04.45.39:845][276]LogEditorViewport: Clicking Background
[2018.09.05-04.45.42:653][603]LogSlate: FSceneViewport::OnFocusLost() reason 0
[2018.09.05-04.45.44:932][862]LogEditorViewport: Clicking on Actor (LMB): BP_Sky_Sphere_C (SkySphereBlueprint)
[2018.09.05-04.45.46:752][ 68]Cmd: EDIT COPY
[2018.09.05-04.45.48:264][248]Cmd: EDIT PASTE
[2018.09.05-04.46.05:432][277]Cmd: DELETE
[2018.09.05-04.46.05:432][277]Cmd: ACTOR DELETE
[2018.09.05-04.46.05:436][277]LogEditorActor: Deleted Actor: Brush
[2018.09.05-04.46.05:537][277]LogEditorActor: Deleted 1 Actors (0.105 secs)
[2018.09.05-04.46.17:696][734]LogSlate: FSceneViewport::OnFocusLost() reason 0
[2018.09.05-04.46.38:083][164]Cmd: EDIT CUT
[2018.09.05-04.46.38:091][164]LogEditorActor: Deleted Actor: Brush
[2018.09.05-04.46.38:174][164]LogEditorActor: Deleted 1 Actors (0.087 secs)
[2018.09.05-04.47.00:036][681]LogEditorViewport: Clicking on Actor (LMB): BP_Sky_Sphere_C (SkySphereBlueprint)
[2018.09.05-04.47.01:161][810]Cmd: TRANSACTION UNDO
[2018.09.05-04.47.01:161][810]LogEditorTransaction: Undo Clicking on Actors
[2018.09.05-04.47.01:213][810]LogSlate: Took 0.000264 seconds to synchronously load lazily loaded font '../../../Engine/Content/Slate/Fonts/Roboto-Light.ttf' (167K)
[2018.09.05-04.47.01:609][850]Cmd: TRANSACTION UNDO
[2018.09.05-04.47.01:609][850]LogEditorTransaction: Undo Select Brush Surface
[2018.09.05-04.47.02:027][893]Cmd: TRANSACTION UNDO
[2018.09.05-04.47.02:027][893]LogEditorTransaction: Undo Clicking on Actors
[2018.09.05-04.47.02:579][933]Cmd: TRANSACTION UNDO
[2018.09.05-04.47.02:579][933]LogEditorTransaction: Undo Clicking on Actors
[2018.09.05-04.47.03:118][988]Cmd: TRANSACTION UNDO
[2018.09.05-04.47.03:118][988]LogEditorTransaction: Undo Clicking on Actors
[2018.09.05-04.47.03:518][ 32]Cmd: TRANSACTION UNDO
[2018.09.05-04.47.03:518][ 32]LogEditorTransaction: Undo Clicking on Actors
[2018.09.05-04.47.03:821][ 68]Cmd: TRANSACTION UNDO
[2018.09.05-04.47.03:821][ 68]LogEditorTransaction: Undo Cut
[2018.09.05-04.47.04:486][140]Cmd: TRANSACTION UNDO
[2018.09.05-04.47.04:486][140]LogEditorTransaction: Undo Edit Brush Type
[2018.09.05-04.47.06:469][369]LogSlate: FSceneViewport::OnFocusLost() reason 0
[2018.09.05-04.47.08:222][577]Cmd: TRANSACTION UNDO
[2018.09.05-04.47.08:222][577]LogEditorTransaction: Undo Clicking on Actors
[2018.09.05-04.47.12:216][ 39]Cmd: EDIT COPY
[2018.09.05-04.47.12:922][123]Cmd: EDIT PASTE
[2018.09.05-04.47.22:614][254]Cmd: TRANSACTION UNDO
[2018.09.05-04.47.22:614][254]LogEditorTransaction: Undo Move Actors
[2018.09.05-04.47.22:959][282]Cmd: TRANSACTION UNDO
[2018.09.05-04.47.22:959][282]LogEditorTransaction: Undo Move Actors
[2018.09.05-04.47.28:225][895]LogSlate: FSceneViewport::OnFocusLost() reason 2
[2018.09.05-04.47.36:870][926]Cmd: TRANSACTION UNDO
[2018.09.05-04.47.36:870][926]LogEditorTransaction: Undo Edit Brush Type
[2018.09.05-04.47.39:329][205]Cmd: DELETE
[2018.09.05-04.47.39:329][205]Cmd: ACTOR DELETE
[2018.09.05-04.47.39:334][205]LogEditorActor: Deleted Actor: Brush
[2018.09.05-04.47.39:408][205]LogEditorActor: Deleted 1 Actors (0.079 secs)
[2018.09.05-04.47.46:419][ 43]LogSlate: FSceneViewport::OnFocusLost() reason 0
[2018.09.05-04.47.47:218][133]LogActorFactory: Actor Factory created Cylinder
[2018.09.05-04.47.50:702][522]LogActorFactory: Actor Factory created Cylinder
[2018.09.05-04.48.22:242][ 43]LogEditorViewport: Clicking on Actor (LMB): StaticMeshActor (Cylinder)
[2018.09.05-04.48.22:439][ 63]Cmd: DELETE
[2018.09.05-04.48.22:439][ 63]Cmd: ACTOR DELETE
[2018.09.05-04.48.22:443][ 63]LogEditorActor: Deleted Actor: StaticMeshActor
[2018.09.05-04.48.22:536][ 63]LogEditorActor: Deleted 1 Actors (0.097 secs)
[2018.09.05-04.48.24:891][345]LogSlate: FSceneViewport::OnFocusLost() reason 0
[2018.09.05-04.48.48:794][203]LogSlate: FSceneViewport::OnFocusLost() reason 0
[2018.09.05-04.48.50:120][358]LogActorFactory: Actor Factory created Cylinder
[2018.09.05-04.48.52:898][688]LogActorFactory: Actor Factory created Cylinder
[2018.09.05-04.48.56:682][ 37]LogSlate: FSceneViewport::OnFocusLost() reason 0
[2018.09.05-04.49.40:496][834]LogEditorActor: Deleted Actor: StaticMeshActor
[2018.09.05-04.49.40:573][834]LogEditorActor: Deleted 1 Actors (0.081 secs)
[2018.09.05-04.49.46:418][529]Cmd: BRUSH ADD SELECTNEWBRUSH
[2018.09.05-04.49.52:839][293]LogSlate: FSceneViewport::OnFocusLost() reason 0
[2018.09.05-04.50.26:591][267]LogSlate: FSceneViewport::OnFocusLost() reason 0
[2018.09.05-04.50.49:402][738]LogSlate: FSceneViewport::OnFocusLost() reason 2
[2018.09.05-04.50.55:321][445]LogSlate: FSceneViewport::OnFocusLost() reason 0
[2018.09.05-04.51.02:221][267]LogEditorViewport: Clicking Background
[2018.09.05-04.51.05:297][635]LogSlate: FSceneViewport::OnFocusLost() reason 0
[2018.09.05-04.51.16:604][991]LogEditorViewport: Clicking Background
[2018.09.05-04.51.17:696][121]LogEditorViewport: Clicking on Actor (LMB): Brush (Cylinder Brush)
[2018.09.05-04.51.19:575][340]LogEditorViewport: Clicking Background
[2018.09.05-04.51.21:359][553]LogSlate: FSceneViewport::OnFocusLost() reason 0
[2018.09.05-04.51.27:371][267]LogEditorViewport: Clicking Background
[2018.09.05-04.51.33:240][965]LogEditorViewport: Clicking Background
[2018.09.05-04.51.35:695][252]LogEditorViewport: Clicking Background
[2018.09.05-04.51.37:327][441]LogEditorViewport: Clicking Background
[2018.09.05-04.51.38:617][591]LogEditorViewport: Clicking Background
[2018.09.05-04.51.39:274][669]LogEditorViewport: Clicking Background
[2018.09.05-04.51.40:656][829]LogSlate: FSceneViewport::OnFocusLost() reason 0
[2018.09.05-04.51.43:025][105]LogEditorViewport: Clicking Background
[2018.09.05-04.51.47:839][676]LogEditorViewport: Clicking Background
[2018.09.05-04.51.50:830][ 32]LogSlate: FSceneViewport::OnFocusLost() reason 0
[2018.09.05-04.51.52:195][194]LogEditorViewport: Clicking on Actor (LMB): Brush (Cylinder Brush)
[2018.09.05-04.51.53:397][329]LogSlate: FSceneViewport::OnFocusLost() reason 0
[2018.09.05-04.51.57:208][730]LogEditorViewport: Clicking Background
[2018.09.05-04.52.02:738][391]LogEditorViewport: Clicking Background
[2018.09.05-04.52.04:768][632]LogEditorViewport: Clicking Background
[2018.09.05-04.52.06:348][819]LogEditorViewport: Clicking Background
[2018.09.05-04.52.12:848][591]LogEditorViewport: Clicking Background
[2018.09.05-04.52.15:775][937]LogEditorViewport: Clicking Background
[2018.09.05-04.52.18:612][275]LogEditorViewport: Clicking on Actor (LMB): Brush (Cylinder Brush3)
[2018.09.05-04.52.20:517][481]LogSlate: FSceneViewport::OnFocusLost() reason 0
[2018.09.05-04.52.36:923][356]Cmd: TRANSACTION UNDO
[2018.09.05-04.52.36:923][356]LogEditorTransaction: Undo Modifier [Brush Clip]
[2018.09.05-04.52.36:941][356]LogActorComponent: RegisterComponentWithWorld: (/Game/ThirdPersonBP/Maps/ThirdPersonExampleMap.ThirdPersonExampleMap:PersistentLevel.CylinderBrush4_6.BrushComponent0) Trying to register component with IsPendingKill() == true. Aborting.
[2018.09.05-04.52.37:766][437]Cmd: TRANSACTION UNDO
[2018.09.05-04.52.37:766][437]LogEditorTransaction: Undo Modifier [Brush Clip]
[2018.09.05-04.52.37:787][437]LogActorComponent: ~FComponentReregisterContext: (/Game/ThirdPersonBP/Maps/ThirdPersonExampleMap.ThirdPersonExampleMap:PersistentLevel.15by15by2_brush6_23.BrushComponent0) Component already registered.
[2018.09.05-04.52.37:789][437]LogActorComponent: ~FComponentReregisterContext: (/Game/ThirdPersonBP/Maps/ThirdPersonExampleMap.ThirdPersonExampleMap:PersistentLevel.15by15by2_brush11.BrushComponent0) Component already registered.
[2018.09.05-04.52.37:793][437]LogActorComponent: RegisterComponentWithWorld: (/Game/ThirdPersonBP/Maps/ThirdPersonExampleMap.ThirdPersonExampleMap:PersistentLevel.CylinderBrush3_5.BrushComponent0) Trying to register component with IsPendingKill() == true. Aborting.
[2018.09.05-04.52.38:367][500]Cmd: TRANSACTION UNDO
[2018.09.05-04.52.38:367][500]LogEditorTransaction: Undo Clicking on Actors
[2018.09.05-04.52.47:605][596]Cmd: TRANSACTION UNDO
[2018.09.05-04.52.47:605][596]LogEditorTransaction: Undo Clicking Background
[2018.09.05-04.52.47:986][638]Cmd: TRANSACTION UNDO
[2018.09.05-04.52.47:986][638]LogEditorTransaction: Undo Clicking Background
[2018.09.05-04.52.48:506][699]Cmd: TRANSACTION UNDO
[2018.09.05-04.52.48:506][699]LogEditorTransaction: Undo Clicking Background
[2018.09.05-04.52.49:278][790]Cmd: TRANSACTION UNDO
[2018.09.05-04.52.49:278][790]LogEditorTransaction: Undo Clicking Background
[2018.09.05-04.52.52:336][156]Cmd: TRANSACTION UNDO
[2018.09.05-04.52.52:336][156]LogEditorTransaction: Undo Clicking Background
[2018.09.05-04.52.53:211][257]Cmd: TRANSACTION UNDO
[2018.09.05-04.52.53:211][257]LogEditorTransaction: Undo Clicking Background
[2018.09.05-04.52.54:130][364]Cmd: TRANSACTION UNDO
[2018.09.05-04.52.54:130][364]LogEditorTransaction: Undo Modifier [Brush Clip]
[2018.09.05-04.52.54:150][364]LogActorComponent: RegisterComponentWithWorld: (/Game/ThirdPersonBP/Maps/ThirdPersonExampleMap.ThirdPersonExampleMap:PersistentLevel.CylinderBrush2_4.BrushComponent0) Trying to register component with IsPendingKill() == true. Aborting.
[2018.09.05-04.52.54:746][430]Cmd: TRANSACTION UNDO
[2018.09.05-04.52.54:746][430]LogEditorTransaction: Undo Modifier [Brush Clip]
[2018.09.05-04.52.54:758][430]LogActorComponent: ~FComponentReregisterContext: (/Game/ThirdPersonBP/Maps/ThirdPersonExampleMap.ThirdPersonExampleMap:PersistentLevel.15by15by2_brush7_24.BrushComponent0) Component already registered.
[2018.09.05-04.52.54:763][430]LogActorComponent: RegisterComponentWithWorld: (/Game/ThirdPersonBP/Maps/ThirdPersonExampleMap.ThirdPersonExampleMap:PersistentLevel.CylinderBrush_3.BrushComponent0) Trying to register component with IsPendingKill() == true. Aborting.
[2018.09.05-04.53.02:664][344]LogEditorViewport: Clicking on Actor (LMB): BP_Sky_Sphere_C (SkySphereBlueprint)
[2018.09.05-04.53.10:550][271]Cmd: TRANSACTION UNDO
[2018.09.05-04.53.10:550][271]LogEditorTransaction: Undo Modifier [Brush Clip]
[2018.09.05-04.53.11:026][315]Cmd: TRANSACTION UNDO
[2018.09.05-04.53.11:026][315]LogEditorTransaction: Undo Select Brush Surface
[2018.09.05-04.53.11:315][344]Cmd: TRANSACTION UNDO
[2018.09.05-04.53.11:315][344]LogEditorTransaction: Undo Clicking on Actors
[2018.09.05-04.53.11:738][384]Cmd: TRANSACTION UNDO
[2018.09.05-04.53.11:738][384]LogEditorTransaction: Undo Clicking on Actors
[2018.09.05-04.53.12:000][415]Cmd: TRANSACTION UNDO
[2018.09.05-04.53.12:000][415]LogEditorTransaction: Undo Modifier [Brush Clip]
[2018.09.05-04.53.12:263][445]Cmd: TRANSACTION UNDO
[2018.09.05-04.53.12:263][445]LogEditorTransaction: Undo Clicking Background
[2018.09.05-04.53.12:583][482]Cmd: TRANSACTION UNDO
[2018.09.05-04.53.12:584][482]LogEditorTransaction: Undo Clicking Background
[2018.09.05-04.53.19:902][355]LogSlate: FSceneViewport::OnFocusLost() reason 0
[2018.09.05-04.53.21:511][363]LogSlate: Window 'Save Content' being destroyed
[2018.09.05-04.53.21:572][363]LogSlate: Window 'Lin_Pan_AP_ass2 - Unreal Editor' being destroyed
[2018.09.05-04.53.21:775][364]Cmd: QUIT_EDITOR
[2018.09.05-04.53.21:814][364]LogWindowsTextInputMethodSystem: Display: IME system now deactivated.
[2018.09.05-04.53.21:830][364]LogExit: Preparing to exit.
[2018.09.05-04.53.22:072][364]LogExit: Editor shut down
[2018.09.05-04.53.22:073][364]LogExit: Transaction tracking system shut down
[2018.09.05-04.53.22:572][364]LogExit: Object subsystem successfully closed.
[2018.09.05-04.53.22:598][364]LogShaderCompilers: Display: Shaders left to compile 0
[2018.09.05-04.53.22:603][364]LogD3D11RHI: Shutdown
[2018.09.05-04.53.22:603][364]LogD3D11RHI: CleanupD3DDevice
[2018.09.05-04.53.22:606][364]LogD3D11RHI: ~FD3D11DynamicRHI
[2018.09.05-04.53.22:628][364]LogModuleManager: Shutting down and abandoning module HierarchicalLODOutliner (610)
[2018.09.05-04.53.22:629][364]LogModuleManager: Shutting down and abandoning module SceneOutliner (608)
[2018.09.05-04.53.22:629][364]LogModuleManager: Shutting down and abandoning module AddContentDialog (606)
[2018.09.05-04.53.22:633][364]LogModuleManager: Shutting down and abandoning module WidgetCarousel (605)
[2018.09.05-04.53.22:633][364]LogModuleManager: Shutting down and abandoning module EditorWidgets (602)
[2018.09.05-04.53.22:633][364]LogModuleManager: Shutting down and abandoning module CollectionManager (600)
[2018.09.05-04.53.22:634][364]LogModuleManager: Shutting down and abandoning module StatsViewer (598)
[2018.09.05-04.53.22:634][364]LogModuleManager: Shutting down and abandoning module FoliageEdit (596)
[2018.09.05-04.53.22:634][364]LogModuleManager: Shutting down and abandoning module LandscapeEditor (594)
[2018.09.05-04.53.22:634][364]LogModuleManager: Shutting down and abandoning module MeshPaintMode (592)
[2018.09.05-04.53.22:634][364]LogModuleManager: Shutting down and abandoning module SceneDepthPickerMode (590)
[2018.09.05-04.53.22:634][364]LogModuleManager: Shutting down and abandoning module ActorPickerMode (588)
[2018.09.05-04.53.22:634][364]LogModuleManager: Shutting down and abandoning module GeometryMode (586)
[2018.09.05-04.53.22:634][364]LogModuleManager: Shutting down and abandoning module TextureAlignMode (584)
[2018.09.05-04.53.22:634][364]LogModuleManager: Shutting down and abandoning module BspMode (582)
[2018.09.05-04.53.22:634][364]LogModuleManager: Shutting down and abandoning module PIEPreviewDeviceProfileSelector (580)
[2018.09.05-04.53.22:634][364]LogModuleManager: Shutting down and abandoning module SequenceRecorderSections (578)
[2018.09.05-04.53.22:634][364]LogModuleManager: Shutting down and abandoning module AutomationWorker (576)
[2018.09.05-04.53.22:634][364]LogModuleManager: Shutting down and abandoning module AudioCaptureEditor (574)
[2018.09.05-04.53.22:634][364]LogModuleManager: Shutting down and abandoning module SequenceRecorder (573)
[2018.09.05-04.53.22:634][364]LogModuleManager: Shutting down and abandoning module MatineeToLevelSequence (570)
[2018.09.05-04.53.22:635][364]LogModuleManager: Shutting down and abandoning module LevelSequenceEditor (568)
[2018.09.05-04.53.22:635][364]LogModuleManager: Shutting down and abandoning module PlacementMode (567)
[2018.09.05-04.53.22:635][364]LogModuleManager: Shutting down and abandoning module MaterialEditor (566)
[2018.09.05-04.53.22:635][364]LogModuleManager: Shutting down and abandoning module WmfMediaFactory (562)
[2018.09.05-04.53.22:635][364]LogModuleManager: Shutting down and abandoning module WmfMediaEditor (560)
[2018.09.05-04.53.22:635][364]LogModuleManager: Shutting down and abandoning module MediaPlayerEditor (558)
[2018.09.05-04.53.22:635][364]LogModuleManager: Shutting down and abandoning module OpenExrWrapper (556)
[2018.09.05-04.53.22:635][364]LogModuleManager: Shutting down and abandoning module ImgMediaFactory (554)
[2018.09.05-04.53.22:635][364]LogModuleManager: Shutting down and abandoning module ImgMediaEditor (552)
[2018.09.05-04.53.22:635][364]LogModuleManager: Shutting down and abandoning module AvfMediaFactory (550)
[2018.09.05-04.53.22:635][364]LogModuleManager: Shutting down and abandoning module AvfMediaEditor (548)
[2018.09.05-04.53.22:635][364]LogModuleManager: Shutting down and abandoning module AndroidMediaFactory (546)
[2018.09.05-04.53.22:635][364]LogModuleManager: Shutting down and abandoning module AndroidMediaEditor (544)
[2018.09.05-04.53.22:635][364]LogModuleManager: Shutting down and abandoning module MagicLeapCameraPreviewFactory (542)
[2018.09.05-04.53.22:635][364]LogModuleManager: Shutting down and abandoning module MagicLeapMediaFactory (540)
[2018.09.05-04.53.22:635][364]LogModuleManager: Shutting down and abandoning module MagicLeapMediaEditor (538)
[2018.09.05-04.53.22:635][364]LogModuleManager: Shutting down and abandoning module CharacterAI (536)
[2018.09.05-04.53.22:635][364]LogModuleManager: Shutting down and abandoning module SmartSnapping (534)
[2018.09.05-04.53.22:635][364]LogModuleManager: Shutting down and abandoning module SessionServices (532)
[2018.09.05-04.53.22:635][364]LogModuleManager: Shutting down and abandoning module ViewportSnapping (530)
[2018.09.05-04.53.22:635][364]LogModuleManager: Shutting down and abandoning module ViewportInteraction (528)
[2018.09.05-04.53.22:635][364]LogModuleManager: Shutting down and abandoning module ClothPainter (526)
[2018.09.05-04.53.22:635][364]LogModuleManager: Shutting down and abandoning module SkeletalMeshEditor (525)
[2018.09.05-04.53.22:635][364]LogModuleManager: Shutting down and abandoning module LogVisualizer (522)
[2018.09.05-04.53.22:636][364]LogModuleManager: Shutting down and abandoning module IntroTutorials (520)
[2018.09.05-04.53.22:636][364]LogModuleManager: Shutting down and abandoning module GameProjectGeneration (519)
[2018.09.05-04.53.22:636][364]LogModuleManager: Shutting down and abandoning module LuminPlatformEditor (516)
[2018.09.05-04.53.22:636][364]LogModuleManager: Shutting down and abandoning module IOSPlatformEditor (514)
[2018.09.05-04.53.22:636][364]LogModuleManager: Shutting down and abandoning module HTML5PlatformEditor (512)
[2018.09.05-04.53.22:636][364]LogModuleManager: Shutting down and abandoning module AndroidPlatformEditor (510)
[2018.09.05-04.53.22:636][364]LogModuleManager: Shutting down and abandoning module AndroidDeviceDetection (509)
[2018.09.05-04.53.23:310][364]LogModuleManager: Shutting down and abandoning module WindowsPlatformEditor (506)
[2018.09.05-04.53.23:310][364]LogModuleManager: Shutting down and abandoning module LuminRuntimeSettings (504)
[2018.09.05-04.53.23:310][364]LogModuleManager: Shutting down and abandoning module IOSRuntimeSettings (502)
[2018.09.05-04.53.23:310][364]LogModuleManager: Shutting down and abandoning module AndroidRuntimeSettings (500)
[2018.09.05-04.53.23:310][364]LogModuleManager: Shutting down and abandoning module InputBindingEditor (498)
[2018.09.05-04.53.23:310][364]LogModuleManager: Shutting down and abandoning module MergeActors (496)
[2018.09.05-04.53.23:310][364]LogModuleManager: Shutting down and abandoning module LocalizationDashboard (494)
[2018.09.05-04.53.23:310][364]LogModuleManager: Shutting down and abandoning module LocalizationService (493)
[2018.09.05-04.53.23:310][364]LogModuleManager: Shutting down and abandoning module HardwareTargeting (490)
[2018.09.05-04.53.23:310][364]LogModuleManager: Shutting down and abandoning module DeviceProfileEditor (488)
[2018.09.05-04.53.23:310][364]LogModuleManager: Shutting down and abandoning module UndoHistory (486)
[2018.09.05-04.53.23:311][364]LogModuleManager: Shutting down and abandoning module XmlParser (484)
[2018.09.05-04.53.23:311][364]LogModuleManager: Shutting down and abandoning module Blutility (482)
[2018.09.05-04.53.23:311][364]LogModuleManager: Shutting down and abandoning module ProjectSettingsViewer (480)
[2018.09.05-04.53.23:311][364]LogModuleManager: Shutting down and abandoning module ProjectTargetPlatformEditor (479)
[2018.09.05-04.53.23:311][364]LogModuleManager: Shutting down and abandoning module EditorSettingsViewer (476)
[2018.09.05-04.53.23:311][364]LogModuleManager: Shutting down and abandoning module SettingsEditor (474)
[2018.09.05-04.53.23:311][364]LogModuleManager: Shutting down and abandoning module ProjectLauncher (472)
[2018.09.05-04.53.23:311][364]LogModuleManager: Shutting down and abandoning module SessionFrontend (470)
[2018.09.05-04.53.23:311][364]LogModuleManager: Shutting down and abandoning module ProfilerClient (468)
[2018.09.05-04.53.23:311][364]LogModuleManager: Shutting down and abandoning module DeviceManager (466)
[2018.09.05-04.53.23:311][364]LogModuleManager: Shutting down and abandoning module TargetDeviceServices (465)
[2018.09.05-04.53.23:366][364]LogModuleManager: Shutting down and abandoning module AutomationController (462)
[2018.09.05-04.53.23:366][364]LogModuleManager: Shutting down and abandoning module AutomationWindow (460)
[2018.09.05-04.53.23:366][364]LogModuleManager: Shutting down and abandoning module Layers (458)
[2018.09.05-04.53.23:366][364]LogModuleManager: Shutting down and abandoning module ComponentVisualizers (456)
[2018.09.05-04.53.23:366][364]LogModuleManager: Shutting down and abandoning module DetailCustomizations (454)
[2018.09.05-04.53.23:366][364]LogModuleManager: Shutting down and abandoning module PackagesDialog (452)
[2018.09.05-04.53.23:366][364]LogModuleManager: Shutting down and abandoning module Persona (450)
[2018.09.05-04.53.23:366][364]LogModuleManager: Shutting down and abandoning module AdvancedPreviewScene (449)
[2018.09.05-04.53.23:366][364]LogModuleManager: Shutting down and abandoning module AnimGraph (447)
[2018.09.05-04.53.23:366][364]LogModuleManager: Shutting down and abandoning module Kismet (444)
[2018.09.05-04.53.23:367][364]LogModuleManager: Shutting down and abandoning module GraphEditor (442)
[2018.09.05-04.53.23:367][364]LogModuleManager: Shutting down and abandoning module ClassViewer (440)
[2018.09.05-04.53.23:367][364]LogModuleManager: Shutting down and abandoning module Toolbox (438)
[2018.09.05-04.53.23:367][364]LogModuleManager: Shutting down and abandoning module ModuleUI (436)
[2018.09.05-04.53.23:367][364]LogModuleManager: Shutting down and abandoning module MovieSceneTools (434)
[2018.09.05-04.53.23:367][364]LogModuleManager: Shutting down and abandoning module OutputLog (432)
[2018.09.05-04.53.23:367][364]LogModuleManager: Shutting down and abandoning module GammaUI (430)
[2018.09.05-04.53.23:367][364]LogModuleManager: Shutting down and abandoning module Documentation (428)
[2018.09.05-04.53.23:367][364]LogModuleManager: Shutting down and abandoning module MovieSceneTracks (426)
[2018.09.05-04.53.23:367][364]LogModuleManager: Shutting down and abandoning module MovieScene (424)
[2018.09.05-04.53.23:367][364]LogModuleManager: Shutting down and abandoning module StreamingPauseRendering (422)
[2018.09.05-04.53.23:367][364]LogModuleManager: Shutting down and abandoning module LauncherPlatform (420)
[2018.09.05-04.53.23:367][364]LogModuleManager: Shutting down and abandoning module AnalyticsET (418)
[2018.09.05-04.53.23:367][364]LogModuleManager: Shutting down and abandoning module PortalServices (416)
[2018.09.05-04.53.23:367][364]LogModuleManager: Shutting down and abandoning module PortalRpc (414)
[2018.09.05-04.53.23:368][364]LogModuleManager: Shutting down and abandoning module MessagingRpc (412)
[2018.09.05-04.53.23:368][364]LogModuleManager: Shutting down and abandoning module AIModule (410)
[2018.09.05-04.53.23:368][364]LogModuleManager: Shutting down and abandoning module GameplayDebugger (409)
[2018.09.05-04.53.23:368][364]LogModuleManager: Shutting down and abandoning module AITestSuite (407)
[2018.09.05-04.53.23:368][364]LogModuleManager: Shutting down and abandoning module NavigationSystem (405)
[2018.09.05-04.53.23:368][364]LogModuleManager: Shutting down and abandoning module DesktopPlatform (402)
[2018.09.05-04.53.23:368][364]LogModuleManager: Shutting down and abandoning module ProfilerService (400)
[2018.09.05-04.53.23:421][364]LogModuleManager: Shutting down and abandoning module TaskGraph (398)
[2018.09.05-04.53.23:421][364]LogModuleManager: Shutting down and abandoning module SteamVRController (396)
[2018.09.05-04.53.23:421][364]LogModuleManager: Shutting down and abandoning module ProceduralMeshComponentEditor (394)
[2018.09.05-04.53.23:421][364]LogModuleManager: Shutting down and abandoning module ProceduralMeshComponent (392)
[2018.09.05-04.53.23:422][364]LogModuleManager: Shutting down and abandoning module OculusInput (390)
[2018.09.05-04.53.23:422][364]LogModuleManager: Shutting down and abandoning module MobilePatchingUtils (388)
[2018.09.05-04.53.23:422][364]LogModuleManager: Shutting down and abandoning module EditableMesh (386)
[2018.09.05-04.53.23:422][364]LogModuleManager: Shutting down and abandoning module CustomMeshComponent (384)
[2018.09.05-04.53.23:422][364]LogModuleManager: Shutting down and abandoning module CableComponent (382)
[2018.09.05-04.53.23:422][364]LogModuleManager: Shutting down and abandoning module AudioCapture (380)
[2018.09.05-04.53.23:422][364]LogModuleManager: Shutting down and abandoning module ArchVisCharacter (378)
[2018.09.05-04.53.23:422][364]LogModuleManager: Shutting down and abandoning module AndroidPermission (376)
[2018.09.05-04.53.23:422][364]LogModuleManager: Shutting down and abandoning module NUTUnrealEngine4 (374)
[2018.09.05-04.53.23:422][364]LogModuleManager: Shutting down and abandoning module NetcodeUnitTest (372)
[2018.09.05-04.53.23:422][364]LogModuleManager: Shutting down and abandoning module MediaCompositingEditor (370)
[2018.09.05-04.53.23:422][364]LogModuleManager: Shutting down and abandoning module MediaCompositing (368)
[2018.09.05-04.53.23:422][364]LogModuleManager: Shutting down and abandoning module LinearTimecode (366)
[2018.09.05-04.53.23:422][364]LogModuleManager: Shutting down and abandoning module ImgMedia (364)
[2018.09.05-04.53.23:426][364]LogModuleManager: Shutting down and abandoning module HTML5Networking (362)
[2018.09.05-04.53.23:426][364]LogModuleManager: Shutting down and abandoning module GeometryCacheTracks (360)
[2018.09.05-04.53.23:426][364]LogModuleManager: Shutting down and abandoning module GeometryCacheSequencer (358)
[2018.09.05-04.53.23:426][364]LogModuleManager: Shutting down and abandoning module BackChannel (356)
[2018.09.05-04.53.23:426][364]LogModuleManager: Shutting down and abandoning module AppleVision (354)
[2018.09.05-04.53.23:426][364]LogModuleManager: Shutting down and abandoning module AppleImageUtils (352)
[2018.09.05-04.53.23:426][364]LogModuleManager: Shutting down and abandoning module AlembicImporter (350)
[2018.09.05-04.53.23:426][364]LogModuleManager: Shutting down and abandoning module AlembicLibrary (349)
[2018.09.05-04.53.23:426][364]LogModuleManager: Shutting down and abandoning module GeometryCache (348)
[2018.09.05-04.53.23:426][364]LogModuleManager: Shutting down and abandoning module GeometryCacheEd (347)
[2018.09.05-04.53.23:426][364]LogModuleManager: Shutting down and abandoning module DatasmithContentEditor (342)
[2018.09.05-04.53.23:426][364]LogModuleManager: Shutting down and abandoning module DatasmithContent (340)
[2018.09.05-04.53.23:427][364]LogModuleManager: Shutting down and abandoning module SpeedTreeImporter (338)
[2018.09.05-04.53.23:427][364]LogModuleManager: Shutting down and abandoning module PluginBrowser (336)
[2018.09.05-04.53.23:427][364]LogModuleManager: Shutting down and abandoning module MobileLauncherProfileWizard (334)
[2018.09.05-04.53.23:427][364]LogModuleManager: Shutting down and abandoning module PolygonModeling (332)
[2018.09.05-04.53.23:427][364]LogModuleManager: Shutting down and abandoning module MeshEditor (330)
[2018.09.05-04.53.23:427][364]LogModuleManager: Shutting down and abandoning module CryptoKeysOpenSSL (328)
[2018.09.05-04.53.23:427][364]LogModuleManager: Shutting down and abandoning module CryptoKeys (326)
[2018.09.05-04.53.23:427][364]LogModuleManager: Shutting down and abandoning module VisualStudioSourceCodeAccess (324)
[2018.09.05-04.53.23:427][364]LogModuleManager: Shutting down and abandoning module VisualStudioCodeSourceCodeAccess (322)
[2018.09.05-04.53.23:427][364]LogModuleManager: Shutting down and abandoning module UObjectPlugin (320)
[2018.09.05-04.53.23:427][364]LogModuleManager: Shutting down and abandoning module SubversionSourceControl (318)
[2018.09.05-04.53.23:427][364]LogModuleManager: Shutting down and abandoning module PerforceSourceControl (316)
[2018.09.05-04.53.23:427][364]LogModuleManager: Shutting down and abandoning module GitSourceControl (314)
[2018.09.05-04.53.23:427][364]LogModuleManager: Shutting down and abandoning module SourceControl (313)
[2018.09.05-04.53.23:427][364]LogModuleManager: Shutting down and abandoning module CLionSourceCodeAccess (310)
[2018.09.05-04.53.23:427][364]LogModuleManager: Shutting down and abandoning module LightPropagationVolumeEditor (308)
[2018.09.05-04.53.23:427][364]LogModuleManager: Shutting down and abandoning module PaperTiledImporter (306)
[2018.09.05-04.53.23:427][364]LogModuleManager: Shutting down and abandoning module PaperSpriteSheetImporter (304)
[2018.09.05-04.53.23:427][364]LogModuleManager: Shutting down and abandoning module Paper2DEditor (302)
[2018.09.05-04.53.23:427][364]LogModuleManager: Shutting down and abandoning module MeshPaint (301)
[2018.09.05-04.53.23:427][364]LogModuleManager: Shutting down and abandoning module RuntimePhysXCooking (298)
[2018.09.05-04.53.23:427][364]LogModuleManager: Shutting down and abandoning module PhysXVehiclesEditor (296)
[2018.09.05-04.53.23:428][364]LogModuleManager: Shutting down and abandoning module PhysXVehicles (294)
[2018.09.05-04.53.23:428][364]LogModuleManager: Shutting down and abandoning module OculusEditor (292)
[2018.09.05-04.53.23:428][364]LogModuleManager: Shutting down and abandoning module LocationServicesBPLibrary (290)
[2018.09.05-04.53.23:428][364]LogModuleManager: Shutting down and abandoning module ImmediatePhysicsEditor (288)
[2018.09.05-04.53.23:428][364]LogModuleManager: Shutting down and abandoning module ImmediatePhysics (286)
[2018.09.05-04.53.23:428][364]LogModuleManager: Shutting down and abandoning module ActorSequence (284)
[2018.09.05-04.53.23:428][364]LogModuleManager: Shutting down and abandoning module UdpMessaging (282)
[2018.09.05-04.53.23:529][364]LogModuleManager: Shutting down and abandoning module TcpMessaging (280)
[2018.09.05-04.53.23:630][364]LogModuleManager: Shutting down and abandoning module MagicLeapAudio (278)
[2018.09.05-04.53.23:630][364]LogModuleManager: Shutting down and abandoning module GameplayTagsEditor (276)
[2018.09.05-04.53.23:630][364]LogModuleManager: Shutting down and abandoning module FacialAnimationEditor (274)
[2018.09.05-04.53.23:630][364]LogModuleManager: Shutting down and abandoning module FacialAnimation (272)
[2018.09.05-04.53.23:630][364]LogModuleManager: Shutting down and abandoning module DataValidation (270)
[2018.09.05-04.53.23:630][364]LogModuleManager: Shutting down and abandoning module AssetManagerEditor (268)
[2018.09.05-04.53.23:630][364]LogModuleManager: Shutting down and abandoning module LevelEditor (267)
[2018.09.05-04.53.23:631][364]LogModuleManager: Shutting down and abandoning module PixelInspectorModule (266)
[2018.09.05-04.53.23:631][364]LogModuleManager: Shutting down and abandoning module CommonMenuExtensions (264)
[2018.09.05-04.53.23:631][364]LogModuleManager: Shutting down and abandoning module MainFrame (262)
[2018.09.05-04.53.23:631][364]LogModuleManager: Shutting down and abandoning module HotReload (261)
[2018.09.05-04.53.23:632][364]LogModuleManager: Shutting down and abandoning module ContentBrowser (257)
[2018.09.05-04.53.23:633][364]LogModuleManager: Shutting down and abandoning module TreeMap (255)
[2018.09.05-04.53.23:633][364]LogModuleManager: Shutting down and abandoning module LightPropagationVolumeRuntime (252)
[2018.09.05-04.53.23:633][364]LogModuleManager: Shutting down and abandoning module AISupportModule (250)
[2018.09.05-04.53.23:633][364]LogModuleManager: Shutting down and abandoning module Paper2D (248)
[2018.09.05-04.53.23:633][364]LogModuleManager: Shutting down and abandoning module WindowsMoviePlayer (246)
[2018.09.05-04.53.23:633][364]LogModuleManager: Shutting down and abandoning module WmfMedia (244)
[2018.09.05-04.53.23:635][364]LogModuleManager: Shutting down and abandoning module Media (243)
[2018.09.05-04.53.23:641][364]LogModuleManager: Shutting down and abandoning module PacketHandler (240)
[2018.09.05-04.53.23:641][364]LogModuleManager: Shutting down and abandoning module ClothingSystemEditor (238)
[2018.09.05-04.53.23:641][364]LogModuleManager: Shutting down and abandoning module ClothingSystemRuntime (236)
[2018.09.05-04.53.23:641][364]LogModuleManager: Shutting down and abandoning module MediaAssets (234)
[2018.09.05-04.53.23:641][364]LogModuleManager: Shutting down and abandoning module Overlay (232)
[2018.09.05-04.53.23:641][364]LogModuleManager: Shutting down and abandoning module OverlayEditor (231)
[2018.09.05-04.53.23:641][364]LogModuleManager: Shutting down and abandoning module VREditor (228)
[2018.09.05-04.53.23:641][364]LogModuleManager: Shutting down and abandoning module StringTableEditor (226)
[2018.09.05-04.53.23:641][364]LogModuleManager: Shutting down and abandoning module GameplayTasksEditor (224)
[2018.09.05-04.53.23:641][364]LogModuleManager: Shutting down and abandoning module BehaviorTreeEditor (222)
[2018.09.05-04.53.23:641][364]LogModuleManager: Shutting down and abandoning module FunctionalTesting (220)
[2018.09.05-04.53.23:641][364]LogModuleManager: Shutting down and abandoning module CollisionAnalyzer (218)
[2018.09.05-04.53.23:641][364]LogModuleManager: Shutting down and abandoning module WorkspaceMenuStructure (217)
[2018.09.05-04.53.23:642][364]LogModuleManager: Shutting down and abandoning module UMG (214)
[2018.09.05-04.53.23:642][364]LogModuleManager: Shutting down and abandoning module UMGEditor (213)
[2018.09.05-04.53.23:642][364]LogModuleManager: Shutting down and abandoning module Sequencer (212)
[2018.09.05-04.53.23:642][364]LogModuleManager: Shutting down and abandoning module MessageLog (209)
[2018.09.05-04.53.23:642][364]LogModuleManager: Shutting down and abandoning module SlateReflector (204)
[2018.09.05-04.53.23:642][364]LogModuleManager: Shutting down and abandoning module Slate (202)
[2018.09.05-04.53.23:642][364]LogModuleManager: Shutting down and abandoning module EditorStyle (200)
[2018.09.05-04.53.23:644][364]LogModuleManager: Shutting down and abandoning module MRMesh (198)
[2018.09.05-04.53.23:644][364]LogModuleManager: Shutting down and abandoning module SourceCodeAccess (196)
[2018.09.05-04.53.23:644][364]LogModuleManager: Shutting down and abandoning module HeadMountedDisplay (194)
[2018.09.05-04.53.23:644][364]LogModuleManager: Shutting down and abandoning module XAudio2 (192)
[2018.09.05-04.53.23:644][364]LogModuleManager: Shutting down and abandoning module Networking (190)
[2018.09.05-04.53.23:644][364]LogModuleManager: Shutting down and abandoning module Core (188)
[2018.09.05-04.53.23:644][364]LogModuleManager: Shutting down and abandoning module LevelSequence (186)
[2018.09.05-04.53.23:644][364]LogModuleManager: Shutting down and abandoning module KismetCompiler (184)
[2018.09.05-04.53.23:644][364]LogModuleManager: Shutting down and abandoning module MeshUtilities (182)
[2018.09.05-04.53.23:644][364]LogModuleManager: Shutting down and abandoning module MeshMergeUtilities (181)
[2018.09.05-04.53.23:644][364]LogModuleManager: Shutting down and abandoning module MeshReductionInterface (180)
[2018.09.05-04.53.23:644][364]LogModuleManager: Shutting down and abandoning module SimplygonSwarm (179)
[2018.09.05-04.53.23:644][364]LogModuleManager: Shutting down and abandoning module ProxyLODMeshReduction (177)
[2018.09.05-04.53.23:644][364]LogModuleManager: Shutting down and abandoning module SimplygonMeshReduction (175)
[2018.09.05-04.53.23:644][364]LogModuleManager: Shutting down and abandoning module QuadricMeshReduction (173)
[2018.09.05-04.53.23:644][364]LogModuleManager: Shutting down and abandoning module MaterialBaking (169)
[2018.09.05-04.53.23:644][364]LogModuleManager: Shutting down and abandoning module DirectoryWatcher (165)
[2018.09.05-04.53.23:644][364]LogModuleManager: Shutting down and abandoning module DerivedDataCache (162)
[2018.09.05-04.53.23:686][364]LogDerivedDataCache: Shutdown
[2018.09.05-04.53.23:686][364]LogModuleManager: Shutting down and abandoning module XGEController (160)
[2018.09.05-04.53.23:686][364]LogModuleManager: Shutting down and abandoning module TargetPlatform (158)
[2018.09.05-04.53.23:686][364]LogModuleManager: Shutting down and abandoning module VulkanShaderFormat (157)
[2018.09.05-04.53.23:686][364]LogModuleManager: Shutting down and abandoning module ShaderFormatVectorVM (155)
[2018.09.05-04.53.23:686][364]LogModuleManager: Shutting down and abandoning module ShaderFormatOpenGL (153)
[2018.09.05-04.53.23:686][364]LogModuleManager: Shutting down and abandoning module ShaderFormatD3D (151)
[2018.09.05-04.53.23:687][364]LogModuleManager: Shutting down and abandoning module MetalShaderFormat (149)
[2018.09.05-04.53.23:687][364]LogModuleManager: Shutting down and abandoning module TextureFormatUncompressed (147)
[2018.09.05-04.53.23:687][364]LogModuleManager: Shutting down and abandoning module TextureFormatPVR (145)
[2018.09.05-04.53.23:687][364]LogModuleManager: Shutting down and abandoning module TextureFormatDXT (143)
[2018.09.05-04.53.23:687][364]LogModuleManager: Shutting down and abandoning module TextureFormatIntelISPCTexComp (141)
[2018.09.05-04.53.23:687][364]LogModuleManager: Shutting down and abandoning module TextureFormatASTC (139)
[2018.09.05-04.53.23:687][364]LogModuleManager: Shutting down and abandoning module ImageWrapper (138)
[2018.09.05-04.53.23:687][364]LogModuleManager: Shutting down and abandoning module TextureFormatAndroid (135)
[2018.09.05-04.53.23:687][364]LogModuleManager: Shutting down and abandoning module AudioFormatOpus (133)
[2018.09.05-04.53.23:687][364]LogModuleManager: Shutting down and abandoning module AudioFormatOgg (131)
[2018.09.05-04.53.23:687][364]LogModuleManager: Shutting down and abandoning module AudioFormatADPCM (129)
[2018.09.05-04.53.23:687][364]LogModuleManager: Shutting down and abandoning module LuminTargetPlatform (127)
[2018.09.05-04.53.23:687][364]LogModuleManager: Shutting down and abandoning module LinuxTargetPlatform (125)
[2018.09.05-04.53.23:687][364]LogModuleManager: Shutting down and abandoning module LinuxServerTargetPlatform (123)
[2018.09.05-04.53.23:687][364]LogModuleManager: Shutting down and abandoning module LinuxNoEditorTargetPlatform (121)
[2018.09.05-04.53.23:687][364]LogModuleManager: Shutting down and abandoning module LinuxClientTargetPlatform (119)
[2018.09.05-04.53.23:687][364]LogModuleManager: Shutting down and abandoning module TVOSTargetPlatform (117)
[2018.09.05-04.53.23:688][364]LogModuleManager: Shutting down and abandoning module Messaging (115)
[2018.09.05-04.53.23:688][364]LogModuleManager: Shutting down and abandoning module IOSTargetPlatform (113)
[2018.09.05-04.53.23:689][364]LogModuleManager: Shutting down and abandoning module HTML5TargetPlatform (111)
[2018.09.05-04.53.23:689][364]LogModuleManager: Shutting down and abandoning module AndroidTargetPlatform (109)
[2018.09.05-04.53.23:697][364]LogModuleManager: Shutting down and abandoning module WindowsTargetPlatform (107)
[2018.09.05-04.53.23:697][364]LogModuleManager: Shutting down and abandoning module WindowsServerTargetPlatform (105)
[2018.09.05-04.53.23:697][364]LogModuleManager: Shutting down and abandoning module WindowsNoEditorTargetPlatform (103)
[2018.09.05-04.53.23:697][364]LogModuleManager: Shutting down and abandoning module WindowsClientTargetPlatform (101)
[2018.09.05-04.53.23:697][364]LogModuleManager: Shutting down and abandoning module MacTargetPlatform (99)
[2018.09.05-04.53.23:697][364]LogModuleManager: Shutting down and abandoning module MacServerTargetPlatform (97)
[2018.09.05-04.53.23:697][364]LogModuleManager: Shutting down and abandoning module MacNoEditorTargetPlatform (95)
[2018.09.05-04.53.23:697][364]LogModuleManager: Shutting down and abandoning module MacClientTargetPlatform (93)
[2018.09.05-04.53.23:697][364]LogModuleManager: Shutting down and abandoning module AllDesktopTargetPlatform (91)
[2018.09.05-04.53.23:697][364]LogModuleManager: Shutting down and abandoning module InputCore (88)
[2018.09.05-04.53.23:697][364]LogModuleManager: Shutting down and abandoning module Settings (86)
[2018.09.05-04.53.23:697][364]LogModuleManager: Shutting down and abandoning module PhysXCooking (84)
[2018.09.05-04.53.23:697][364]LogModuleManager: Shutting down and abandoning module SteamVR (82)
[2018.09.05-04.53.23:697][364]LogModuleManager: Shutting down and abandoning module OculusHMD (80)
[2018.09.05-04.53.23:697][364]LogModuleManager: Shutting down and abandoning module ExampleDeviceProfileSelector (78)
[2018.09.05-04.53.23:697][364]LogModuleManager: Shutting down and abandoning module LauncherChunkInstaller (76)
[2018.09.05-04.53.23:697][364]LogModuleManager: Shutting down and abandoning module OnlineBlueprintSupport (74)
[2018.09.05-04.53.23:697][364]LogModuleManager: Shutting down and abandoning module OnlineSubsystem (70)
[2018.09.05-04.53.23:698][364]LogModuleManager: Shutting down and abandoning module XMPP (65)
[2018.09.05-04.53.23:698][364]LogModuleManager: Shutting down and abandoning module WebSockets (64)
[2018.09.05-04.53.23:734][364]LogModuleManager: Shutting down and abandoning module HTTP (61)
[2018.09.05-04.53.23:734][364]LogHttp: Display: Http module shutting down, but needs to wait on 1 outstanding Http requests:
[2018.09.05-04.53.23:734][364]LogHttp: Display: 	verb=[POST] url=[https://datarouter.ol.epicgames.com/datarouter/api/v1/public/data?SessionID=%7BE4BB8C1F-4A09-8205-4AA8-D3880258EA71%7D&AppID=UEEditor.Rocket.Release&AppVersion=4.20.2-4302132%2B%2B%2BUE4%2BRelease-4.20&UserID=0f52ed1c4fc7e3efaf82e4b53fa366ea%7Cfb90c337df1943aebfee5d69dda5e77e%7C68d996c7-b731-4cfb-83c2-31d8b6f11bf1&AppEnvironment=datacollector-binary&UploadType=eteventstream] status=Processing
[2018.09.05-04.53.23:746][364]LogModuleManager: Shutting down and abandoning module SSL (60)
[2018.09.05-04.53.23:747][364]LogModuleManager: Shutting down and abandoning module MagicLeapEmulator (56)
[2018.09.05-04.53.23:747][364]LogModuleManager: Shutting down and abandoning module MagicLeapPrivileges (54)
[2018.09.05-04.53.23:747][364]LogModuleManager: Shutting down and abandoning module MagicLeapIdentity (52)
[2018.09.05-04.53.23:747][364]LogModuleManager: Shutting down and abandoning module MagicLeapHelperVulkan (50)
[2018.09.05-04.53.23:747][364]LogModuleManager: Shutting down and abandoning module MagicLeapHelperOpenGL (48)
[2018.09.05-04.53.23:747][364]LogModuleManager: Shutting down and abandoning module MagicLeapSecureStorage (46)
[2018.09.05-04.53.23:747][364]LogModuleManager: Shutting down and abandoning module MagicLeapGestures (44)
[2018.09.05-04.53.23:747][364]LogModuleManager: Shutting down and abandoning module MagicLeapEyeTracker (42)
[2018.09.05-04.53.23:747][364]LogModuleManager: Shutting down and abandoning module MagicLeapController (40)
[2018.09.05-04.53.23:748][364]LogSlate: Slate User Destroyed.  User Index 0, Is Virtual User: 0
[2018.09.05-04.53.23:748][364]LogModuleManager: Shutting down and abandoning module MagicLeap (38)
[2018.09.05-04.53.23:748][364]LogModuleManager: Shutting down and abandoning module AnimationModifiers (36)
[2018.09.05-04.53.23:748][364]LogModuleManager: Shutting down and abandoning module PropertyEditor (35)
[2018.09.05-04.53.23:748][364]LogModuleManager: Shutting down and abandoning module AudioEditor (32)
[2018.09.05-04.53.23:748][364]LogModuleManager: Shutting down and abandoning module TextureCompressor (30)
[2018.09.05-04.53.23:748][364]LogModuleManager: Shutting down and abandoning module ShaderCore (28)
[2018.09.05-04.53.23:748][364]LogModuleManager: Shutting down and abandoning module Landscape (26)
[2018.09.05-04.53.23:748][364]LogModuleManager: Shutting down and abandoning module SlateRHIRenderer (24)
[2018.09.05-04.53.23:748][364]LogModuleManager: Shutting down and abandoning module OpenGLDrv (22)
[2018.09.05-04.53.23:748][364]LogModuleManager: Shutting down and abandoning module D3D11RHI (20)
[2018.09.05-04.53.23:748][364]LogModuleManager: Shutting down and abandoning module AnimGraphRuntime (18)
[2018.09.05-04.53.23:748][364]LogModuleManager: Shutting down and abandoning module Renderer (16)
[2018.09.05-04.53.23:748][364]LogModuleManager: Shutting down and abandoning module Engine (14)
[2018.09.05-04.53.23:749][364]LogModuleManager: Shutting down and abandoning module CoreUObject (12)
[2018.09.05-04.53.23:749][364]LogModuleManager: Shutting down and abandoning module NetworkFile (10)
[2018.09.05-04.53.23:749][364]LogModuleManager: Shutting down and abandoning module CookedIterativeFile (8)
[2018.09.05-04.53.23:749][364]LogModuleManager: Shutting down and abandoning module StreamingFile (6)
[2018.09.05-04.53.23:749][364]LogModuleManager: Shutting down and abandoning module SandboxFile (4)
[2018.09.05-04.53.23:749][364]LogModuleManager: Shutting down and abandoning module PakFile (2)
[2018.09.05-04.53.23:757][364]LogExit: Exiting.
[2018.09.05-04.53.23:794][364]Log file closed, 09/04/18 22:53:23
