Log file open, 08/29/18 19:33:06
LogWindows: Failed to load 'aqProf.dll' (GetLastError=126)
LogWindows: File 'aqProf.dll' does not exist
LogWindows: Failed to load 'VtuneApi.dll' (GetLastError=126)
LogWindows: File 'VtuneApi.dll' does not exist
LogWindows: Failed to load 'VtuneApi32e.dll' (GetLastError=126)
LogWindows: File 'VtuneApi32e.dll' does not exist
LogInit: Display: Running engine for game: Lin_Pan_AP_ass2
LogPlatformFile: Not using cached read wrapper
LogInit: Display: RandInit(-1685329857) SRandInit(-1685329857).
LogInit: Read version file with build ID '3944462'
LogInit: Overriding engine version to CL 4033788, compatible CL 3944462
LogInit: Registered custom module enumerator with build ID '3944462'
LogTaskGraph: Started task graph with 5 named threads and 23 total threads with 3 sets of task threads.
LogStats: Stats thread started at 0.271946
LogD3D11RHI: Aftermath initialized
LogICUInternationalization: Display: ICU TimeZone Detection - Raw Offset: -7:00, Platform Override: ''
LogModuleManager: Display: Found up-to-date module file ../../../Engine/Plugins/2D/Paper2D/Binaries/Win64/UE4Editor-Paper2D.dll (API version 3944462).
LogModuleManager: Display: Found up-to-date module file ../../../Engine/Plugins/2D/Paper2D/Binaries/Win64/UE4Editor-Paper2DEditor.dll (API version 3944462).
LogModuleManager: Display: Found up-to-date module file ../../../Engine/Plugins/2D/Paper2D/Binaries/Win64/UE4Editor-PaperSpriteSheetImporter.dll (API version 3944462).
LogModuleManager: Display: Found up-to-date module file ../../../Engine/Plugins/2D/Paper2D/Binaries/Win64/UE4Editor-PaperTiledImporter.dll (API version 3944462).
LogModuleManager: Display: Found up-to-date module file ../../../Engine/Plugins/2D/Paper2D/Binaries/Win64/UE4Editor-SmartSnapping.dll (API version 3944462).
LogModuleManager: Display: Found up-to-date module file ../../../Engine/Plugins/Blendables/LightPropagationVolume/Binaries/Win64/UE4Editor-LightPropagationVolumeRuntime.dll (API version 3944462).
LogModuleManager: Display: Found up-to-date module file ../../../Engine/Plugins/Blendables/LightPropagationVolume/Binaries/Win64/UE4Editor-LightPropagationVolumeEditor.dll (API version 3944462).
LogModuleManager: Display: Found up-to-date module file ../../../Engine/Plugins/Developer/CLionSourceCodeAccess/Binaries/Win64/UE4Editor-CLionSourceCodeAccess.dll (API version 3944462).
LogModuleManager: Display: Found up-to-date module file ../../../Engine/Plugins/Developer/GitSourceControl/Binaries/Win64/UE4Editor-GitSourceControl.dll (API version 3944462).
LogModuleManager: Display: Found up-to-date module file ../../../Engine/Plugins/Developer/PerforceSourceControl/Binaries/Win64/UE4Editor-PerforceSourceControl.dll (API version 3944462).
LogModuleManager: Display: Found up-to-date module file ../../../Engine/Plugins/Developer/SubversionSourceControl/Binaries/Win64/UE4Editor-SubversionSourceControl.dll (API version 3944462).
LogModuleManager: Display: Found up-to-date module file ../../../Engine/Plugins/Developer/UObjectPlugin/Binaries/Win64/UE4Editor-UObjectPlugin.dll (API version 3944462).
LogModuleManager: Display: Found up-to-date module file ../../../Engine/Plugins/Developer/VisualStudioCodeSourceCodeAccess/Binaries/Win64/UE4Editor-VisualStudioCodeSourceCodeAccess.dll (API version 3944462).
LogModuleManager: Display: Found up-to-date module file ../../../Engine/Plugins/Developer/VisualStudioSourceCodeAccess/Binaries/Win64/UE4Editor-VisualStudioSourceCodeAccess.dll (API version 3944462).
LogModuleManager: Display: Found up-to-date module file ../../../Engine/Plugins/Editor/AssetManagerEditor/Binaries/Win64/UE4Editor-AssetManagerEditor.dll (API version 3944462).
LogModuleManager: Display: Found up-to-date module file ../../../Engine/Plugins/Editor/CryptoKeys/Binaries/Win64/UE4Editor-CryptoKeys.dll (API version 3944462).
LogModuleManager: Display: Found up-to-date module file ../../../Engine/Plugins/Editor/CryptoKeys/Binaries/Win64/UE4Editor-CryptoKeysOpenSSL.dll (API version 3944462).
LogModuleManager: Display: Found up-to-date module file ../../../Engine/Plugins/Editor/DataValidation/Binaries/Win64/UE4Editor-DataValidation.dll (API version 3944462).
LogModuleManager: Display: Found up-to-date module file ../../../Engine/Plugins/Editor/FacialAnimation/Binaries/Win64/UE4Editor-FacialAnimation.dll (API version 3944462).
LogModuleManager: Display: Found up-to-date module file ../../../Engine/Plugins/Editor/FacialAnimation/Binaries/Win64/UE4Editor-FacialAnimationEditor.dll (API version 3944462).
LogModuleManager: Display: Found up-to-date module file ../../../Engine/Plugins/Editor/GameplayTagsEditor/Binaries/Win64/UE4Editor-GameplayTagsEditor.dll (API version 3944462).
LogModuleManager: Display: Found up-to-date module file ../../../Engine/Plugins/Editor/MobileLauncherProfileWizard/Binaries/Win64/UE4Editor-MobileLauncherProfileWizard.dll (API version 3944462).
LogModuleManager: Display: Found up-to-date module file ../../../Engine/Plugins/Editor/PluginBrowser/Binaries/Win64/UE4Editor-PluginBrowser.dll (API version 3944462).
LogModuleManager: Display: Found up-to-date module file ../../../Engine/Plugins/Editor/SpeedTreeImporter/Binaries/Win64/UE4Editor-SpeedTreeImporter.dll (API version 3944462).
LogModuleManager: Display: Found up-to-date module file ../../../Engine/Plugins/Enterprise/DatasmithContent/Binaries/Win64/UE4Editor-DatasmithContent.dll (API version 3944462).
LogModuleManager: Display: Found up-to-date module file ../../../Engine/Plugins/Experimental/AlembicImporter/Binaries/Win64/UE4Editor-AlembicImporter.dll (API version 3944462).
LogModuleManager: Display: Found up-to-date module file ../../../Engine/Plugins/Experimental/AlembicImporter/Binaries/Win64/UE4Editor-AlembicLibrary.dll (API version 3944462).
LogModuleManager: Display: Found up-to-date module file ../../../Engine/Plugins/Experimental/CharacterAI/Binaries/Win64/UE4Editor-CharacterAI.dll (API version 3944462).
LogModuleManager: Display: Found up-to-date module file ../../../Engine/Plugins/Experimental/HTML5Networking/Binaries/Win64/UE4Editor-HTML5Networking.dll (API version 3944462).
LogModuleManager: Display: Found up-to-date module file ../../../Engine/Plugins/Media/AndroidMedia/Binaries/Win64/UE4Editor-AndroidMediaEditor.dll (API version 3944462).
LogModuleManager: Display: Found up-to-date module file ../../../Engine/Plugins/Media/AndroidMedia/Binaries/Win64/UE4Editor-AndroidMediaFactory.dll (API version 3944462).
LogModuleManager: Display: Found up-to-date module file ../../../Engine/Plugins/Media/AvfMedia/Binaries/Win64/UE4Editor-AvfMediaEditor.dll (API version 3944462).
LogModuleManager: Display: Found up-to-date module file ../../../Engine/Plugins/Media/AvfMedia/Binaries/Win64/UE4Editor-AvfMediaFactory.dll (API version 3944462).
LogModuleManager: Display: Found up-to-date module file ../../../Engine/Plugins/Media/AvfMedia/Binaries/Win64/UE4Editor-AvfMediaFactory.dll (API version 3944462).
LogModuleManager: Display: Found up-to-date module file ../../../Engine/Plugins/Media/ImgMedia/Binaries/Win64/UE4Editor-ImgMedia.dll (API version 3944462).
LogModuleManager: Display: Found up-to-date module file ../../../Engine/Plugins/Media/ImgMedia/Binaries/Win64/UE4Editor-ImgMediaEditor.dll (API version 3944462).
LogModuleManager: Display: Found up-to-date module file ../../../Engine/Plugins/Media/ImgMedia/Binaries/Win64/UE4Editor-ImgMediaFactory.dll (API version 3944462).
LogModuleManager: Display: Found up-to-date module file ../../../Engine/Plugins/Media/ImgMedia/Binaries/Win64/UE4Editor-ImgMediaFactory.dll (API version 3944462).
LogModuleManager: Display: Found up-to-date module file ../../../Engine/Plugins/Media/ImgMedia/Binaries/Win64/UE4Editor-OpenExrWrapper.dll (API version 3944462).
LogModuleManager: Display: Found up-to-date module file ../../../Engine/Plugins/Media/LinearTimecode/Binaries/Win64/UE4Editor-LinearTimecode.dll (API version 3944462).
LogModuleManager: Display: Found up-to-date module file ../../../Engine/Plugins/Media/MediaCompositing/Binaries/Win64/UE4Editor-MediaCompositing.dll (API version 3944462).
LogModuleManager: Display: Found up-to-date module file ../../../Engine/Plugins/Media/MediaCompositing/Binaries/Win64/UE4Editor-MediaCompositingEditor.dll (API version 3944462).
LogModuleManager: Display: Found up-to-date module file ../../../Engine/Plugins/Media/MediaPlayerEditor/Binaries/Win64/UE4Editor-MediaPlayerEditor.dll (API version 3944462).
LogModuleManager: Display: Found up-to-date module file ../../../Engine/Plugins/Media/WmfMedia/Binaries/Win64/UE4Editor-WmfMedia.dll (API version 3944462).
LogModuleManager: Display: Found up-to-date module file ../../../Engine/Plugins/Media/WmfMedia/Binaries/Win64/UE4Editor-WmfMediaEditor.dll (API version 3944462).
LogModuleManager: Display: Found up-to-date module file ../../../Engine/Plugins/Media/WmfMedia/Binaries/Win64/UE4Editor-WmfMediaFactory.dll (API version 3944462).
LogModuleManager: Display: Found up-to-date module file ../../../Engine/Plugins/Media/WmfMedia/Binaries/Win64/UE4Editor-WmfMediaFactory.dll (API version 3944462).
LogModuleManager: Display: Found up-to-date module file ../../../Engine/Plugins/Messaging/TcpMessaging/Binaries/Win64/UE4Editor-TcpMessaging.dll (API version 3944462).
LogModuleManager: Display: Found up-to-date module file ../../../Engine/Plugins/Messaging/UdpMessaging/Binaries/Win64/UE4Editor-UdpMessaging.dll (API version 3944462).
LogModuleManager: Display: Found up-to-date module file ../../../Engine/Plugins/MovieScene/ActorSequence/Binaries/Win64/UE4Editor-ActorSequence.dll (API version 3944462).
LogModuleManager: Display: Found up-to-date module file ../../../Engine/Plugins/MovieScene/LevelSequenceEditor/Binaries/Win64/UE4Editor-LevelSequenceEditor.dll (API version 3944462).
LogModuleManager: Display: Found up-to-date module file ../../../Engine/Plugins/MovieScene/MatineeToLevelSequence/Binaries/Win64/UE4Editor-MatineeToLevelSequence.dll (API version 3944462).
LogModuleManager: Display: Found up-to-date module file ../../../Engine/Plugins/NetcodeUnitTest/NetcodeUnitTest/Binaries/Win64/UE4Editor-NetcodeUnitTest.dll (API version 3944462).
LogModuleManager: Display: Found up-to-date module file ../../../Engine/Plugins/NetcodeUnitTest/NUTUnrealEngine4/Binaries/Win64/UE4Editor-NUTUnrealEngine4.dll (API version 3944462).
LogModuleManager: Display: Found up-to-date module file ../../../Engine/Plugins/Online/OnlineSubsystem/Binaries/Win64/UE4Editor-OnlineSubsystem.dll (API version 3944462).
LogModuleManager: Display: Found up-to-date module file ../../../Engine/Plugins/Runtime/AndroidPermission/Binaries/Win64/UE4Editor-AndroidPermission.dll (API version 3944462).
LogModuleManager: Display: Found up-to-date module file ../../../Engine/Plugins/Online/OnlineSubsystemNull/Binaries/Win64/UE4Editor-OnlineSubsystemNull.dll (API version 3944462).
LogModuleManager: Display: Found up-to-date module file ../../../Engine/Plugins/Online/OnlineSubsystemUtils/Binaries/Win64/UE4Editor-OnlineSubsystemUtils.dll (API version 3944462).
LogModuleManager: Display: Found up-to-date module file ../../../Engine/Plugins/Online/OnlineSubsystemUtils/Binaries/Win64/UE4Editor-OnlineBlueprintSupport.dll (API version 3944462).
LogModuleManager: Display: Found up-to-date module file ../../../Engine/Plugins/Runtime/AndroidDeviceProfileSelector/Binaries/Win64/UE4Editor-AndroidDeviceProfileSelector.dll (API version 3944462).
LogModuleManager: Display: Found up-to-date module file ../../../Engine/Plugins/Runtime/AppleARKit/Binaries/Win64/UE4Editor-AppleARKit.dll (API version 3944462).
LogModuleManager: Display: Found up-to-date module file ../../../Engine/Plugins/Runtime/ProceduralMeshComponent/Binaries/Win64/UE4Editor-ProceduralMeshComponent.dll (API version 3944462).
LogModuleManager: Display: Found up-to-date module file ../../../Engine/Plugins/Runtime/ProceduralMeshComponent/Binaries/Win64/UE4Editor-ProceduralMeshComponentEditor.dll (API version 3944462).
LogModuleManager: Display: Found up-to-date module file ../../../Engine/Plugins/Animation/LiveLink/Binaries/Win64/UE4Editor-LiveLink.dll (API version 3944462).
LogModuleManager: Display: Found up-to-date module file ../../../Engine/Plugins/Animation/LiveLink/Binaries/Win64/UE4Editor-LiveLinkEditor.dll (API version 3944462).
LogModuleManager: Display: Found up-to-date module file ../../../Engine/Plugins/Runtime/ArchVisCharacter/Binaries/Win64/UE4Editor-ArchVisCharacter.dll (API version 3944462).
LogModuleManager: Display: Found up-to-date module file ../../../Engine/Plugins/Runtime/AudioCapture/Binaries/Win64/UE4Editor-AudioCapture.dll (API version 3944462).
LogModuleManager: Display: Found up-to-date module file ../../../Engine/Plugins/Runtime/AudioCapture/Binaries/Win64/UE4Editor-AudioCaptureEditor.dll (API version 3944462).
LogModuleManager: Display: Found up-to-date module file ../../../Engine/Plugins/Runtime/CableComponent/Binaries/Win64/UE4Editor-CableComponent.dll (API version 3944462).
LogModuleManager: Display: Found up-to-date module file ../../../Engine/Plugins/Runtime/CustomMeshComponent/Binaries/Win64/UE4Editor-CustomMeshComponent.dll (API version 3944462).
LogModuleManager: Display: Found up-to-date module file ../../../Engine/Plugins/Runtime/ExampleDeviceProfileSelector/Binaries/Win64/UE4Editor-ExampleDeviceProfileSelector.dll (API version 3944462).
LogModuleManager: Display: Found up-to-date module file ../../../Engine/Plugins/Runtime/ImmediatePhysics/Binaries/Win64/UE4Editor-ImmediatePhysics.dll (API version 3944462).
LogModuleManager: Display: Found up-to-date module file ../../../Engine/Plugins/Runtime/ImmediatePhysics/Binaries/Win64/UE4Editor-ImmediatePhysicsEditor.dll (API version 3944462).
LogModuleManager: Display: Found up-to-date module file ../../../Engine/Plugins/Runtime/LocationServicesBPLibrary/Binaries/Win64/UE4Editor-LocationServicesBPLibrary.dll (API version 3944462).
LogModuleManager: Display: Found up-to-date module file ../../../Engine/Plugins/Runtime/MobilePatchingUtils/Binaries/Win64/UE4Editor-MobilePatchingUtils.dll (API version 3944462).
LogModuleManager: Display: Found up-to-date module file ../../../Engine/Plugins/Runtime/Oculus/OculusVR/Binaries/Win64/UE4Editor-OculusHMD.dll (API version 3944462).
LogModuleManager: Display: Found up-to-date module file ../../../Engine/Plugins/Runtime/Oculus/OculusVR/Binaries/Win64/UE4Editor-OculusInput.dll (API version 3944462).
LogModuleManager: Display: Found up-to-date module file ../../../Engine/Plugins/Runtime/Oculus/OculusVR/Binaries/Win64/UE4Editor-OculusEditor.dll (API version 3944462).
LogModuleManager: Display: Found up-to-date module file ../../../Engine/Plugins/Runtime/PhysXVehicles/Binaries/Win64/UE4Editor-PhysXVehicles.dll (API version 3944462).
LogModuleManager: Display: Found up-to-date module file ../../../Engine/Plugins/Runtime/PhysXVehicles/Binaries/Win64/UE4Editor-PhysXVehiclesEditor.dll (API version 3944462).
LogModuleManager: Display: Found up-to-date module file ../../../Engine/Plugins/Runtime/RuntimePhysXCooking/Binaries/Win64/UE4Editor-RuntimePhysXCooking.dll (API version 3944462).
LogModuleManager: Display: Found up-to-date module file ../../../Engine/Plugins/Runtime/Steam/SteamVR/Binaries/Win64/UE4Editor-SteamVR.dll (API version 3944462).
LogModuleManager: Display: Found up-to-date module file ../../../Engine/Plugins/Runtime/Steam/SteamVR/Binaries/Win64/UE4Editor-SteamVRController.dll (API version 3944462).
LogModuleManager: Display: Found up-to-date module file ../../../Engine/Plugins/Runtime/WindowsMoviePlayer/Binaries/Win64/UE4Editor-WindowsMoviePlayer.dll (API version 3944462).
LogPluginManager: Mounting plugin Paper2D
LogPluginManager: Mounting plugin LiveLink
LogPluginManager: Mounting plugin LightPropagationVolume
LogPluginManager: Mounting plugin CLionSourceCodeAccess
LogPluginManager: Mounting plugin CodeLiteSourceCodeAccess
LogPluginManager: Mounting plugin GitSourceControl
LogPluginManager: Mounting plugin KDevelopSourceCodeAccess
LogPluginManager: Mounting plugin NullSourceCodeAccess
LogPluginManager: Mounting plugin PerforceSourceControl
LogPluginManager: Mounting plugin SubversionSourceControl
LogPluginManager: Mounting plugin UObjectPlugin
LogPluginManager: Mounting plugin VisualStudioCodeSourceCodeAccess
LogPluginManager: Mounting plugin VisualStudioSourceCodeAccess
LogPluginManager: Mounting plugin XCodeSourceCodeAccess
LogPluginManager: Mounting plugin AssetManagerEditor
LogPluginManager: Mounting plugin CryptoKeys
LogPluginManager: Mounting plugin DataValidation
LogPluginManager: Mounting plugin FacialAnimation
LogPluginManager: Mounting plugin GameplayTagsEditor
LogPluginManager: Mounting plugin MobileLauncherProfileWizard
LogPluginManager: Mounting plugin PluginBrowser
LogPluginManager: Mounting plugin SpeedTreeImporter
LogPluginManager: Mounting plugin DatasmithContent
LogPluginManager: Mounting plugin AlembicImporter
LogPluginManager: Mounting plugin CharacterAI
LogPluginManager: Mounting plugin HTML5Networking
LogPluginManager: Mounting plugin AndroidMedia
LogPluginManager: Mounting plugin AvfMedia
LogPluginManager: Mounting plugin ImgMedia
LogPluginManager: Mounting plugin LinearTimecode
LogPluginManager: Mounting plugin MediaCompositing
LogPluginManager: Mounting plugin MediaPlayerEditor
LogPluginManager: Mounting plugin WmfMedia
LogPluginManager: Mounting plugin TcpMessaging
LogPluginManager: Mounting plugin UdpMessaging
LogPluginManager: Mounting plugin ActorSequence
LogPluginManager: Mounting plugin LevelSequenceEditor
LogPluginManager: Mounting plugin MatineeToLevelSequence
LogPluginManager: Mounting plugin NetcodeUnitTest
LogPluginManager: Mounting plugin NUTUnrealEngine4
LogPluginManager: Mounting plugin OnlineSubsystemGooglePlay
LogPluginManager: Mounting plugin OnlineSubsystemIOS
LogPluginManager: Mounting plugin OnlineSubsystem
LogPluginManager: Mounting plugin OnlineSubsystemNull
LogPluginManager: Mounting plugin OnlineSubsystemUtils
LogPluginManager: Mounting plugin AndroidDeviceProfileSelector
LogPluginManager: Mounting plugin AndroidMoviePlayer
LogPluginManager: Mounting plugin AndroidPermission
LogPluginManager: Mounting plugin AppleARKit
LogPluginManager: Mounting plugin AppleMoviePlayer
LogPluginManager: Mounting plugin ArchVisCharacter
LogPluginManager: Mounting plugin AudioCapture
LogPluginManager: Mounting plugin CableComponent
LogPluginManager: Mounting plugin CustomMeshComponent
LogPluginManager: Mounting plugin ExampleDeviceProfileSelector
LogPluginManager: Mounting plugin GoogleCloudMessaging
LogPluginManager: Mounting plugin ImmediatePhysics
LogPluginManager: Mounting plugin IOSDeviceProfileSelector
LogPluginManager: Mounting plugin LinuxDeviceProfileSelector
LogPluginManager: Mounting plugin LocationServicesBPLibrary
LogPluginManager: Mounting plugin MobilePatchingUtils
LogPluginManager: Mounting plugin OculusVR
LogPluginManager: Plugin shader directory ../../../Engine/Plugins/Runtime/Oculus/OculusVR/Shaders found
LogPluginManager: Mapping shader source directory ../../../Engine/Plugins/Runtime/Oculus/OculusVR/Shaders to virtual directory /Plugin/OculusVR
LogPluginManager: Mounting plugin PhysXVehicles
LogPluginManager: Mounting plugin ProceduralMeshComponent
LogPluginManager: Mounting plugin RuntimePhysXCooking
LogPluginManager: Mounting plugin SteamVR
LogPluginManager: Mounting plugin WindowsMoviePlayer
LogStreaming: Display: Took  0.975s to configure plugins.
LogInit: Using libcurl 7.47.1
LogInit:  - built for x86_64-pc-win32
LogInit:  - supports SSL with OpenSSL/1.0.2g
LogInit:  - supports HTTP deflate (compression) using libz 1.2.8
LogInit:  - other features:
LogInit:      CURL_VERSION_SSL
LogInit:      CURL_VERSION_LIBZ
LogInit:      CURL_VERSION_IPV6
LogInit:      CURL_VERSION_ASYNCHDNS
LogInit:      CURL_VERSION_LARGEFILE
LogInit:      CURL_VERSION_IDN
LogInit:  CurlRequestOptions (configurable via config and command line):
LogInit:  - bVerifyPeer = false  - Libcurl will NOT verify peer certificate
LogInit:  - bUseHttpProxy = false  - Libcurl will NOT use HTTP proxy
LogInit:  - bDontReuseConnections = false  - Libcurl will reuse connections
LogInit:  - CertBundlePath = nullptr  - Libcurl will use whatever was configured at build time.
LogInit:  - MaxHostConnections = 16  - Libcurl will limit the number of connections to a host
LogInit:  - LocalHostAddr = Default
LogInit: WinSock: version 1.1 (2.2), MaxSocks=32767, MaxUdp=65467
LogInit: WinSock: I am eae-n-029 (155.97.29.39:0)
LogInit: Build: ++UE4+Release-4.19-CL-4033788
LogInit: Engine Version: 4.19.2-4033788+++UE4+Release-4.19
LogInit: Compatible Engine Version: 4.19.0-3944462+++UE4+Release-4.19
LogInit: Net CL: 3944462
LogDevObjectVersion: Number of dev versions registered: 18
LogDevObjectVersion:   Dev-Blueprints (B0D832E4-1F89-4F0D-ACCF-7EB736FD4AA2): 10
LogDevObjectVersion:   Dev-Build (E1C64328-A22C-4D53-A36C-8E866417BD8C): 0
LogDevObjectVersion:   Dev-Core (375EC13C-06E4-48FB-B500-84F0262A717E): 2
LogDevObjectVersion:   Dev-Editor (E4B068ED-F494-42E9-A231-DA0B2E46BB41): 23
LogDevObjectVersion:   Dev-Framework (CFFC743F-43B0-4480-9391-14DF171D2073): 33
LogDevObjectVersion:   Dev-Mobile (B02B49B5-BB20-44E9-A304-32B752E40360): 2
LogDevObjectVersion:   Dev-Networking (A4E4105C-59A1-49B5-A7C5-40C4547EDFEE): 0
LogDevObjectVersion:   Dev-Online (39C831C9-5AE6-47DC-9A44-9C173E1C8E7C): 0
LogDevObjectVersion:   Dev-Physics (78F01B33-EBEA-4F98-B9B4-84EACCB95AA2): 0
LogDevObjectVersion:   Dev-Platform (6631380F-2D4D-43E0-8009-CF276956A95A): 0
LogDevObjectVersion:   Dev-Rendering (12F88B9F-8875-4AFC-A67C-D90C383ABD29): 25
LogDevObjectVersion:   Dev-Sequencer (7B5AE74C-D270-4C10-A958-57980B212A5A): 6
LogDevObjectVersion:   Dev-VR (D7296918-1DD6-4BDD-9DE2-64A83CC13884): 1
LogDevObjectVersion:   Dev-LoadTimes (C2A15278-BFE7-4AFE-6C17-90FF531DF755): 1
LogDevObjectVersion:   Private-Geometry (6EACA3D4-40EC-4CC1-B786-8BED09428FC5): 2
LogDevObjectVersion:   Dev-AnimPhys (29E575DD-E0A3-4627-9D10-D276232CDCEA): 16
LogDevObjectVersion:   Dev-ReflectionCapture (6B266CEC-1EC7-4B8F-A30B-E4D90942FC07): 1
LogDevObjectVersion:   Dev-Automation (0DF73D61-A23F-47EA-B727-89E90C41499A): 1
LogInit: Compiled (64-bit): Apr 27 2018 02:06:57
LogInit: Compiled with Visual C++: 19.00.24215.01
LogInit: Build Configuration: Development
LogInit: Branch Name: ++UE4+Release-4.19
LogInit: Command Line:  
LogInit: Base Directory: C:/Program Files/Epic Games/UE_4.19/Engine/Binaries/Win64/
LogInit: Installed Engine Build: 1
LogStreaming: Display: Took  0.001s to delete old logs.
LogInit: Presizing for max 8388607 objects, including 0 objects not considered by GC, pre-allocating 0 bytes for permanent pool.
LogInit: Object subsystem initialized
[2018.08.30-01.33.07:476][  0]LogInit: Selected Device Profile: [Windows]
[2018.08.30-01.33.07:476][  0]LogInit: Applying CVar settings loaded from the selected device profile: [Windows]
[2018.08.30-01.33.07:487][  0]LogInit: Computer: eae-n-029
[2018.08.30-01.33.07:487][  0]LogInit: User: u1213321
[2018.08.30-01.33.07:488][  0]LogInit: CPU Page size=4096, Cores=4
[2018.08.30-01.33.07:488][  0]LogInit: High frequency timer resolution =3.023438 MHz
[2018.08.30-01.33.07:488][  0]LogMemory: Memory total: Physical=15.9GB (16GB approx)
[2018.08.30-01.33.07:488][  0]LogMemory: Platform Memory Stats for Windows
[2018.08.30-01.33.07:488][  0]LogMemory: Process Physical Memory: 274.43 MB used, 274.43 MB peak
[2018.08.30-01.33.07:488][  0]LogMemory: Process Virtual Memory: 264.59 MB used, 264.59 MB peak
[2018.08.30-01.33.07:488][  0]LogMemory: Physical Memory: 6778.61 MB used,  9524.48 MB free, 16303.09 MB total
[2018.08.30-01.33.07:488][  0]LogMemory: Virtual Memory: 4790.53 MB used,  9524.48 MB free, 134217728.00 MB total
[2018.08.30-01.33.07:503][  0]LogInit: Using OS detected language (en-US).
[2018.08.30-01.33.07:503][  0]LogInit: Using OS detected locale (en-US).
[2018.08.30-01.33.07:506][  0]LogTextLocalizationManager: No specific localization for 'en-US' exists, so the 'en' localization will be used.
[2018.08.30-01.33.07:876][  0]LogStreaming: Display: Took  0.371s to EndInitTextLocalization.
[2018.08.30-01.33.07:876][  0]LogInit: Setting process to per monitor DPI aware
[2018.08.30-01.33.07:911][  0]LogSlate: New Slate User Created.  User Index 0, Is Virtual User: 0
[2018.08.30-01.33.07:911][  0]LogSlate: Slate User Registered.  User Index 0, Is Virtual User: 0
[2018.08.30-01.33.08:071][  0]LogD3D11RHI: D3D11 adapters:
[2018.08.30-01.33.08:102][  0]LogD3D11RHI:    0. 'Radeon RX Vega M GH Graphics' (Feature Level 11_0)
[2018.08.30-01.33.08:102][  0]LogD3D11RHI:       4042/0/8151 MB DedicatedVideo/DedicatedSystem/SharedSystem, Outputs:1, VendorId:0x1002
[2018.08.30-01.33.08:126][  0]LogD3D11RHI:    1. 'Intel(R) HD Graphics 630' (Feature Level 11_0)
[2018.08.30-01.33.08:126][  0]LogD3D11RHI:       128/0/8151 MB DedicatedVideo/DedicatedSystem/SharedSystem, Outputs:0, VendorId:0x8086
[2018.08.30-01.33.08:128][  0]LogD3D11RHI:    2. 'Microsoft Basic Render Driver' (Feature Level 11_0)
[2018.08.30-01.33.08:128][  0]LogD3D11RHI:       0/0/8151 MB DedicatedVideo/DedicatedSystem/SharedSystem, Outputs:0, VendorId:0x1414
[2018.08.30-01.33.08:128][  0]LogD3D11RHI: Chosen D3D11 Adapter: 0
[2018.08.30-01.33.08:135][  0]LogD3D11RHI: Creating new Direct3DDevice
[2018.08.30-01.33.08:135][  0]LogD3D11RHI:     GPU DeviceId: 0x694c (for the marketing name, search the web for "GPU Device Id")
[2018.08.30-01.33.08:135][  0]LogWindows: EnumDisplayDevices:
[2018.08.30-01.33.08:135][  0]LogWindows:    0. 'Radeon RX Vega M GH Graphics' (P:1 D:1)
[2018.08.30-01.33.08:135][  0]LogWindows:    1. 'Radeon RX Vega M GH Graphics' (P:0 D:0)
[2018.08.30-01.33.08:135][  0]LogWindows:    2. 'Radeon RX Vega M GH Graphics' (P:0 D:0)
[2018.08.30-01.33.08:136][  0]LogWindows:    3. 'Radeon RX Vega M GH Graphics' (P:0 D:0)
[2018.08.30-01.33.08:136][  0]LogWindows:    4. 'Radeon RX Vega M GH Graphics' (P:0 D:0)
[2018.08.30-01.33.08:136][  0]LogWindows:    5. 'Radeon RX Vega M GH Graphics' (P:0 D:0)
[2018.08.30-01.33.08:136][  0]LogWindows:    6. 'Radeon RX Vega M GH Graphics' (P:0 D:0)
[2018.08.30-01.33.08:136][  0]LogWindows:    7. 'Radeon RX Vega M GH Graphics' (P:0 D:0)
[2018.08.30-01.33.08:136][  0]LogWindows:    8. 'Radeon RX Vega M GH Graphics' (P:0 D:0)
[2018.08.30-01.33.08:137][  0]LogWindows:    9. 'Radeon RX Vega M GH Graphics' (P:0 D:0)
[2018.08.30-01.33.08:137][  0]LogWindows:    10. 'Radeon RX Vega M GH Graphics' (P:0 D:0)
[2018.08.30-01.33.08:137][  0]LogWindows:    11. 'Radeon RX Vega M GH Graphics' (P:0 D:0)
[2018.08.30-01.33.08:137][  0]LogWindows:    12. 'Radeon RX Vega M GH Graphics' (P:0 D:0)
[2018.08.30-01.33.08:137][  0]LogWindows:    13. 'Radeon RX Vega M GH Graphics' (P:0 D:0)
[2018.08.30-01.33.08:137][  0]LogWindows:    14. 'Radeon RX Vega M GH Graphics' (P:0 D:0)
[2018.08.30-01.33.08:137][  0]LogWindows:    15. 'Radeon RX Vega M GH Graphics' (P:0 D:0)
[2018.08.30-01.33.08:137][  0]LogWindows:    16. 'Intel(R) HD Graphics 630' (P:0 D:0)
[2018.08.30-01.33.08:138][  0]LogWindows:    17. 'Intel(R) HD Graphics 630' (P:0 D:0)
[2018.08.30-01.33.08:138][  0]LogWindows: DebugString: GetVideoDriverDetailsInvalid PrimaryIsNotTheChoosenAdapter GetVideoDriverDetailsInvalid PrimaryIsNotTheChoosenAdapter GetVideoDriverDetailsInvalid PrimaryIsNotTheChoosenAdapter GetVideoDriverDetailsInvalid PrimaryIsNotTheChoosenAdapter GetVideoDriverDetailsInvalid PrimaryIsNotTheChoosenAdapter GetVideoDriverDetailsInvalid PrimaryIsNotTheChoosenAdapter GetVideoDriverDetailsInvalid PrimaryIsNotTheChoosenAdapter GetVideoDriverDetailsInvalid PrimaryIsNotTheChoosenAdapter GetVideoDriverDetailsInvalid PrimaryIsNotTheChoosenAdapter GetVideoDriverDetailsInvalid PrimaryIsNotTheChoosenAdapter GetVideoDriverDetailsInvalid PrimaryIsNotTheChoosenAdapter GetVideoDriverDetailsInvalid PrimaryIsNotTheChoosenAdapter GetVideoDriverDetailsInvalid PrimaryIsNotTheChoosenAdapter GetVideoDriverDetailsInvalid PrimaryIsNotTheChoosenAdapter GetVideoDriverDetailsInvalid PrimaryIsNotTheChoosenAdapter GetVideoDriverDetailsInvalid PrimaryIsNotTheChoosenAdapter GetVideoDriverDetailsInvalid PrimaryIsNotTheChoosenAdapter GetVideoDriverDetailsInvalid PrimaryIsNotTheChoosenAdapter FoundDriverCount:0 
[2018.08.30-01.33.08:138][  0]LogD3D11RHI:     Adapter Name: Radeon RX Vega M GH Graphics
[2018.08.30-01.33.08:138][  0]LogD3D11RHI:   Driver Version: Unknown (internal:Unknown, unified:Unknown)
[2018.08.30-01.33.08:138][  0]LogD3D11RHI:      Driver Date: Unknown
[2018.08.30-01.33.08:138][  0]LogRHI: Texture pool is 2829 MB (70% of 4042 MB)
[2018.08.30-01.33.08:279][  0]LogD3D11RHI: Async texture creation enabled
[2018.08.30-01.33.08:290][  0]LogD3D11RHI: GPU Timing Frequency: 25.000000 (Debug: 2 1)
[2018.08.30-01.33.08:291][  0]LogShaderCompilers: Guid format shader working directory is -19 characters bigger than the processId version (../../../../../../Users/u1213321/Documents/GitHub/AP/Lin_Pan_AP_ass2/Intermediate/Shaders/WorkingDirectory/1064/).
[2018.08.30-01.33.08:291][  0]LogShaderCompilers: Cleaned the shader compiler working directory 'C:/Users/u1213321/AppData/Local/Temp/UnrealShaderWorkingDir/9F26EAD24F7070C9E7F7DBB06C3B5CEB/'.
[2018.08.30-01.33.08:470][  0]LogTemp: Display: Loaded TP AllDesktopTargetPlatform
[2018.08.30-01.33.08:481][  0]LogTemp: Display: Loaded TP MacClientTargetPlatform
[2018.08.30-01.33.08:494][  0]LogTemp: Display: Loaded TP MacNoEditorTargetPlatform
[2018.08.30-01.33.08:506][  0]LogTemp: Display: Loaded TP MacServerTargetPlatform
[2018.08.30-01.33.08:519][  0]LogTemp: Display: Loaded TP MacTargetPlatform
[2018.08.30-01.33.08:532][  0]LogTemp: Display: Loaded TP WindowsClientTargetPlatform
[2018.08.30-01.33.08:544][  0]LogTemp: Display: Loaded TP WindowsNoEditorTargetPlatform
[2018.08.30-01.33.08:557][  0]LogTemp: Display: Loaded TP WindowsServerTargetPlatform
[2018.08.30-01.33.08:564][  0]LogTemp: Display: Loaded TP WindowsTargetPlatform
[2018.08.30-01.33.08:574][  0]LogTemp: Display: Loaded TP Android_ASTCTargetPlatform
[2018.08.30-01.33.08:585][  0]LogTemp: Display: Loaded TP Android_ATCTargetPlatform
[2018.08.30-01.33.08:596][  0]LogTemp: Display: Loaded TP Android_DXTTargetPlatform
[2018.08.30-01.33.08:606][  0]LogTemp: Display: Loaded TP Android_ETC1aTargetPlatform
[2018.08.30-01.33.08:617][  0]LogTemp: Display: Loaded TP Android_ETC1TargetPlatform
[2018.08.30-01.33.08:627][  0]LogTemp: Display: Loaded TP Android_ETC2TargetPlatform
[2018.08.30-01.33.08:648][  0]LogTemp: Display: Loaded TP Android_MultiTargetPlatform
[2018.08.30-01.33.08:648][  0]LogTemp: Display: Loaded TP Android_PVRTCTargetPlatform
[2018.08.30-01.33.08:658][  0]LogTemp: Display: Loaded TP AndroidTargetPlatform
[2018.08.30-01.33.08:659][  0]LogTemp: Display: Loaded TP HTML5TargetPlatform
[2018.08.30-01.33.08:695][  0]LogTemp: Display: Loaded TP IOSTargetPlatform
[2018.08.30-01.33.08:704][  0]LogTemp: Display: Loaded TP TVOSTargetPlatform
[2018.08.30-01.33.08:715][  0]LogTemp: Display: Loaded TP LinuxClientTargetPlatform
[2018.08.30-01.33.08:725][  0]LogTemp: Display: Loaded TP LinuxNoEditorTargetPlatform
[2018.08.30-01.33.08:735][  0]LogTemp: Display: Loaded TP LinuxServerTargetPlatform
[2018.08.30-01.33.08:746][  0]LogTemp: Display: Loaded TP LinuxTargetPlatform
[2018.08.30-01.33.08:746][  0]LogTargetPlatformManager: Display: Building Assets For Windows
[2018.08.30-01.33.08:852][  0]LogXGEController: Cleaning working directory: C:/Users/u1213321/AppData/Local/Temp/UnrealXGEWorkingDir/
[2018.08.30-01.33.08:852][  0]LogXGEController: Cannot use XGE Controller as Incredibuild is not installed on this machine.
[2018.08.30-01.33.08:852][  0]LogShaderCompilers: Cannot use XGE Shader Compiler as Incredibuild is not installed on this machine.
[2018.08.30-01.33.08:852][  0]LogShaderCompilers: Display: Using Local Shader Compiler.
[2018.08.30-01.33.09:424][  0]LogDerivedDataCache: Display: Max Cache Size: 512 MB
[2018.08.30-01.33.09:493][  0]LogDerivedDataCache: Loaded boot cache 0.07s 74MB C:/Users/u1213321/AppData/Local/UnrealEngine/4.19/DerivedDataCache/Boot.ddc.
[2018.08.30-01.33.09:493][  0]LogDerivedDataCache: Display: Loaded Boot cache: C:/Users/u1213321/AppData/Local/UnrealEngine/4.19/DerivedDataCache/Boot.ddc
[2018.08.30-01.33.09:493][  0]LogDerivedDataCache: FDerivedDataBackendGraph:  Pak pak cache file ../../../../../../Users/u1213321/Documents/GitHub/AP/Lin_Pan_AP_ass2/DerivedDataCache/DDC.ddp not found, will not use a pak cache.
[2018.08.30-01.33.09:493][  0]LogDerivedDataCache: Unable to find inner node Pak for hierarchical cache Hierarchy.
[2018.08.30-01.33.09:493][  0]LogDerivedDataCache: FDerivedDataBackendGraph:  CompressedPak pak cache file ../../../../../../Users/u1213321/Documents/GitHub/AP/Lin_Pan_AP_ass2/DerivedDataCache/Compressed.ddp not found, will not use a pak cache.
[2018.08.30-01.33.09:493][  0]LogDerivedDataCache: Unable to find inner node CompressedPak for hierarchical cache Hierarchy.
[2018.08.30-01.33.09:507][  0]LogDerivedDataCache: Display: Pak cache opened for reading ../../../Engine/DerivedDataCache/Compressed.ddp.
[2018.08.30-01.33.09:519][  0]LogDerivedDataCache: Using Local data cache path C:/Users/u1213321/AppData/Local/UnrealEngine/Common/DerivedDataCache: Writable
[2018.08.30-01.33.09:519][  0]LogDerivedDataCache: Shared data cache path not found in *engine.ini, will not use an Shared cache.
[2018.08.30-01.33.09:519][  0]LogDerivedDataCache: Unable to find inner node Shared for hierarchical cache Hierarchy.
[2018.08.30-01.33.09:528][  0]LogMaterial: Verifying Global Shaders for PCD3D_SM5
[2018.08.30-01.33.09:529][  0]LogSlate: Using Freetype 2.6.0
[2018.08.30-01.33.09:529][  0]LogSlate: SlateFontCache - WITH_FREETYPE: 1, WITH_HARFBUZZ: 1
[2018.08.30-01.33.09:529][  0]LogSlate: SlateFontCache - WITH_FREETYPE: 1, WITH_HARFBUZZ: 1
[2018.08.30-01.33.09:640][  0]LogAssetRegistry: FAssetRegistry took 0.0253 seconds to start up
[2018.08.30-01.33.09:892][  0]LogInit: Selected Device Profile: [Windows]
[2018.08.30-01.33.10:022][  0]LogSimplygon: Simplygon DLL not present - disabling.
[2018.08.30-01.33.10:025][  0]LogMeshReduction: Using SimplygonSwarm for distributed automatic mesh merging
[2018.08.30-01.33.10:025][  0]LogMeshReduction: Using QuadricMeshReduction for automatic static mesh reduction
[2018.08.30-01.33.10:025][  0]LogMeshReduction: No automatic skeletal mesh reduction module available
[2018.08.30-01.33.10:025][  0]LogMeshReduction: No automatic mesh merging module available
[2018.08.30-01.33.10:025][  0]LogMeshMerging: No automatic mesh merging module available
[2018.08.30-01.33.10:055][  0]LogNetVersion: Lin_Pan_AP_ass2 , NetCL: 3944462, EngineNetVer: 2, GameNetVer: 0 (Checksum: 783528749)
[2018.08.30-01.33.10:453][  0]LogPackageLocalizationCache: Processed 9 localized package path(s) for 2 prioritized culture(s) in 0.067549 seconds
[2018.08.30-01.33.10:457][  0]LogUObjectArray: 36728 objects as part of root set at end of initial load.
[2018.08.30-01.33.10:457][  0]LogUObjectAllocator: 7314312 out of 0 bytes used by permanent object pool.
[2018.08.30-01.33.10:457][  0]LogUObjectArray: CloseDisregardForGC: 0/0 objects in disregard for GC pool
[2018.08.30-01.33.11:886][  0]LogTcpMessaging: Initializing TcpMessaging bridge
[2018.08.30-01.33.11:914][  0]LogUdpMessaging: Initializing bridge on interface 0.0.0.0:0 to multicast group 230.0.0.1:6666.
[2018.08.30-01.33.12:250][  0]SourceControl: Source control is disabled
[2018.08.30-01.33.12:250][  0]SourceControl: Source control is disabled
[2018.08.30-01.33.12:268][  0]SourceControl: Source control is disabled
[2018.08.30-01.33.12:284][  0]SourceControl: Source control is disabled
[2018.08.30-01.33.12:747][  0]LogAndroidPermission: UAndroidPermissionCallbackProxy::GetInstance
[2018.08.30-01.33.12:907][  0]LogOcInput: OculusInput pre-init called
[2018.08.30-01.33.13:009][  0]LogEngine: Initializing Engine...
[2018.08.30-01.33.13:010][  0]LogHMD: Failed to initialize OpenVR with code 110
[2018.08.30-01.33.13:011][  0]LogStats: UGameplayTagsManager::ConstructGameplayTagTree: Construct from data asset -  0.000 s
[2018.08.30-01.33.13:012][  0]LogStats: UGameplayTagsManager::ConstructGameplayTagTree: GameplayTagTreeChangedEvent.Broadcast -  0.000 s
[2018.08.30-01.33.13:218][  0]LogAIModule: Creating AISystem for world Untitled
[2018.08.30-01.33.13:247][  0]LogInit: XAudio2 using '5 - DELL UZ2315H (AMD High Definition Audio Device)' : 2 channels at 48 kHz using 16 bits per sample (channel mask 0x3)
[2018.08.30-01.33.13:270][  0]LogInit: FAudioDevice initialized.
[2018.08.30-01.33.13:356][  0]LogDerivedDataCache: Saved boot cache 0.09s 74MB C:/Users/u1213321/AppData/Local/UnrealEngine/4.19/DerivedDataCache/Boot.ddc.
[2018.08.30-01.33.13:373][  0]LogInit: Texture streaming: Enabled
[2018.08.30-01.33.13:392][  0]LogEngineSessionManager: EngineSessionManager initialized
[2018.08.30-01.33.13:392][  0]LogEngineSessionManager: EngineSessionManager sent abnormal shutdown report. Type=Crashed, SessionId={CDB2A3FC-489F-A3E9-25F5-13AE3D69B14A}
[2018.08.30-01.33.13:403][  0]LogInit: Transaction tracking system initialized
[2018.08.30-01.33.13:426][  0]BlueprintLog: New page: Editor Load
[2018.08.30-01.33.13:499][  0]LocalizationService: Localization service is disabled
[2018.08.30-01.33.13:589][  0]LogConsoleResponse: Display: 
[2018.08.30-01.33.13:731][  0]LogCook: Display: Max memory allowance for cook 16384mb min free memory 0mb
[2018.08.30-01.33.13:731][  0]LogCook: Display: Mobile HDR setting 1
[2018.08.30-01.33.13:731][  0]LogGameplayTags: Display: UGameplayTagsManager::DoneAddingNativeTags. DelegateIsBound: 0
[2018.08.30-01.33.13:731][  0]LogStats: UGameplayTagsManager::ConstructGameplayTagTree: Construct from data asset -  0.000 s
[2018.08.30-01.33.13:731][  0]LogStats: UGameplayTagsManager::ConstructGameplayTagTree: GameplayTagTreeChangedEvent.Broadcast -  0.000 s
[2018.08.30-01.33.14:098][  0]LogFileCache: Scanning file cache for directory 'C:/Users/u1213321/Documents/GitHub/AP/Lin_Pan_AP_ass2/Content/' took 0.01s
[2018.08.30-01.33.14:098][  0]SourceControl: Source control is disabled
[2018.08.30-01.33.14:098][  0]Cmd: MAP LOAD FILE="../../../../../../Users/u1213321/Documents/GitHub/AP/Lin_Pan_AP_ass2/Content/ThirdPersonBP/Maps/ThirdPersonExampleMap.umap" TEMPLATE=0 SHOWPROGRESS=1 FEATURELEVEL=3
[2018.08.30-01.33.14:099][  0]LightingResults: New page: Lighting Build
[2018.08.30-01.33.14:101][  0]MapCheck: New page: Map Check
[2018.08.30-01.33.14:101][  0]LightingResults: New page: Lighting Build
[2018.08.30-01.33.14:148][  0]LogUObjectGlobals: Created PersistentFrame Addr=0x0000027c6b916640, Size=64, Default__ThirdPerson_AnimBP_C Function /Game/Mannequin/Animations/ThirdPerson_AnimBP.ThirdPerson_AnimBP_C:ExecuteUbergraph_ThirdPerson_AnimBP
[2018.08.30-01.33.14:157][  0]LogUObjectGlobals: Destroyed PersistentFrame Addr=0x0000027c6b916640, Size=64
[2018.08.30-01.33.14:157][  0]LogUObjectGlobals: Created PersistentFrame Addr=0x0000027c6b916840, Size=64, Default__ThirdPerson_AnimBP_C Function /Engine/Transient.REINST_ThirdPerson_AnimBP_C_0:ExecuteUbergraph_ThirdPerson_AnimBP
[2018.08.30-01.33.14:163][  0]LogUObjectGlobals: Created PersistentFrame Addr=0x0000027c0d525cb0, Size=72, Default__ThirdPerson_AnimBP_C Function /Game/Mannequin/Animations/ThirdPerson_AnimBP.ThirdPerson_AnimBP_C:ExecuteUbergraph_ThirdPerson_AnimBP
[2018.08.30-01.33.14:196][  0]LogUObjectGlobals: Created PersistentFrame Addr=0x0000027c0d4c2840, Size=296, Default__ThirdPersonCharacter_C Function /Game/ThirdPersonBP/Blueprints/ThirdPersonCharacter.ThirdPersonCharacter_C:ExecuteUbergraph_ThirdPersonCharacter
[2018.08.30-01.33.14:201][  0]LogUObjectGlobals: Destroyed PersistentFrame Addr=0x0000027c0d4c2840, Size=296
[2018.08.30-01.33.14:201][  0]LogUObjectGlobals: Created PersistentFrame Addr=0x0000027c0d4c2840, Size=296, Default__ThirdPersonCharacter_C Function /Engine/Transient.REINST_ThirdPersonCharacter_C_4:ExecuteUbergraph_ThirdPersonCharacter
[2018.08.30-01.33.14:205][  0]LogUObjectGlobals: Created PersistentFrame Addr=0x0000027c0d4c1080, Size=296, Default__ThirdPersonCharacter_C Function /Game/ThirdPersonBP/Blueprints/ThirdPersonCharacter.ThirdPersonCharacter_C:ExecuteUbergraph_ThirdPersonCharacter
[2018.08.30-01.33.14:401][  0]LogSkeletalMesh: Skeletal Mesh found in DDC [11.161797ms] /Game/Mannequin/Character/Mesh/SK_Mannequin.SK_Mannequin
[2018.08.30-01.33.14:441][  0]LogAIModule: Creating AISystem for world ThirdPersonExampleMap
[2018.08.30-01.33.14:450][  0]LogEditorServer: Finished looking for orphan Actors (0.000 secs)
[2018.08.30-01.33.14:460][  0]LogUObjectGlobals: Destroyed PersistentFrame Addr=0x0000027c6b916840, Size=64
[2018.08.30-01.33.14:461][  0]LogUObjectGlobals: Destroyed PersistentFrame Addr=0x0000027c0d4c2840, Size=296
[2018.08.30-01.33.14:461][  0]Cmd: MAP CHECKDEP NOCLEARLOG
[2018.08.30-01.33.14:513][  0]MapCheck: Map check complete: 0 Error(s), 0 Warning(s), took 51.23ms to complete.
[2018.08.30-01.33.14:513][  0]LogFileHelpers: Loading map 'ThirdPersonExampleMap' took 0.415
[2018.08.30-01.33.14:656][  0]LogCollectionManager: Loaded 0 collections in 0.002162 seconds
[2018.08.30-01.33.14:701][  0]LogFileCache: Scanning file cache for directory 'C:/Users/u1213321/Documents/GitHub/AP/Lin_Pan_AP_ass2/Saved/Collections/' took 0.01s
[2018.08.30-01.33.14:701][  0]LogFileCache: Scanning file cache for directory 'C:/Users/u1213321/Documents/GitHub/AP/Lin_Pan_AP_ass2/Content/Developers/u1213321/Collections/' took 0.01s
[2018.08.30-01.33.14:701][  0]LogFileCache: Scanning file cache for directory 'C:/Users/u1213321/Documents/GitHub/AP/Lin_Pan_AP_ass2/Content/Collections/' took 0.01s
[2018.08.30-01.33.14:701][  0]LogCollectionManager: Rebuilt the GUID cache for 0 collections in 0.000000 seconds
[2018.08.30-01.33.14:709][  0]LogContentBrowser: Native class hierarchy populated in 0.0077 seconds. Added 2452 classes and 558 folders.
[2018.08.30-01.33.14:716][  0]LogContentBrowser: Native class hierarchy updated for 'WidgetCarousel' in 0.0002 seconds. Added 0 classes and 0 folders.
[2018.08.30-01.33.14:758][  0]LogContentBrowser: Native class hierarchy updated for 'AddContentDialog' in 0.0002 seconds. Added 0 classes and 0 folders.
[2018.08.30-01.33.14:763][  0]LogContentBrowser: Native class hierarchy updated for 'SceneOutliner' in 0.0002 seconds. Added 1 classes and 2 folders.
[2018.08.30-01.33.14:779][  0]LogSlate: Took 0.000293 seconds to synchronously load lazily loaded font '../../../Engine/Content/Slate/Fonts/Roboto-Regular.ttf' (155K)
[2018.08.30-01.33.14:782][  0]LogSlate: Took 0.000207 seconds to synchronously load lazily loaded font '../../../Engine/Content/Slate/Fonts/Roboto-Bold.ttf' (160K)
[2018.08.30-01.33.14:788][  0]LogSlate: Took 0.000404 seconds to synchronously load lazily loaded font '../../../Engine/Content/Editor/Slate/Fonts/FontAwesome.ttf' (139K)
[2018.08.30-01.33.14:872][  0]LogRenderer: Reallocating scene render targets to support 1208x576 Format 10 NumSamples 1 (Frame:1).
[2018.08.30-01.33.14:994][  0]LogSlate: FSceneViewport::OnFocusLost() reason 2
[2018.08.30-01.33.15:007][  0]LogSlate: Window 'Tutorials' being destroyed
[2018.08.30-01.33.15:038][  0]LogContentBrowser: Native class hierarchy updated for 'HierarchicalLODOutliner' in 0.0002 seconds. Added 0 classes and 0 folders.
[2018.08.30-01.33.15:039][  0]LogLoad: (Engine Initialization) Total time: 9.89 seconds
[2018.08.30-01.33.15:039][  0]LogLoad: (Engine Initialization) Total Blueprint compile time: 0.00 seconds
[2018.08.30-01.33.15:048][  0]LogWindowsTextInputMethodSystem: Display: IME system now deactivated.
[2018.08.30-01.33.15:065][  0]LogAssetRegistry: Asset discovery search completed in 5.4464 seconds
[2018.08.30-01.33.15:066][  0]LogCollectionManager: Rebuilt the object cache for 0 collections in 0.000000 seconds (found 0 objects)
[2018.08.30-01.33.15:066][  0]LogCollectionManager: Fixed up redirectors for 0 collections in 0.000061 seconds (updated 0 objects)
[2018.08.30-01.33.15:069][  0]LogContentStreaming: Texture pool size now 1000 MB
[2018.08.30-01.33.15:103][  0]LogSlate: Took 0.000198 seconds to synchronously load lazily loaded font '../../../Engine/Content/Slate/Fonts/Roboto-Light.ttf' (167K)
[2018.08.30-01.33.19:194][481]LogSlate: FSceneViewport::OnFocusLost() reason 0
[2018.08.30-01.34.24:777][771]LogSlate: FSceneViewport::OnFocusLost() reason 2
[2018.08.30-01.34.28:435][187]LogEditorViewport: Clicking on Actor (LMB): BP_Sky_Sphere_C (SkySphereBlueprint)
[2018.08.30-01.34.29:478][302]LogEditorViewport: Clicking on Actor (LMB): BP_Sky_Sphere_C (SkySphereBlueprint)
[2018.08.30-01.34.30:184][382]LogEditorViewport: Clicking on Actor (LMB): BP_Sky_Sphere_C (SkySphereBlueprint)
[2018.08.30-01.34.31:248][506]LogSlate: FSceneViewport::OnFocusLost() reason 2
[2018.08.30-01.34.33:881][819]LogSlate: FSceneViewport::OnFocusLost() reason 0
[2018.08.30-01.34.34:856][934]Cmd: CAMERA ALIGN ACTIVEVIEWPORTONLY
[2018.08.30-01.34.43:639][950]LogEditorViewport: Clicking Background
[2018.08.30-01.34.53:845][158]LogEditorViewport: Clicking on Actor (LMB): Brush (subtractivecylinder2)
[2018.08.30-01.34.55:108][296]LogSlate: FSceneViewport::OnFocusLost() reason 0
[2018.08.30-01.34.57:673][571]LogEditorViewport: Clicking Background
[2018.08.30-01.35.02:788][183]Cmd: TRANSACTION UNDO
[2018.08.30-01.35.02:788][183]LogEditorTransaction: Undo Clicking Background
[2018.08.30-01.35.02:805][183]LogSlate: Took 0.000177 seconds to synchronously load lazily loaded font '../../../Engine/Content/Slate/Fonts/Roboto-Light.ttf' (167K)
[2018.08.30-01.35.03:492][259]Cmd: TRANSACTION UNDO
[2018.08.30-01.35.03:492][259]LogEditorTransaction: Undo Modifier [Brush Clip]
[2018.08.30-01.35.03:496][259]LogActorComponent: ~FComponentReregisterContext: (/Game/ThirdPersonBP/Maps/ThirdPersonExampleMap.ThirdPersonExampleMap:PersistentLevel.15by15by2_brush6_23.BrushComponent0) Component already registered.
[2018.08.30-01.35.03:497][259]LogActorComponent: ~FComponentReregisterContext: (/Game/ThirdPersonBP/Maps/ThirdPersonExampleMap.ThirdPersonExampleMap:PersistentLevel.15by15by2_brush8_25.BrushComponent0) Component already registered.
[2018.08.30-01.35.03:497][259]LogActorComponent: ~FComponentReregisterContext: (/Game/ThirdPersonBP/Maps/ThirdPersonExampleMap.ThirdPersonExampleMap:PersistentLevel.15by15by2_brush7_24.BrushComponent0) Component already registered.
[2018.08.30-01.35.03:499][259]LogActorComponent: RegisterComponentWithWorld: (/Game/ThirdPersonBP/Maps/ThirdPersonExampleMap.ThirdPersonExampleMap:PersistentLevel.subtractivecylinder2_0.BrushComponent0) Trying to register component with IsPendingKill() == true. Aborting.
[2018.08.30-01.35.04:661][395]Cmd: TRANSACTION UNDO
[2018.08.30-01.35.04:661][395]LogEditorTransaction: Undo Clicking on Actors
[2018.08.30-01.35.05:257][466]Cmd: TRANSACTION UNDO
[2018.08.30-01.35.05:257][466]LogEditorTransaction: Undo Clicking Background
[2018.08.30-01.35.06:740][640]LogEditorViewport: Clicking Background
[2018.08.30-01.35.18:013][979]LogEditorViewport: Clicking on Actor (LMB): Brush (subtractivecylinder2)
[2018.08.30-01.35.18:920][ 73]LogSlate: FSceneViewport::OnFocusLost() reason 0
[2018.08.30-01.35.23:889][606]LogEditorViewport: Clicking Background
[2018.08.30-01.35.36:209][ 68]LogEditorViewport: Clicking Background
[2018.08.30-01.35.36:705][126]LogEditorViewport: Clicking Background
[2018.08.30-01.35.50:069][719]LogEditorViewport: Clicking Background
[2018.08.30-01.35.52:183][969]LogSlate: FSceneViewport::OnFocusLost() reason 2
[2018.08.30-01.35.52:717][ 32]LogEditorViewport: Clicking Background
[2018.08.30-01.36.02:359][183]LogEditorViewport: Clicking Background
[2018.08.30-01.36.02:958][254]LogEditorViewport: Clicking on Actor (LMB): Brush (subtractivecylinder4)
[2018.08.30-01.36.04:622][445]LogSlate: FSceneViewport::OnFocusLost() reason 0
[2018.08.30-01.36.07:754][785]LogEditorViewport: Clicking Background
[2018.08.30-01.36.10:309][ 89]Cmd: TRANSACTION UNDO
[2018.08.30-01.36.10:309][ 89]LogEditorTransaction: Undo Clicking Background
[2018.08.30-01.36.10:778][137]Cmd: TRANSACTION UNDO
[2018.08.30-01.36.10:778][137]LogEditorTransaction: Undo Modifier [Brush Clip]
[2018.08.30-01.36.10:781][137]LogActorComponent: ~FComponentReregisterContext: (/Game/ThirdPersonBP/Maps/ThirdPersonExampleMap.ThirdPersonExampleMap:PersistentLevel.15by15by2_brush7_24.BrushComponent0) Component already registered.
[2018.08.30-01.36.10:782][137]LogActorComponent: ~FComponentReregisterContext: (/Game/ThirdPersonBP/Maps/ThirdPersonExampleMap.ThirdPersonExampleMap:PersistentLevel.15by15by2_brush9_27.BrushComponent0) Component already registered.
[2018.08.30-01.36.10:784][137]LogActorComponent: RegisterComponentWithWorld: (/Game/ThirdPersonBP/Maps/ThirdPersonExampleMap.ThirdPersonExampleMap:PersistentLevel.subtractivecylinder4_3.BrushComponent0) Trying to register component with IsPendingKill() == true. Aborting.
[2018.08.30-01.36.12:075][280]LogEditorViewport: Clicking Background
[2018.08.30-01.36.14:721][594]LogSlate: FSceneViewport::OnFocusLost() reason 0
[2018.08.30-01.36.16:126][759]LogEditorViewport: Clicking on Actor (LMB): Brush (subtractivecylinder4)
[2018.08.30-01.36.17:331][893]LogSlate: FSceneViewport::OnFocusLost() reason 0
[2018.08.30-01.36.20:446][243]LogEditorViewport: Clicking on Actor (LMB): BP_Sky_Sphere_C (SkySphereBlueprint)
[2018.08.30-01.36.35:677][ 55]Cmd: TRANSACTION UNDO
[2018.08.30-01.36.35:677][ 55]LogEditorTransaction: Undo Clicking on Actors
[2018.08.30-01.36.36:370][127]Cmd: TRANSACTION UNDO
[2018.08.30-01.36.36:370][127]LogEditorTransaction: Undo Modifier [Brush Clip]
[2018.08.30-01.36.36:377][127]LogActorComponent: ~FComponentReregisterContext: (/Game/ThirdPersonBP/Maps/ThirdPersonExampleMap.ThirdPersonExampleMap:PersistentLevel.15by15by2_brush7_24.BrushComponent0) Component already registered.
[2018.08.30-01.36.36:378][127]LogActorComponent: ~FComponentReregisterContext: (/Game/ThirdPersonBP/Maps/ThirdPersonExampleMap.ThirdPersonExampleMap:PersistentLevel.15by15by2_brush9_27.BrushComponent0) Component already registered.
[2018.08.30-01.36.36:379][127]LogActorComponent: RegisterComponentWithWorld: (/Game/ThirdPersonBP/Maps/ThirdPersonExampleMap.ThirdPersonExampleMap:PersistentLevel.subtractivecylinder4_4.BrushComponent0) Trying to register component with IsPendingKill() == true. Aborting.
[2018.08.30-01.36.36:838][178]LogSlate: FSceneViewport::OnFocusLost() reason 2
[2018.08.30-01.37.00:853][941]LogSlate: FSceneViewport::OnFocusLost() reason 0
[2018.08.30-01.37.11:708][206]Cmd: SELECT NONE
[2018.08.30-01.40.17:681][696]LogSlate: FSceneViewport::OnFocusLost() reason 2
[2018.08.30-01.40.19:707][923]LogSavePackage: Save=93.13ms
[2018.08.30-01.40.19:707][923]LogSavePackage: Moving '../../../../../../Users/u1213321/Documents/GitHub/AP/Lin_Pan_AP_ass2/Saved/ThirdPersonExampleMapC4AEFDB9414EF80A0C92499E4F57E10E.tmp' to '../../../../../../Users/u1213321/Documents/GitHub/AP/Lin_Pan_AP_ass2/Content/ThirdPersonBP/Maps/ThirdPersonExampleMap.umap'
[2018.08.30-01.40.19:709][923]LogSavePackage: Display: Finished SavePackage ../../../../../../Users/u1213321/Documents/GitHub/AP/Lin_Pan_AP_ass2/Content/ThirdPersonBP/Maps/ThirdPersonExampleMap.umap
[2018.08.30-01.40.19:890][923]LogSavePackage: Save=153.09ms
[2018.08.30-01.40.19:890][923]LogSavePackage: Moving '../../../../../../Users/u1213321/Documents/GitHub/AP/Lin_Pan_AP_ass2/Saved/ThirdPersonExampleMap_BuiltData7C93C6ED4B5406BEE59DFDBC8EF91CFE.tmp' to '../../../../../../Users/u1213321/Documents/GitHub/AP/Lin_Pan_AP_ass2/Content/ThirdPersonBP/Maps/ThirdPersonExampleMap_BuiltData.uasset'
[2018.08.30-01.40.19:892][923]LogSavePackage: Display: Finished SavePackage ../../../../../../Users/u1213321/Documents/GitHub/AP/Lin_Pan_AP_ass2/Content/ThirdPersonBP/Maps/ThirdPersonExampleMap_BuiltData.uasset
